[2025-01-24T00:22:14.940+0000] {processor.py:186} INFO - Started process (PID=62) to work on /opt/airflow/dags/nasa_dag.py
[2025-01-24T00:22:14.942+0000] {processor.py:914} INFO - Processing file /opt/airflow/dags/nasa_dag.py for tasks to queue
[2025-01-24T00:22:14.946+0000] {logging_mixin.py:190} INFO - [2025-01-24T00:22:14.945+0000] {dagbag.py:588} INFO - Filling up the DagBag from /opt/airflow/dags/nasa_dag.py
[2025-01-24T00:22:15.045+0000] {logging_mixin.py:190} INFO - [2025-01-24T00:22:15.034+0000] {dagbag.py:387} ERROR - Failed to import: /opt/airflow/dags/nasa_dag.py
Traceback (most recent call last):
  File "/home/airflow/.local/lib/python3.12/site-packages/airflow/models/dagbag.py", line 383, in parse
    loader.exec_module(new_module)
  File "<frozen importlib._bootstrap_external>", line 995, in exec_module
  File "<frozen importlib._bootstrap>", line 488, in _call_with_frames_removed
  File "/opt/airflow/dags/nasa_dag.py", line 83, in <module>
    data=load_data,
         ^^^^^^^^^
NameError: name 'load_data' is not defined
[2025-01-24T00:22:15.052+0000] {processor.py:927} WARNING - No viable dags retrieved from /opt/airflow/dags/nasa_dag.py
[2025-01-24T00:22:15.081+0000] {processor.py:208} INFO - Processing /opt/airflow/dags/nasa_dag.py took 0.147 seconds
[2025-01-24T00:22:45.289+0000] {processor.py:186} INFO - Started process (PID=69) to work on /opt/airflow/dags/nasa_dag.py
[2025-01-24T00:22:45.290+0000] {processor.py:914} INFO - Processing file /opt/airflow/dags/nasa_dag.py for tasks to queue
[2025-01-24T00:22:45.292+0000] {logging_mixin.py:190} INFO - [2025-01-24T00:22:45.292+0000] {dagbag.py:588} INFO - Filling up the DagBag from /opt/airflow/dags/nasa_dag.py
[2025-01-24T00:22:45.332+0000] {logging_mixin.py:190} INFO - [2025-01-24T00:22:45.324+0000] {dagbag.py:387} ERROR - Failed to import: /opt/airflow/dags/nasa_dag.py
Traceback (most recent call last):
  File "/home/airflow/.local/lib/python3.12/site-packages/airflow/models/dagbag.py", line 383, in parse
    loader.exec_module(new_module)
  File "<frozen importlib._bootstrap_external>", line 995, in exec_module
  File "<frozen importlib._bootstrap>", line 488, in _call_with_frames_removed
  File "/opt/airflow/dags/nasa_dag.py", line 83, in <module>
    data=load_data,
         ^^^^^^^^^
NameError: name 'load_data' is not defined
[2025-01-24T00:22:45.336+0000] {processor.py:927} WARNING - No viable dags retrieved from /opt/airflow/dags/nasa_dag.py
[2025-01-24T00:22:45.350+0000] {processor.py:208} INFO - Processing /opt/airflow/dags/nasa_dag.py took 0.066 seconds
[2025-01-24T00:23:15.565+0000] {processor.py:186} INFO - Started process (PID=76) to work on /opt/airflow/dags/nasa_dag.py
[2025-01-24T00:23:15.566+0000] {processor.py:914} INFO - Processing file /opt/airflow/dags/nasa_dag.py for tasks to queue
[2025-01-24T00:23:15.567+0000] {logging_mixin.py:190} INFO - [2025-01-24T00:23:15.567+0000] {dagbag.py:588} INFO - Filling up the DagBag from /opt/airflow/dags/nasa_dag.py
[2025-01-24T00:23:15.603+0000] {logging_mixin.py:190} INFO - [2025-01-24T00:23:15.598+0000] {dagbag.py:387} ERROR - Failed to import: /opt/airflow/dags/nasa_dag.py
Traceback (most recent call last):
  File "/home/airflow/.local/lib/python3.12/site-packages/airflow/models/dagbag.py", line 383, in parse
    loader.exec_module(new_module)
  File "<frozen importlib._bootstrap_external>", line 995, in exec_module
  File "<frozen importlib._bootstrap>", line 488, in _call_with_frames_removed
  File "/opt/airflow/dags/nasa_dag.py", line 83, in <module>
    data=load_data,
         ^^^^^^^^^
NameError: name 'load_data' is not defined
[2025-01-24T00:23:15.607+0000] {processor.py:927} WARNING - No viable dags retrieved from /opt/airflow/dags/nasa_dag.py
[2025-01-24T00:23:15.628+0000] {processor.py:208} INFO - Processing /opt/airflow/dags/nasa_dag.py took 0.072 seconds
[2025-01-24T00:23:45.847+0000] {processor.py:186} INFO - Started process (PID=83) to work on /opt/airflow/dags/nasa_dag.py
[2025-01-24T00:23:45.848+0000] {processor.py:914} INFO - Processing file /opt/airflow/dags/nasa_dag.py for tasks to queue
[2025-01-24T00:23:45.849+0000] {logging_mixin.py:190} INFO - [2025-01-24T00:23:45.849+0000] {dagbag.py:588} INFO - Filling up the DagBag from /opt/airflow/dags/nasa_dag.py
[2025-01-24T00:23:45.886+0000] {logging_mixin.py:190} INFO - [2025-01-24T00:23:45.880+0000] {dagbag.py:387} ERROR - Failed to import: /opt/airflow/dags/nasa_dag.py
Traceback (most recent call last):
  File "/home/airflow/.local/lib/python3.12/site-packages/airflow/models/dagbag.py", line 383, in parse
    loader.exec_module(new_module)
  File "<frozen importlib._bootstrap_external>", line 995, in exec_module
  File "<frozen importlib._bootstrap>", line 488, in _call_with_frames_removed
  File "/opt/airflow/dags/nasa_dag.py", line 83, in <module>
    data=load_data,
         ^^^^^^^^^
NameError: name 'load_data' is not defined
[2025-01-24T00:23:45.890+0000] {processor.py:927} WARNING - No viable dags retrieved from /opt/airflow/dags/nasa_dag.py
[2025-01-24T00:23:45.904+0000] {processor.py:208} INFO - Processing /opt/airflow/dags/nasa_dag.py took 0.062 seconds
[2025-01-24T00:24:16.169+0000] {processor.py:186} INFO - Started process (PID=90) to work on /opt/airflow/dags/nasa_dag.py
[2025-01-24T00:24:16.170+0000] {processor.py:914} INFO - Processing file /opt/airflow/dags/nasa_dag.py for tasks to queue
[2025-01-24T00:24:16.172+0000] {logging_mixin.py:190} INFO - [2025-01-24T00:24:16.172+0000] {dagbag.py:588} INFO - Filling up the DagBag from /opt/airflow/dags/nasa_dag.py
[2025-01-24T00:24:16.197+0000] {logging_mixin.py:190} INFO - [2025-01-24T00:24:16.191+0000] {dagbag.py:387} ERROR - Failed to import: /opt/airflow/dags/nasa_dag.py
Traceback (most recent call last):
  File "/home/airflow/.local/lib/python3.12/site-packages/airflow/models/dagbag.py", line 383, in parse
    loader.exec_module(new_module)
  File "<frozen importlib._bootstrap_external>", line 995, in exec_module
  File "<frozen importlib._bootstrap>", line 488, in _call_with_frames_removed
  File "/opt/airflow/dags/nasa_dag.py", line 83, in <module>
    data=load_data,
         ^^^^^^^^^
NameError: name 'load_data' is not defined
[2025-01-24T00:24:16.200+0000] {processor.py:927} WARNING - No viable dags retrieved from /opt/airflow/dags/nasa_dag.py
[2025-01-24T00:24:16.212+0000] {processor.py:208} INFO - Processing /opt/airflow/dags/nasa_dag.py took 0.047 seconds
[2025-01-24T00:24:46.506+0000] {processor.py:186} INFO - Started process (PID=97) to work on /opt/airflow/dags/nasa_dag.py
[2025-01-24T00:24:46.507+0000] {processor.py:914} INFO - Processing file /opt/airflow/dags/nasa_dag.py for tasks to queue
[2025-01-24T00:24:46.508+0000] {logging_mixin.py:190} INFO - [2025-01-24T00:24:46.508+0000] {dagbag.py:588} INFO - Filling up the DagBag from /opt/airflow/dags/nasa_dag.py
[2025-01-24T00:24:46.537+0000] {logging_mixin.py:190} INFO - [2025-01-24T00:24:46.533+0000] {dagbag.py:387} ERROR - Failed to import: /opt/airflow/dags/nasa_dag.py
Traceback (most recent call last):
  File "/home/airflow/.local/lib/python3.12/site-packages/airflow/models/dagbag.py", line 383, in parse
    loader.exec_module(new_module)
  File "<frozen importlib._bootstrap_external>", line 995, in exec_module
  File "<frozen importlib._bootstrap>", line 488, in _call_with_frames_removed
  File "/opt/airflow/dags/nasa_dag.py", line 83, in <module>
    data=load_data,
         ^^^^^^^^^
NameError: name 'load_data' is not defined
[2025-01-24T00:24:46.541+0000] {processor.py:927} WARNING - No viable dags retrieved from /opt/airflow/dags/nasa_dag.py
[2025-01-24T00:24:46.558+0000] {processor.py:208} INFO - Processing /opt/airflow/dags/nasa_dag.py took 0.056 seconds
[2025-01-24T00:25:13.737+0000] {processor.py:186} INFO - Started process (PID=104) to work on /opt/airflow/dags/nasa_dag.py
[2025-01-24T00:25:13.738+0000] {processor.py:914} INFO - Processing file /opt/airflow/dags/nasa_dag.py for tasks to queue
[2025-01-24T00:25:13.739+0000] {logging_mixin.py:190} INFO - [2025-01-24T00:25:13.738+0000] {dagbag.py:588} INFO - Filling up the DagBag from /opt/airflow/dags/nasa_dag.py
[2025-01-24T00:25:13.772+0000] {logging_mixin.py:190} INFO - [2025-01-24T00:25:13.767+0000] {dagbag.py:387} ERROR - Failed to import: /opt/airflow/dags/nasa_dag.py
Traceback (most recent call last):
  File "/home/airflow/.local/lib/python3.12/site-packages/airflow/models/dagbag.py", line 383, in parse
    loader.exec_module(new_module)
  File "<frozen importlib._bootstrap_external>", line 995, in exec_module
  File "<frozen importlib._bootstrap>", line 488, in _call_with_frames_removed
  File "/opt/airflow/dags/nasa_dag.py", line 83, in <module>
    data={load_data},
          ^^^^^^^^^
NameError: name 'load_data' is not defined
[2025-01-24T00:25:13.776+0000] {processor.py:927} WARNING - No viable dags retrieved from /opt/airflow/dags/nasa_dag.py
[2025-01-24T00:25:13.790+0000] {processor.py:208} INFO - Processing /opt/airflow/dags/nasa_dag.py took 0.058 seconds
[2025-01-24T00:25:15.802+0000] {processor.py:186} INFO - Started process (PID=105) to work on /opt/airflow/dags/nasa_dag.py
[2025-01-24T00:25:15.802+0000] {processor.py:914} INFO - Processing file /opt/airflow/dags/nasa_dag.py for tasks to queue
[2025-01-24T00:25:15.804+0000] {logging_mixin.py:190} INFO - [2025-01-24T00:25:15.803+0000] {dagbag.py:588} INFO - Filling up the DagBag from /opt/airflow/dags/nasa_dag.py
[2025-01-24T00:25:15.814+0000] {logging_mixin.py:190} INFO - [2025-01-24T00:25:15.813+0000] {dagbag.py:387} ERROR - Failed to import: /opt/airflow/dags/nasa_dag.py
Traceback (most recent call last):
  File "/home/airflow/.local/lib/python3.12/site-packages/airflow/models/dagbag.py", line 383, in parse
    loader.exec_module(new_module)
  File "<frozen importlib._bootstrap_external>", line 991, in exec_module
  File "<frozen importlib._bootstrap_external>", line 1129, in get_code
  File "<frozen importlib._bootstrap_external>", line 1059, in source_to_code
  File "<frozen importlib._bootstrap>", line 488, in _call_with_frames_removed
  File "/opt/airflow/dags/nasa_dag.py", line 83
    data=},
         ^
SyntaxError: closing parenthesis '}' does not match opening parenthesis '(' on line 77
[2025-01-24T00:25:15.815+0000] {processor.py:927} WARNING - No viable dags retrieved from /opt/airflow/dags/nasa_dag.py
[2025-01-24T00:25:15.827+0000] {processor.py:208} INFO - Processing /opt/airflow/dags/nasa_dag.py took 0.029 seconds
[2025-01-24T00:25:16.869+0000] {processor.py:186} INFO - Started process (PID=106) to work on /opt/airflow/dags/nasa_dag.py
[2025-01-24T00:25:16.870+0000] {processor.py:914} INFO - Processing file /opt/airflow/dags/nasa_dag.py for tasks to queue
[2025-01-24T00:25:16.871+0000] {logging_mixin.py:190} INFO - [2025-01-24T00:25:16.871+0000] {dagbag.py:588} INFO - Filling up the DagBag from /opt/airflow/dags/nasa_dag.py
[2025-01-24T00:25:16.883+0000] {logging_mixin.py:190} INFO - [2025-01-24T00:25:16.883+0000] {dagbag.py:387} ERROR - Failed to import: /opt/airflow/dags/nasa_dag.py
Traceback (most recent call last):
  File "/home/airflow/.local/lib/python3.12/site-packages/airflow/models/dagbag.py", line 383, in parse
    loader.exec_module(new_module)
  File "<frozen importlib._bootstrap_external>", line 991, in exec_module
  File "<frozen importlib._bootstrap_external>", line 1129, in get_code
  File "<frozen importlib._bootstrap_external>", line 1059, in source_to_code
  File "<frozen importlib._bootstrap>", line 488, in _call_with_frames_removed
  File "/opt/airflow/dags/nasa_dag.py", line 83
    data={}},
           ^
SyntaxError: closing parenthesis '}' does not match opening parenthesis '(' on line 77
[2025-01-24T00:25:16.884+0000] {processor.py:927} WARNING - No viable dags retrieved from /opt/airflow/dags/nasa_dag.py
[2025-01-24T00:25:16.897+0000] {processor.py:208} INFO - Processing /opt/airflow/dags/nasa_dag.py took 0.032 seconds
[2025-01-24T00:25:18.915+0000] {processor.py:186} INFO - Started process (PID=113) to work on /opt/airflow/dags/nasa_dag.py
[2025-01-24T00:25:18.916+0000] {processor.py:914} INFO - Processing file /opt/airflow/dags/nasa_dag.py for tasks to queue
[2025-01-24T00:25:18.917+0000] {logging_mixin.py:190} INFO - [2025-01-24T00:25:18.917+0000] {dagbag.py:588} INFO - Filling up the DagBag from /opt/airflow/dags/nasa_dag.py
[2025-01-24T00:25:18.953+0000] {processor.py:925} INFO - DAG(s) 'nasa_dag' retrieved from /opt/airflow/dags/nasa_dag.py
[2025-01-24T00:25:19.140+0000] {logging_mixin.py:190} INFO - [2025-01-24T00:25:19.140+0000] {dag.py:3239} INFO - Sync 1 DAGs
[2025-01-24T00:25:19.174+0000] {processor.py:208} INFO - Processing /opt/airflow/dags/nasa_dag.py took 0.263 seconds
[2025-01-24T00:25:25.266+0000] {processor.py:186} INFO - Started process (PID=114) to work on /opt/airflow/dags/nasa_dag.py
[2025-01-24T00:25:25.267+0000] {processor.py:914} INFO - Processing file /opt/airflow/dags/nasa_dag.py for tasks to queue
[2025-01-24T00:25:25.268+0000] {logging_mixin.py:190} INFO - [2025-01-24T00:25:25.268+0000] {dagbag.py:588} INFO - Filling up the DagBag from /opt/airflow/dags/nasa_dag.py
[2025-01-24T00:25:25.282+0000] {logging_mixin.py:190} INFO - [2025-01-24T00:25:25.281+0000] {dagbag.py:387} ERROR - Failed to import: /opt/airflow/dags/nasa_dag.py
Traceback (most recent call last):
  File "/home/airflow/.local/lib/python3.12/site-packages/airflow/models/dagbag.py", line 383, in parse
    loader.exec_module(new_module)
  File "<frozen importlib._bootstrap_external>", line 991, in exec_module
  File "<frozen importlib._bootstrap_external>", line 1129, in get_code
  File "<frozen importlib._bootstrap_external>", line 1059, in source_to_code
  File "<frozen importlib._bootstrap>", line 488, in _call_with_frames_removed
  File "/opt/airflow/dags/nasa_dag.py", line 83
    data={name:},
              ^
SyntaxError: expression expected after dictionary key and ':'
[2025-01-24T00:25:25.283+0000] {processor.py:927} WARNING - No viable dags retrieved from /opt/airflow/dags/nasa_dag.py
[2025-01-24T00:25:25.300+0000] {processor.py:208} INFO - Processing /opt/airflow/dags/nasa_dag.py took 0.040 seconds
[2025-01-24T00:25:32.349+0000] {processor.py:186} INFO - Started process (PID=115) to work on /opt/airflow/dags/nasa_dag.py
[2025-01-24T00:25:32.351+0000] {processor.py:914} INFO - Processing file /opt/airflow/dags/nasa_dag.py for tasks to queue
[2025-01-24T00:25:32.353+0000] {logging_mixin.py:190} INFO - [2025-01-24T00:25:32.352+0000] {dagbag.py:588} INFO - Filling up the DagBag from /opt/airflow/dags/nasa_dag.py
[2025-01-24T00:25:32.394+0000] {logging_mixin.py:190} INFO - [2025-01-24T00:25:32.390+0000] {dagbag.py:387} ERROR - Failed to import: /opt/airflow/dags/nasa_dag.py
Traceback (most recent call last):
  File "/home/airflow/.local/lib/python3.12/site-packages/airflow/models/dagbag.py", line 383, in parse
    loader.exec_module(new_module)
  File "<frozen importlib._bootstrap_external>", line 995, in exec_module
  File "<frozen importlib._bootstrap>", line 488, in _call_with_frames_removed
  File "/opt/airflow/dags/nasa_dag.py", line 83, in <module>
    data={name:"camilo"},
          ^^^^
NameError: name 'name' is not defined
[2025-01-24T00:25:32.396+0000] {processor.py:927} WARNING - No viable dags retrieved from /opt/airflow/dags/nasa_dag.py
[2025-01-24T00:25:32.410+0000] {processor.py:208} INFO - Processing /opt/airflow/dags/nasa_dag.py took 0.067 seconds
[2025-01-24T00:25:35.420+0000] {processor.py:186} INFO - Started process (PID=116) to work on /opt/airflow/dags/nasa_dag.py
[2025-01-24T00:25:35.421+0000] {processor.py:914} INFO - Processing file /opt/airflow/dags/nasa_dag.py for tasks to queue
[2025-01-24T00:25:35.422+0000] {logging_mixin.py:190} INFO - [2025-01-24T00:25:35.422+0000] {dagbag.py:588} INFO - Filling up the DagBag from /opt/airflow/dags/nasa_dag.py
[2025-01-24T00:25:35.435+0000] {logging_mixin.py:190} INFO - [2025-01-24T00:25:35.433+0000] {dagbag.py:387} ERROR - Failed to import: /opt/airflow/dags/nasa_dag.py
Traceback (most recent call last):
  File "/home/airflow/.local/lib/python3.12/site-packages/airflow/models/dagbag.py", line 383, in parse
    loader.exec_module(new_module)
  File "<frozen importlib._bootstrap_external>", line 991, in exec_module
  File "<frozen importlib._bootstrap_external>", line 1129, in get_code
  File "<frozen importlib._bootstrap_external>", line 1059, in source_to_code
  File "<frozen importlib._bootstrap>", line 488, in _call_with_frames_removed
  File "/opt/airflow/dags/nasa_dag.py", line 83
    data={"name:"camilo"},
                       ^
SyntaxError: unterminated string literal (detected at line 83)
[2025-01-24T00:25:35.436+0000] {processor.py:927} WARNING - No viable dags retrieved from /opt/airflow/dags/nasa_dag.py
[2025-01-24T00:25:35.465+0000] {processor.py:208} INFO - Processing /opt/airflow/dags/nasa_dag.py took 0.051 seconds
[2025-01-24T00:25:39.511+0000] {processor.py:186} INFO - Started process (PID=117) to work on /opt/airflow/dags/nasa_dag.py
[2025-01-24T00:25:39.511+0000] {processor.py:914} INFO - Processing file /opt/airflow/dags/nasa_dag.py for tasks to queue
[2025-01-24T00:25:39.513+0000] {logging_mixin.py:190} INFO - [2025-01-24T00:25:39.513+0000] {dagbag.py:588} INFO - Filling up the DagBag from /opt/airflow/dags/nasa_dag.py
[2025-01-24T00:25:39.550+0000] {processor.py:925} INFO - DAG(s) 'nasa_dag' retrieved from /opt/airflow/dags/nasa_dag.py
[2025-01-24T00:25:39.558+0000] {logging_mixin.py:190} INFO - [2025-01-24T00:25:39.557+0000] {dag.py:3239} INFO - Sync 1 DAGs
[2025-01-24T00:25:39.589+0000] {processor.py:208} INFO - Processing /opt/airflow/dags/nasa_dag.py took 0.082 seconds
[2025-01-24T00:25:45.605+0000] {processor.py:186} INFO - Started process (PID=118) to work on /opt/airflow/dags/nasa_dag.py
[2025-01-24T00:25:45.607+0000] {processor.py:914} INFO - Processing file /opt/airflow/dags/nasa_dag.py for tasks to queue
[2025-01-24T00:25:45.608+0000] {logging_mixin.py:190} INFO - [2025-01-24T00:25:45.608+0000] {dagbag.py:588} INFO - Filling up the DagBag from /opt/airflow/dags/nasa_dag.py
[2025-01-24T00:25:45.632+0000] {logging_mixin.py:190} INFO - [2025-01-24T00:25:45.631+0000] {dagbag.py:387} ERROR - Failed to import: /opt/airflow/dags/nasa_dag.py
Traceback (most recent call last):
  File "/home/airflow/.local/lib/python3.12/site-packages/airflow/models/dagbag.py", line 383, in parse
    loader.exec_module(new_module)
  File "<frozen importlib._bootstrap_external>", line 991, in exec_module
  File "<frozen importlib._bootstrap_external>", line 1129, in get_code
  File "<frozen importlib._bootstrap_external>", line 1059, in source_to_code
  File "<frozen importlib._bootstrap>", line 488, in _call_with_frames_removed
  File "/opt/airflow/dags/nasa_dag.py", line 87
    extract_data>>
                  ^
SyntaxError: invalid syntax
[2025-01-24T00:25:45.633+0000] {processor.py:927} WARNING - No viable dags retrieved from /opt/airflow/dags/nasa_dag.py
[2025-01-24T00:25:45.656+0000] {processor.py:208} INFO - Processing /opt/airflow/dags/nasa_dag.py took 0.057 seconds
[2025-01-24T00:25:47.693+0000] {processor.py:186} INFO - Started process (PID=119) to work on /opt/airflow/dags/nasa_dag.py
[2025-01-24T00:25:47.694+0000] {processor.py:914} INFO - Processing file /opt/airflow/dags/nasa_dag.py for tasks to queue
[2025-01-24T00:25:47.695+0000] {logging_mixin.py:190} INFO - [2025-01-24T00:25:47.695+0000] {dagbag.py:588} INFO - Filling up the DagBag from /opt/airflow/dags/nasa_dag.py
[2025-01-24T00:25:47.727+0000] {processor.py:925} INFO - DAG(s) 'nasa_dag' retrieved from /opt/airflow/dags/nasa_dag.py
[2025-01-24T00:25:47.736+0000] {logging_mixin.py:190} INFO - [2025-01-24T00:25:47.735+0000] {dag.py:3239} INFO - Sync 1 DAGs
[2025-01-24T00:25:47.773+0000] {processor.py:208} INFO - Processing /opt/airflow/dags/nasa_dag.py took 0.084 seconds
[2025-01-24T00:26:17.928+0000] {processor.py:186} INFO - Started process (PID=132) to work on /opt/airflow/dags/nasa_dag.py
[2025-01-24T00:26:17.929+0000] {processor.py:914} INFO - Processing file /opt/airflow/dags/nasa_dag.py for tasks to queue
[2025-01-24T00:26:17.931+0000] {logging_mixin.py:190} INFO - [2025-01-24T00:26:17.930+0000] {dagbag.py:588} INFO - Filling up the DagBag from /opt/airflow/dags/nasa_dag.py
[2025-01-24T00:26:17.962+0000] {processor.py:925} INFO - DAG(s) 'nasa_dag' retrieved from /opt/airflow/dags/nasa_dag.py
[2025-01-24T00:26:18.076+0000] {logging_mixin.py:190} INFO - [2025-01-24T00:26:18.076+0000] {dag.py:3239} INFO - Sync 1 DAGs
[2025-01-24T00:26:18.109+0000] {processor.py:208} INFO - Processing /opt/airflow/dags/nasa_dag.py took 0.186 seconds
[2025-01-24T00:26:48.286+0000] {processor.py:186} INFO - Started process (PID=139) to work on /opt/airflow/dags/nasa_dag.py
[2025-01-24T00:26:48.286+0000] {processor.py:914} INFO - Processing file /opt/airflow/dags/nasa_dag.py for tasks to queue
[2025-01-24T00:26:48.287+0000] {logging_mixin.py:190} INFO - [2025-01-24T00:26:48.287+0000] {dagbag.py:588} INFO - Filling up the DagBag from /opt/airflow/dags/nasa_dag.py
[2025-01-24T00:26:48.316+0000] {processor.py:925} INFO - DAG(s) 'nasa_dag' retrieved from /opt/airflow/dags/nasa_dag.py
[2025-01-24T00:26:48.335+0000] {logging_mixin.py:190} INFO - [2025-01-24T00:26:48.335+0000] {dag.py:3239} INFO - Sync 1 DAGs
[2025-01-24T00:26:48.369+0000] {processor.py:208} INFO - Processing /opt/airflow/dags/nasa_dag.py took 0.088 seconds
[2025-01-24T00:27:18.720+0000] {processor.py:186} INFO - Started process (PID=146) to work on /opt/airflow/dags/nasa_dag.py
[2025-01-24T00:27:18.722+0000] {processor.py:914} INFO - Processing file /opt/airflow/dags/nasa_dag.py for tasks to queue
[2025-01-24T00:27:18.723+0000] {logging_mixin.py:190} INFO - [2025-01-24T00:27:18.723+0000] {dagbag.py:588} INFO - Filling up the DagBag from /opt/airflow/dags/nasa_dag.py
[2025-01-24T00:27:18.751+0000] {processor.py:925} INFO - DAG(s) 'nasa_dag' retrieved from /opt/airflow/dags/nasa_dag.py
[2025-01-24T00:27:18.770+0000] {logging_mixin.py:190} INFO - [2025-01-24T00:27:18.769+0000] {dag.py:3239} INFO - Sync 1 DAGs
[2025-01-24T00:27:18.804+0000] {processor.py:208} INFO - Processing /opt/airflow/dags/nasa_dag.py took 0.088 seconds
[2025-01-24T00:27:48.998+0000] {processor.py:186} INFO - Started process (PID=153) to work on /opt/airflow/dags/nasa_dag.py
[2025-01-24T00:27:48.999+0000] {processor.py:914} INFO - Processing file /opt/airflow/dags/nasa_dag.py for tasks to queue
[2025-01-24T00:27:49.000+0000] {logging_mixin.py:190} INFO - [2025-01-24T00:27:49.000+0000] {dagbag.py:588} INFO - Filling up the DagBag from /opt/airflow/dags/nasa_dag.py
[2025-01-24T00:27:49.023+0000] {processor.py:925} INFO - DAG(s) 'nasa_dag' retrieved from /opt/airflow/dags/nasa_dag.py
[2025-01-24T00:27:49.041+0000] {logging_mixin.py:190} INFO - [2025-01-24T00:27:49.041+0000] {dag.py:3239} INFO - Sync 1 DAGs
[2025-01-24T00:27:49.071+0000] {processor.py:208} INFO - Processing /opt/airflow/dags/nasa_dag.py took 0.077 seconds
[2025-01-24T00:28:19.354+0000] {processor.py:186} INFO - Started process (PID=160) to work on /opt/airflow/dags/nasa_dag.py
[2025-01-24T00:28:19.355+0000] {processor.py:914} INFO - Processing file /opt/airflow/dags/nasa_dag.py for tasks to queue
[2025-01-24T00:28:19.356+0000] {logging_mixin.py:190} INFO - [2025-01-24T00:28:19.356+0000] {dagbag.py:588} INFO - Filling up the DagBag from /opt/airflow/dags/nasa_dag.py
[2025-01-24T00:28:19.380+0000] {processor.py:925} INFO - DAG(s) 'nasa_dag' retrieved from /opt/airflow/dags/nasa_dag.py
[2025-01-24T00:28:19.399+0000] {logging_mixin.py:190} INFO - [2025-01-24T00:28:19.399+0000] {dag.py:3239} INFO - Sync 1 DAGs
[2025-01-24T00:28:19.431+0000] {processor.py:208} INFO - Processing /opt/airflow/dags/nasa_dag.py took 0.082 seconds
[2025-01-24T00:28:49.618+0000] {processor.py:186} INFO - Started process (PID=167) to work on /opt/airflow/dags/nasa_dag.py
[2025-01-24T00:28:49.619+0000] {processor.py:914} INFO - Processing file /opt/airflow/dags/nasa_dag.py for tasks to queue
[2025-01-24T00:28:49.620+0000] {logging_mixin.py:190} INFO - [2025-01-24T00:28:49.620+0000] {dagbag.py:588} INFO - Filling up the DagBag from /opt/airflow/dags/nasa_dag.py
[2025-01-24T00:28:49.654+0000] {processor.py:925} INFO - DAG(s) 'nasa_dag' retrieved from /opt/airflow/dags/nasa_dag.py
[2025-01-24T00:28:49.676+0000] {logging_mixin.py:190} INFO - [2025-01-24T00:28:49.676+0000] {dag.py:3239} INFO - Sync 1 DAGs
[2025-01-24T00:28:49.712+0000] {processor.py:208} INFO - Processing /opt/airflow/dags/nasa_dag.py took 0.100 seconds
[2025-01-24T00:29:19.953+0000] {processor.py:186} INFO - Started process (PID=174) to work on /opt/airflow/dags/nasa_dag.py
[2025-01-24T00:29:19.954+0000] {processor.py:914} INFO - Processing file /opt/airflow/dags/nasa_dag.py for tasks to queue
[2025-01-24T00:29:19.955+0000] {logging_mixin.py:190} INFO - [2025-01-24T00:29:19.955+0000] {dagbag.py:588} INFO - Filling up the DagBag from /opt/airflow/dags/nasa_dag.py
[2025-01-24T00:29:20.007+0000] {processor.py:925} INFO - DAG(s) 'nasa_dag' retrieved from /opt/airflow/dags/nasa_dag.py
[2025-01-24T00:29:20.033+0000] {logging_mixin.py:190} INFO - [2025-01-24T00:29:20.032+0000] {dag.py:3239} INFO - Sync 1 DAGs
[2025-01-24T00:29:20.069+0000] {processor.py:208} INFO - Processing /opt/airflow/dags/nasa_dag.py took 0.120 seconds
[2025-01-24T00:49:27.311+0000] {processor.py:186} INFO - Started process (PID=50) to work on /opt/airflow/dags/nasa_dag.py
[2025-01-24T00:49:27.313+0000] {processor.py:914} INFO - Processing file /opt/airflow/dags/nasa_dag.py for tasks to queue
[2025-01-24T00:49:27.315+0000] {logging_mixin.py:190} INFO - [2025-01-24T00:49:27.315+0000] {dagbag.py:588} INFO - Filling up the DagBag from /opt/airflow/dags/nasa_dag.py
[2025-01-24T00:49:27.372+0000] {processor.py:925} INFO - DAG(s) 'nasa_dag' retrieved from /opt/airflow/dags/nasa_dag.py
[2025-01-24T00:49:27.564+0000] {logging_mixin.py:190} INFO - [2025-01-24T00:49:27.564+0000] {dag.py:3239} INFO - Sync 1 DAGs
[2025-01-24T00:49:27.615+0000] {processor.py:208} INFO - Processing /opt/airflow/dags/nasa_dag.py took 0.318 seconds
[2025-01-24T00:49:58.084+0000] {processor.py:186} INFO - Started process (PID=63) to work on /opt/airflow/dags/nasa_dag.py
[2025-01-24T00:49:58.085+0000] {processor.py:914} INFO - Processing file /opt/airflow/dags/nasa_dag.py for tasks to queue
[2025-01-24T00:49:58.088+0000] {logging_mixin.py:190} INFO - [2025-01-24T00:49:58.087+0000] {dagbag.py:588} INFO - Filling up the DagBag from /opt/airflow/dags/nasa_dag.py
[2025-01-24T00:49:58.108+0000] {processor.py:925} INFO - DAG(s) 'nasa_dag' retrieved from /opt/airflow/dags/nasa_dag.py
[2025-01-24T00:49:58.125+0000] {logging_mixin.py:190} INFO - [2025-01-24T00:49:58.125+0000] {dag.py:3239} INFO - Sync 1 DAGs
[2025-01-24T00:49:58.157+0000] {processor.py:208} INFO - Processing /opt/airflow/dags/nasa_dag.py took 0.077 seconds
[2025-01-24T00:50:28.400+0000] {processor.py:186} INFO - Started process (PID=70) to work on /opt/airflow/dags/nasa_dag.py
[2025-01-24T00:50:28.401+0000] {processor.py:914} INFO - Processing file /opt/airflow/dags/nasa_dag.py for tasks to queue
[2025-01-24T00:50:28.403+0000] {logging_mixin.py:190} INFO - [2025-01-24T00:50:28.403+0000] {dagbag.py:588} INFO - Filling up the DagBag from /opt/airflow/dags/nasa_dag.py
[2025-01-24T00:50:28.428+0000] {processor.py:925} INFO - DAG(s) 'nasa_dag' retrieved from /opt/airflow/dags/nasa_dag.py
[2025-01-24T00:50:28.448+0000] {logging_mixin.py:190} INFO - [2025-01-24T00:50:28.448+0000] {dag.py:3239} INFO - Sync 1 DAGs
[2025-01-24T00:50:28.492+0000] {processor.py:208} INFO - Processing /opt/airflow/dags/nasa_dag.py took 0.096 seconds
[2025-01-24T00:50:58.695+0000] {processor.py:186} INFO - Started process (PID=77) to work on /opt/airflow/dags/nasa_dag.py
[2025-01-24T00:50:58.696+0000] {processor.py:914} INFO - Processing file /opt/airflow/dags/nasa_dag.py for tasks to queue
[2025-01-24T00:50:58.698+0000] {logging_mixin.py:190} INFO - [2025-01-24T00:50:58.698+0000] {dagbag.py:588} INFO - Filling up the DagBag from /opt/airflow/dags/nasa_dag.py
[2025-01-24T00:50:58.727+0000] {processor.py:925} INFO - DAG(s) 'nasa_dag' retrieved from /opt/airflow/dags/nasa_dag.py
[2025-01-24T00:50:58.749+0000] {logging_mixin.py:190} INFO - [2025-01-24T00:50:58.749+0000] {dag.py:3239} INFO - Sync 1 DAGs
[2025-01-24T00:50:58.784+0000] {processor.py:208} INFO - Processing /opt/airflow/dags/nasa_dag.py took 0.094 seconds
[2025-01-24T00:51:28.989+0000] {processor.py:186} INFO - Started process (PID=84) to work on /opt/airflow/dags/nasa_dag.py
[2025-01-24T00:51:28.990+0000] {processor.py:914} INFO - Processing file /opt/airflow/dags/nasa_dag.py for tasks to queue
[2025-01-24T00:51:28.993+0000] {logging_mixin.py:190} INFO - [2025-01-24T00:51:28.992+0000] {dagbag.py:588} INFO - Filling up the DagBag from /opt/airflow/dags/nasa_dag.py
[2025-01-24T00:51:29.032+0000] {processor.py:925} INFO - DAG(s) 'nasa_dag' retrieved from /opt/airflow/dags/nasa_dag.py
[2025-01-24T00:51:29.060+0000] {logging_mixin.py:190} INFO - [2025-01-24T00:51:29.059+0000] {dag.py:3239} INFO - Sync 1 DAGs
[2025-01-24T00:51:29.088+0000] {logging_mixin.py:190} INFO - [2025-01-24T00:51:29.088+0000] {dag.py:4180} INFO - Setting next_dagrun for nasa_dag to 2025-01-24 00:00:00+00:00, run_after=2025-01-24 01:00:00+00:00
[2025-01-24T00:51:29.112+0000] {processor.py:208} INFO - Processing /opt/airflow/dags/nasa_dag.py took 0.128 seconds
[2025-01-24T00:51:59.302+0000] {processor.py:186} INFO - Started process (PID=91) to work on /opt/airflow/dags/nasa_dag.py
[2025-01-24T00:51:59.302+0000] {processor.py:914} INFO - Processing file /opt/airflow/dags/nasa_dag.py for tasks to queue
[2025-01-24T00:51:59.304+0000] {logging_mixin.py:190} INFO - [2025-01-24T00:51:59.304+0000] {dagbag.py:588} INFO - Filling up the DagBag from /opt/airflow/dags/nasa_dag.py
[2025-01-24T00:51:59.327+0000] {processor.py:925} INFO - DAG(s) 'nasa_dag' retrieved from /opt/airflow/dags/nasa_dag.py
[2025-01-24T00:51:59.344+0000] {logging_mixin.py:190} INFO - [2025-01-24T00:51:59.343+0000] {dag.py:3239} INFO - Sync 1 DAGs
[2025-01-24T00:51:59.360+0000] {logging_mixin.py:190} INFO - [2025-01-24T00:51:59.360+0000] {dag.py:4180} INFO - Setting next_dagrun for nasa_dag to 2025-01-24 00:00:00+00:00, run_after=2025-01-24 01:00:00+00:00
[2025-01-24T00:51:59.374+0000] {processor.py:208} INFO - Processing /opt/airflow/dags/nasa_dag.py took 0.076 seconds
[2025-01-24T00:52:29.599+0000] {processor.py:186} INFO - Started process (PID=98) to work on /opt/airflow/dags/nasa_dag.py
[2025-01-24T00:52:29.600+0000] {processor.py:914} INFO - Processing file /opt/airflow/dags/nasa_dag.py for tasks to queue
[2025-01-24T00:52:29.604+0000] {logging_mixin.py:190} INFO - [2025-01-24T00:52:29.604+0000] {dagbag.py:588} INFO - Filling up the DagBag from /opt/airflow/dags/nasa_dag.py
[2025-01-24T00:52:29.635+0000] {processor.py:925} INFO - DAG(s) 'nasa_dag' retrieved from /opt/airflow/dags/nasa_dag.py
[2025-01-24T00:52:29.657+0000] {logging_mixin.py:190} INFO - [2025-01-24T00:52:29.657+0000] {dag.py:3239} INFO - Sync 1 DAGs
[2025-01-24T00:52:29.679+0000] {logging_mixin.py:190} INFO - [2025-01-24T00:52:29.679+0000] {dag.py:4180} INFO - Setting next_dagrun for nasa_dag to 2025-01-24 00:00:00+00:00, run_after=2025-01-24 01:00:00+00:00
[2025-01-24T00:52:29.697+0000] {processor.py:208} INFO - Processing /opt/airflow/dags/nasa_dag.py took 0.104 seconds
[2025-01-24T00:52:59.841+0000] {processor.py:186} INFO - Started process (PID=105) to work on /opt/airflow/dags/nasa_dag.py
[2025-01-24T00:52:59.842+0000] {processor.py:914} INFO - Processing file /opt/airflow/dags/nasa_dag.py for tasks to queue
[2025-01-24T00:52:59.845+0000] {logging_mixin.py:190} INFO - [2025-01-24T00:52:59.845+0000] {dagbag.py:588} INFO - Filling up the DagBag from /opt/airflow/dags/nasa_dag.py
[2025-01-24T00:52:59.881+0000] {processor.py:925} INFO - DAG(s) 'nasa_dag' retrieved from /opt/airflow/dags/nasa_dag.py
[2025-01-24T00:52:59.907+0000] {logging_mixin.py:190} INFO - [2025-01-24T00:52:59.907+0000] {dag.py:3239} INFO - Sync 1 DAGs
[2025-01-24T00:52:59.933+0000] {logging_mixin.py:190} INFO - [2025-01-24T00:52:59.933+0000] {dag.py:4180} INFO - Setting next_dagrun for nasa_dag to 2025-01-24 00:00:00+00:00, run_after=2025-01-24 01:00:00+00:00
[2025-01-24T00:52:59.955+0000] {processor.py:208} INFO - Processing /opt/airflow/dags/nasa_dag.py took 0.119 seconds
[2025-01-24T00:53:30.226+0000] {processor.py:186} INFO - Started process (PID=112) to work on /opt/airflow/dags/nasa_dag.py
[2025-01-24T00:53:30.227+0000] {processor.py:914} INFO - Processing file /opt/airflow/dags/nasa_dag.py for tasks to queue
[2025-01-24T00:53:30.229+0000] {logging_mixin.py:190} INFO - [2025-01-24T00:53:30.229+0000] {dagbag.py:588} INFO - Filling up the DagBag from /opt/airflow/dags/nasa_dag.py
[2025-01-24T00:53:30.251+0000] {processor.py:925} INFO - DAG(s) 'nasa_dag' retrieved from /opt/airflow/dags/nasa_dag.py
[2025-01-24T00:53:30.269+0000] {logging_mixin.py:190} INFO - [2025-01-24T00:53:30.269+0000] {dag.py:3239} INFO - Sync 1 DAGs
[2025-01-24T00:53:30.289+0000] {logging_mixin.py:190} INFO - [2025-01-24T00:53:30.289+0000] {dag.py:4180} INFO - Setting next_dagrun for nasa_dag to 2025-01-24 00:00:00+00:00, run_after=2025-01-24 01:00:00+00:00
[2025-01-24T00:53:30.303+0000] {processor.py:208} INFO - Processing /opt/airflow/dags/nasa_dag.py took 0.081 seconds
[2025-01-24T00:54:00.016+0000] {processor.py:186} INFO - Started process (PID=56) to work on /opt/airflow/dags/nasa_dag.py
[2025-01-24T00:54:00.018+0000] {processor.py:914} INFO - Processing file /opt/airflow/dags/nasa_dag.py for tasks to queue
[2025-01-24T00:54:00.021+0000] {logging_mixin.py:190} INFO - [2025-01-24T00:54:00.021+0000] {dagbag.py:588} INFO - Filling up the DagBag from /opt/airflow/dags/nasa_dag.py
[2025-01-24T00:54:00.071+0000] {processor.py:925} INFO - DAG(s) 'nasa_dag' retrieved from /opt/airflow/dags/nasa_dag.py
[2025-01-24T00:54:00.202+0000] {logging_mixin.py:190} INFO - [2025-01-24T00:54:00.202+0000] {dag.py:3239} INFO - Sync 1 DAGs
[2025-01-24T00:54:00.221+0000] {logging_mixin.py:190} INFO - [2025-01-24T00:54:00.221+0000] {dag.py:4180} INFO - Setting next_dagrun for nasa_dag to 2025-01-24 00:00:00+00:00, run_after=2025-01-24 01:00:00+00:00
[2025-01-24T00:54:00.238+0000] {processor.py:208} INFO - Processing /opt/airflow/dags/nasa_dag.py took 0.229 seconds
[2025-01-24T00:54:30.285+0000] {processor.py:186} INFO - Started process (PID=63) to work on /opt/airflow/dags/nasa_dag.py
[2025-01-24T00:54:30.285+0000] {processor.py:914} INFO - Processing file /opt/airflow/dags/nasa_dag.py for tasks to queue
[2025-01-24T00:54:30.288+0000] {logging_mixin.py:190} INFO - [2025-01-24T00:54:30.287+0000] {dagbag.py:588} INFO - Filling up the DagBag from /opt/airflow/dags/nasa_dag.py
[2025-01-24T00:54:30.308+0000] {processor.py:925} INFO - DAG(s) 'nasa_dag' retrieved from /opt/airflow/dags/nasa_dag.py
[2025-01-24T00:54:30.325+0000] {logging_mixin.py:190} INFO - [2025-01-24T00:54:30.325+0000] {dag.py:3239} INFO - Sync 1 DAGs
[2025-01-24T00:54:30.342+0000] {logging_mixin.py:190} INFO - [2025-01-24T00:54:30.342+0000] {dag.py:4180} INFO - Setting next_dagrun for nasa_dag to 2025-01-24 00:00:00+00:00, run_after=2025-01-24 01:00:00+00:00
[2025-01-24T00:54:30.356+0000] {processor.py:208} INFO - Processing /opt/airflow/dags/nasa_dag.py took 0.076 seconds
[2025-01-24T00:55:00.644+0000] {processor.py:186} INFO - Started process (PID=70) to work on /opt/airflow/dags/nasa_dag.py
[2025-01-24T00:55:00.645+0000] {processor.py:914} INFO - Processing file /opt/airflow/dags/nasa_dag.py for tasks to queue
[2025-01-24T00:55:00.647+0000] {logging_mixin.py:190} INFO - [2025-01-24T00:55:00.647+0000] {dagbag.py:588} INFO - Filling up the DagBag from /opt/airflow/dags/nasa_dag.py
[2025-01-24T00:55:00.677+0000] {processor.py:925} INFO - DAG(s) 'nasa_dag' retrieved from /opt/airflow/dags/nasa_dag.py
[2025-01-24T00:55:00.696+0000] {logging_mixin.py:190} INFO - [2025-01-24T00:55:00.696+0000] {dag.py:3239} INFO - Sync 1 DAGs
[2025-01-24T00:55:00.717+0000] {logging_mixin.py:190} INFO - [2025-01-24T00:55:00.717+0000] {dag.py:4180} INFO - Setting next_dagrun for nasa_dag to 2025-01-24 00:00:00+00:00, run_after=2025-01-24 01:00:00+00:00
[2025-01-24T00:55:00.733+0000] {processor.py:208} INFO - Processing /opt/airflow/dags/nasa_dag.py took 0.095 seconds
[2025-01-24T00:55:30.978+0000] {processor.py:186} INFO - Started process (PID=77) to work on /opt/airflow/dags/nasa_dag.py
[2025-01-24T00:55:30.979+0000] {processor.py:914} INFO - Processing file /opt/airflow/dags/nasa_dag.py for tasks to queue
[2025-01-24T00:55:30.981+0000] {logging_mixin.py:190} INFO - [2025-01-24T00:55:30.980+0000] {dagbag.py:588} INFO - Filling up the DagBag from /opt/airflow/dags/nasa_dag.py
[2025-01-24T00:55:31.009+0000] {processor.py:925} INFO - DAG(s) 'nasa_dag' retrieved from /opt/airflow/dags/nasa_dag.py
[2025-01-24T00:55:31.027+0000] {logging_mixin.py:190} INFO - [2025-01-24T00:55:31.027+0000] {dag.py:3239} INFO - Sync 1 DAGs
[2025-01-24T00:55:31.045+0000] {logging_mixin.py:190} INFO - [2025-01-24T00:55:31.044+0000] {dag.py:4180} INFO - Setting next_dagrun for nasa_dag to 2025-01-24 00:00:00+00:00, run_after=2025-01-24 01:00:00+00:00
[2025-01-24T00:55:31.060+0000] {processor.py:208} INFO - Processing /opt/airflow/dags/nasa_dag.py took 0.087 seconds
[2025-01-24T00:56:01.287+0000] {processor.py:186} INFO - Started process (PID=84) to work on /opt/airflow/dags/nasa_dag.py
[2025-01-24T00:56:01.287+0000] {processor.py:914} INFO - Processing file /opt/airflow/dags/nasa_dag.py for tasks to queue
[2025-01-24T00:56:01.290+0000] {logging_mixin.py:190} INFO - [2025-01-24T00:56:01.289+0000] {dagbag.py:588} INFO - Filling up the DagBag from /opt/airflow/dags/nasa_dag.py
[2025-01-24T00:56:01.323+0000] {processor.py:925} INFO - DAG(s) 'nasa_dag' retrieved from /opt/airflow/dags/nasa_dag.py
[2025-01-24T00:56:01.344+0000] {logging_mixin.py:190} INFO - [2025-01-24T00:56:01.343+0000] {dag.py:3239} INFO - Sync 1 DAGs
[2025-01-24T00:56:01.366+0000] {logging_mixin.py:190} INFO - [2025-01-24T00:56:01.365+0000] {dag.py:4180} INFO - Setting next_dagrun for nasa_dag to 2025-01-24 00:00:00+00:00, run_after=2025-01-24 01:00:00+00:00
[2025-01-24T00:56:01.381+0000] {processor.py:208} INFO - Processing /opt/airflow/dags/nasa_dag.py took 0.099 seconds
[2025-01-24T00:56:31.573+0000] {processor.py:186} INFO - Started process (PID=91) to work on /opt/airflow/dags/nasa_dag.py
[2025-01-24T00:56:31.573+0000] {processor.py:914} INFO - Processing file /opt/airflow/dags/nasa_dag.py for tasks to queue
[2025-01-24T00:56:31.576+0000] {logging_mixin.py:190} INFO - [2025-01-24T00:56:31.576+0000] {dagbag.py:588} INFO - Filling up the DagBag from /opt/airflow/dags/nasa_dag.py
[2025-01-24T00:56:31.602+0000] {processor.py:925} INFO - DAG(s) 'nasa_dag' retrieved from /opt/airflow/dags/nasa_dag.py
[2025-01-24T00:56:31.622+0000] {logging_mixin.py:190} INFO - [2025-01-24T00:56:31.622+0000] {dag.py:3239} INFO - Sync 1 DAGs
[2025-01-24T00:56:31.642+0000] {logging_mixin.py:190} INFO - [2025-01-24T00:56:31.642+0000] {dag.py:4180} INFO - Setting next_dagrun for nasa_dag to 2025-01-24 00:00:00+00:00, run_after=2025-01-24 01:00:00+00:00
[2025-01-24T00:56:31.657+0000] {processor.py:208} INFO - Processing /opt/airflow/dags/nasa_dag.py took 0.089 seconds
[2025-01-24T01:46:43.795+0000] {processor.py:186} INFO - Started process (PID=50) to work on /opt/airflow/dags/nasa_dag.py
[2025-01-24T01:46:43.796+0000] {processor.py:914} INFO - Processing file /opt/airflow/dags/nasa_dag.py for tasks to queue
[2025-01-24T01:46:43.799+0000] {logging_mixin.py:190} INFO - [2025-01-24T01:46:43.798+0000] {dagbag.py:588} INFO - Filling up the DagBag from /opt/airflow/dags/nasa_dag.py
[2025-01-24T01:46:43.870+0000] {processor.py:925} INFO - DAG(s) 'nasa_dag' retrieved from /opt/airflow/dags/nasa_dag.py
[2025-01-24T01:46:44.147+0000] {logging_mixin.py:190} INFO - [2025-01-24T01:46:44.147+0000] {dag.py:3239} INFO - Sync 1 DAGs
[2025-01-24T01:46:44.212+0000] {processor.py:208} INFO - Processing /opt/airflow/dags/nasa_dag.py took 0.423 seconds
[2025-01-24T01:47:14.800+0000] {processor.py:186} INFO - Started process (PID=57) to work on /opt/airflow/dags/nasa_dag.py
[2025-01-24T01:47:14.802+0000] {processor.py:914} INFO - Processing file /opt/airflow/dags/nasa_dag.py for tasks to queue
[2025-01-24T01:47:14.805+0000] {logging_mixin.py:190} INFO - [2025-01-24T01:47:14.805+0000] {dagbag.py:588} INFO - Filling up the DagBag from /opt/airflow/dags/nasa_dag.py
[2025-01-24T01:47:14.849+0000] {processor.py:925} INFO - DAG(s) 'nasa_dag' retrieved from /opt/airflow/dags/nasa_dag.py
[2025-01-24T01:47:14.868+0000] {logging_mixin.py:190} INFO - [2025-01-24T01:47:14.868+0000] {dag.py:3239} INFO - Sync 1 DAGs
[2025-01-24T01:47:14.888+0000] {logging_mixin.py:190} INFO - [2025-01-24T01:47:14.888+0000] {dag.py:4180} INFO - Setting next_dagrun for nasa_dag to 2025-01-24 01:00:00+00:00, run_after=2025-01-24 02:00:00+00:00
[2025-01-24T01:47:14.905+0000] {processor.py:208} INFO - Processing /opt/airflow/dags/nasa_dag.py took 0.111 seconds
[2025-01-24T01:47:45.115+0000] {processor.py:186} INFO - Started process (PID=64) to work on /opt/airflow/dags/nasa_dag.py
[2025-01-24T01:47:45.116+0000] {processor.py:914} INFO - Processing file /opt/airflow/dags/nasa_dag.py for tasks to queue
[2025-01-24T01:47:45.118+0000] {logging_mixin.py:190} INFO - [2025-01-24T01:47:45.118+0000] {dagbag.py:588} INFO - Filling up the DagBag from /opt/airflow/dags/nasa_dag.py
[2025-01-24T01:47:45.147+0000] {processor.py:925} INFO - DAG(s) 'nasa_dag' retrieved from /opt/airflow/dags/nasa_dag.py
[2025-01-24T01:47:45.165+0000] {logging_mixin.py:190} INFO - [2025-01-24T01:47:45.164+0000] {dag.py:3239} INFO - Sync 1 DAGs
[2025-01-24T01:47:45.182+0000] {logging_mixin.py:190} INFO - [2025-01-24T01:47:45.182+0000] {dag.py:4180} INFO - Setting next_dagrun for nasa_dag to 2025-01-24 01:00:00+00:00, run_after=2025-01-24 02:00:00+00:00
[2025-01-24T01:47:45.197+0000] {processor.py:208} INFO - Processing /opt/airflow/dags/nasa_dag.py took 0.087 seconds
[2025-01-24T01:48:15.487+0000] {processor.py:186} INFO - Started process (PID=71) to work on /opt/airflow/dags/nasa_dag.py
[2025-01-24T01:48:15.489+0000] {processor.py:914} INFO - Processing file /opt/airflow/dags/nasa_dag.py for tasks to queue
[2025-01-24T01:48:15.493+0000] {logging_mixin.py:190} INFO - [2025-01-24T01:48:15.492+0000] {dagbag.py:588} INFO - Filling up the DagBag from /opt/airflow/dags/nasa_dag.py
[2025-01-24T01:48:15.523+0000] {processor.py:925} INFO - DAG(s) 'nasa_dag' retrieved from /opt/airflow/dags/nasa_dag.py
[2025-01-24T01:48:15.547+0000] {logging_mixin.py:190} INFO - [2025-01-24T01:48:15.547+0000] {dag.py:3239} INFO - Sync 1 DAGs
[2025-01-24T01:48:15.574+0000] {logging_mixin.py:190} INFO - [2025-01-24T01:48:15.573+0000] {dag.py:4180} INFO - Setting next_dagrun for nasa_dag to 2025-01-24 01:00:00+00:00, run_after=2025-01-24 02:00:00+00:00
[2025-01-24T01:48:15.599+0000] {processor.py:208} INFO - Processing /opt/airflow/dags/nasa_dag.py took 0.118 seconds
[2025-01-24T01:48:45.769+0000] {processor.py:186} INFO - Started process (PID=85) to work on /opt/airflow/dags/nasa_dag.py
[2025-01-24T01:48:45.770+0000] {processor.py:914} INFO - Processing file /opt/airflow/dags/nasa_dag.py for tasks to queue
[2025-01-24T01:48:45.772+0000] {logging_mixin.py:190} INFO - [2025-01-24T01:48:45.771+0000] {dagbag.py:588} INFO - Filling up the DagBag from /opt/airflow/dags/nasa_dag.py
[2025-01-24T01:48:45.804+0000] {processor.py:925} INFO - DAG(s) 'nasa_dag' retrieved from /opt/airflow/dags/nasa_dag.py
[2025-01-24T01:48:45.825+0000] {logging_mixin.py:190} INFO - [2025-01-24T01:48:45.825+0000] {dag.py:3239} INFO - Sync 1 DAGs
[2025-01-24T01:48:45.845+0000] {logging_mixin.py:190} INFO - [2025-01-24T01:48:45.845+0000] {dag.py:4180} INFO - Setting next_dagrun for nasa_dag to 2025-01-24 01:00:00+00:00, run_after=2025-01-24 02:00:00+00:00
[2025-01-24T01:48:45.865+0000] {processor.py:208} INFO - Processing /opt/airflow/dags/nasa_dag.py took 0.100 seconds
[2025-01-24T01:49:16.193+0000] {processor.py:186} INFO - Started process (PID=92) to work on /opt/airflow/dags/nasa_dag.py
[2025-01-24T01:49:16.194+0000] {processor.py:914} INFO - Processing file /opt/airflow/dags/nasa_dag.py for tasks to queue
[2025-01-24T01:49:16.196+0000] {logging_mixin.py:190} INFO - [2025-01-24T01:49:16.196+0000] {dagbag.py:588} INFO - Filling up the DagBag from /opt/airflow/dags/nasa_dag.py
[2025-01-24T01:49:16.226+0000] {processor.py:925} INFO - DAG(s) 'nasa_dag' retrieved from /opt/airflow/dags/nasa_dag.py
[2025-01-24T01:49:16.245+0000] {logging_mixin.py:190} INFO - [2025-01-24T01:49:16.245+0000] {dag.py:3239} INFO - Sync 1 DAGs
[2025-01-24T01:49:16.264+0000] {logging_mixin.py:190} INFO - [2025-01-24T01:49:16.264+0000] {dag.py:4180} INFO - Setting next_dagrun for nasa_dag to 2025-01-24 01:00:00+00:00, run_after=2025-01-24 02:00:00+00:00
[2025-01-24T01:49:16.279+0000] {processor.py:208} INFO - Processing /opt/airflow/dags/nasa_dag.py took 0.090 seconds
[2025-01-24T02:04:42.702+0000] {processor.py:186} INFO - Started process (PID=51) to work on /opt/airflow/dags/nasa_dag.py
[2025-01-24T02:04:42.703+0000] {processor.py:914} INFO - Processing file /opt/airflow/dags/nasa_dag.py for tasks to queue
[2025-01-24T02:04:42.706+0000] {logging_mixin.py:190} INFO - [2025-01-24T02:04:42.705+0000] {dagbag.py:588} INFO - Filling up the DagBag from /opt/airflow/dags/nasa_dag.py
[2025-01-24T02:04:42.749+0000] {processor.py:925} INFO - DAG(s) 'nasa_dag' retrieved from /opt/airflow/dags/nasa_dag.py
[2025-01-24T02:04:42.942+0000] {logging_mixin.py:190} INFO - [2025-01-24T02:04:42.942+0000] {dag.py:3239} INFO - Sync 1 DAGs
[2025-01-24T02:04:42.984+0000] {processor.py:208} INFO - Processing /opt/airflow/dags/nasa_dag.py took 0.287 seconds
[2025-01-24T02:05:13.454+0000] {processor.py:186} INFO - Started process (PID=64) to work on /opt/airflow/dags/nasa_dag.py
[2025-01-24T02:05:13.455+0000] {processor.py:914} INFO - Processing file /opt/airflow/dags/nasa_dag.py for tasks to queue
[2025-01-24T02:05:13.457+0000] {logging_mixin.py:190} INFO - [2025-01-24T02:05:13.457+0000] {dagbag.py:588} INFO - Filling up the DagBag from /opt/airflow/dags/nasa_dag.py
[2025-01-24T02:05:13.482+0000] {processor.py:925} INFO - DAG(s) 'nasa_dag' retrieved from /opt/airflow/dags/nasa_dag.py
[2025-01-24T02:05:13.503+0000] {logging_mixin.py:190} INFO - [2025-01-24T02:05:13.503+0000] {dag.py:3239} INFO - Sync 1 DAGs
[2025-01-24T02:05:13.542+0000] {processor.py:208} INFO - Processing /opt/airflow/dags/nasa_dag.py took 0.094 seconds
[2025-01-24T02:05:43.795+0000] {processor.py:186} INFO - Started process (PID=71) to work on /opt/airflow/dags/nasa_dag.py
[2025-01-24T02:05:43.796+0000] {processor.py:914} INFO - Processing file /opt/airflow/dags/nasa_dag.py for tasks to queue
[2025-01-24T02:05:43.798+0000] {logging_mixin.py:190} INFO - [2025-01-24T02:05:43.798+0000] {dagbag.py:588} INFO - Filling up the DagBag from /opt/airflow/dags/nasa_dag.py
[2025-01-24T02:05:43.830+0000] {processor.py:925} INFO - DAG(s) 'nasa_dag' retrieved from /opt/airflow/dags/nasa_dag.py
[2025-01-24T02:05:43.847+0000] {logging_mixin.py:190} INFO - [2025-01-24T02:05:43.846+0000] {dag.py:3239} INFO - Sync 1 DAGs
[2025-01-24T02:05:43.864+0000] {logging_mixin.py:190} INFO - [2025-01-24T02:05:43.864+0000] {dag.py:4180} INFO - Setting next_dagrun for nasa_dag to 2025-01-24 02:00:00+00:00, run_after=2025-01-24 03:00:00+00:00
[2025-01-24T02:05:43.877+0000] {processor.py:208} INFO - Processing /opt/airflow/dags/nasa_dag.py took 0.087 seconds
[2025-01-24T02:06:14.249+0000] {processor.py:186} INFO - Started process (PID=78) to work on /opt/airflow/dags/nasa_dag.py
[2025-01-24T02:06:14.250+0000] {processor.py:914} INFO - Processing file /opt/airflow/dags/nasa_dag.py for tasks to queue
[2025-01-24T02:06:14.252+0000] {logging_mixin.py:190} INFO - [2025-01-24T02:06:14.251+0000] {dagbag.py:588} INFO - Filling up the DagBag from /opt/airflow/dags/nasa_dag.py
[2025-01-24T02:06:14.281+0000] {processor.py:925} INFO - DAG(s) 'nasa_dag' retrieved from /opt/airflow/dags/nasa_dag.py
[2025-01-24T02:06:14.299+0000] {logging_mixin.py:190} INFO - [2025-01-24T02:06:14.299+0000] {dag.py:3239} INFO - Sync 1 DAGs
[2025-01-24T02:06:14.317+0000] {logging_mixin.py:190} INFO - [2025-01-24T02:06:14.317+0000] {dag.py:4180} INFO - Setting next_dagrun for nasa_dag to 2025-01-24 02:00:00+00:00, run_after=2025-01-24 03:00:00+00:00
[2025-01-24T02:06:14.335+0000] {processor.py:208} INFO - Processing /opt/airflow/dags/nasa_dag.py took 0.090 seconds
[2025-01-24T02:06:44.673+0000] {processor.py:186} INFO - Started process (PID=85) to work on /opt/airflow/dags/nasa_dag.py
[2025-01-24T02:06:44.674+0000] {processor.py:914} INFO - Processing file /opt/airflow/dags/nasa_dag.py for tasks to queue
[2025-01-24T02:06:44.676+0000] {logging_mixin.py:190} INFO - [2025-01-24T02:06:44.676+0000] {dagbag.py:588} INFO - Filling up the DagBag from /opt/airflow/dags/nasa_dag.py
[2025-01-24T02:06:44.698+0000] {processor.py:925} INFO - DAG(s) 'nasa_dag' retrieved from /opt/airflow/dags/nasa_dag.py
[2025-01-24T02:06:44.719+0000] {logging_mixin.py:190} INFO - [2025-01-24T02:06:44.719+0000] {dag.py:3239} INFO - Sync 1 DAGs
[2025-01-24T02:06:44.738+0000] {logging_mixin.py:190} INFO - [2025-01-24T02:06:44.738+0000] {dag.py:4180} INFO - Setting next_dagrun for nasa_dag to 2025-01-24 02:00:00+00:00, run_after=2025-01-24 03:00:00+00:00
[2025-01-24T02:06:44.757+0000] {processor.py:208} INFO - Processing /opt/airflow/dags/nasa_dag.py took 0.088 seconds
[2025-01-24T02:07:14.973+0000] {processor.py:186} INFO - Started process (PID=92) to work on /opt/airflow/dags/nasa_dag.py
[2025-01-24T02:07:14.974+0000] {processor.py:914} INFO - Processing file /opt/airflow/dags/nasa_dag.py for tasks to queue
[2025-01-24T02:07:14.976+0000] {logging_mixin.py:190} INFO - [2025-01-24T02:07:14.976+0000] {dagbag.py:588} INFO - Filling up the DagBag from /opt/airflow/dags/nasa_dag.py
[2025-01-24T02:07:15.003+0000] {processor.py:925} INFO - DAG(s) 'nasa_dag' retrieved from /opt/airflow/dags/nasa_dag.py
[2025-01-24T02:07:15.023+0000] {logging_mixin.py:190} INFO - [2025-01-24T02:07:15.023+0000] {dag.py:3239} INFO - Sync 1 DAGs
[2025-01-24T02:07:15.042+0000] {logging_mixin.py:190} INFO - [2025-01-24T02:07:15.042+0000] {dag.py:4180} INFO - Setting next_dagrun for nasa_dag to 2025-01-24 02:00:00+00:00, run_after=2025-01-24 03:00:00+00:00
[2025-01-24T02:07:15.058+0000] {processor.py:208} INFO - Processing /opt/airflow/dags/nasa_dag.py took 0.091 seconds
[2025-01-24T02:07:45.490+0000] {processor.py:186} INFO - Started process (PID=99) to work on /opt/airflow/dags/nasa_dag.py
[2025-01-24T02:07:45.491+0000] {processor.py:914} INFO - Processing file /opt/airflow/dags/nasa_dag.py for tasks to queue
[2025-01-24T02:07:45.495+0000] {logging_mixin.py:190} INFO - [2025-01-24T02:07:45.494+0000] {dagbag.py:588} INFO - Filling up the DagBag from /opt/airflow/dags/nasa_dag.py
[2025-01-24T02:07:45.527+0000] {processor.py:925} INFO - DAG(s) 'nasa_dag' retrieved from /opt/airflow/dags/nasa_dag.py
[2025-01-24T02:07:45.545+0000] {logging_mixin.py:190} INFO - [2025-01-24T02:07:45.544+0000] {dag.py:3239} INFO - Sync 1 DAGs
[2025-01-24T02:07:45.564+0000] {logging_mixin.py:190} INFO - [2025-01-24T02:07:45.564+0000] {dag.py:4180} INFO - Setting next_dagrun for nasa_dag to 2025-01-24 02:00:00+00:00, run_after=2025-01-24 03:00:00+00:00
[2025-01-24T02:07:45.583+0000] {processor.py:208} INFO - Processing /opt/airflow/dags/nasa_dag.py took 0.099 seconds
[2025-01-24T02:08:15.896+0000] {processor.py:186} INFO - Started process (PID=106) to work on /opt/airflow/dags/nasa_dag.py
[2025-01-24T02:08:15.897+0000] {processor.py:914} INFO - Processing file /opt/airflow/dags/nasa_dag.py for tasks to queue
[2025-01-24T02:08:15.900+0000] {logging_mixin.py:190} INFO - [2025-01-24T02:08:15.899+0000] {dagbag.py:588} INFO - Filling up the DagBag from /opt/airflow/dags/nasa_dag.py
[2025-01-24T02:08:15.930+0000] {processor.py:925} INFO - DAG(s) 'nasa_dag' retrieved from /opt/airflow/dags/nasa_dag.py
[2025-01-24T02:08:15.948+0000] {logging_mixin.py:190} INFO - [2025-01-24T02:08:15.947+0000] {dag.py:3239} INFO - Sync 1 DAGs
[2025-01-24T02:08:15.967+0000] {logging_mixin.py:190} INFO - [2025-01-24T02:08:15.966+0000] {dag.py:4180} INFO - Setting next_dagrun for nasa_dag to 2025-01-24 02:00:00+00:00, run_after=2025-01-24 03:00:00+00:00
[2025-01-24T02:08:15.988+0000] {processor.py:208} INFO - Processing /opt/airflow/dags/nasa_dag.py took 0.096 seconds
[2025-01-24T02:58:57.324+0000] {processor.py:186} INFO - Started process (PID=57) to work on /opt/airflow/dags/nasa_dag.py
[2025-01-24T02:58:57.325+0000] {processor.py:914} INFO - Processing file /opt/airflow/dags/nasa_dag.py for tasks to queue
[2025-01-24T02:58:57.328+0000] {logging_mixin.py:190} INFO - [2025-01-24T02:58:57.328+0000] {dagbag.py:588} INFO - Filling up the DagBag from /opt/airflow/dags/nasa_dag.py
[2025-01-24T02:58:57.372+0000] {logging_mixin.py:190} INFO - [2025-01-24T02:58:57.366+0000] {dagbag.py:387} ERROR - Failed to import: /opt/airflow/dags/nasa_dag.py
Traceback (most recent call last):
  File "/home/airflow/.local/lib/python3.12/site-packages/airflow/models/dagbag.py", line 383, in parse
    loader.exec_module(new_module)
  File "<frozen importlib._bootstrap_external>", line 995, in exec_module
  File "<frozen importlib._bootstrap>", line 488, in _call_with_frames_removed
  File "/opt/airflow/dags/nasa_dag.py", line 28, in <module>
    with open("/opt/airflow/tmp/data.json", 'r') as file:
         ^^^^^^^^^^^^^^^^^^^^^^^^^^^^^^^^^^^^^^^
FileNotFoundError: [Errno 2] No such file or directory: '/opt/airflow/tmp/data.json'
[2025-01-24T02:58:57.378+0000] {processor.py:927} WARNING - No viable dags retrieved from /opt/airflow/dags/nasa_dag.py
[2025-01-24T02:58:57.398+0000] {processor.py:208} INFO - Processing /opt/airflow/dags/nasa_dag.py took 0.080 seconds
[2025-01-24T02:59:27.701+0000] {processor.py:186} INFO - Started process (PID=64) to work on /opt/airflow/dags/nasa_dag.py
[2025-01-24T02:59:27.702+0000] {processor.py:914} INFO - Processing file /opt/airflow/dags/nasa_dag.py for tasks to queue
[2025-01-24T02:59:27.704+0000] {logging_mixin.py:190} INFO - [2025-01-24T02:59:27.704+0000] {dagbag.py:588} INFO - Filling up the DagBag from /opt/airflow/dags/nasa_dag.py
[2025-01-24T02:59:27.732+0000] {logging_mixin.py:190} INFO - [2025-01-24T02:59:27.729+0000] {dagbag.py:387} ERROR - Failed to import: /opt/airflow/dags/nasa_dag.py
Traceback (most recent call last):
  File "/home/airflow/.local/lib/python3.12/site-packages/airflow/models/dagbag.py", line 383, in parse
    loader.exec_module(new_module)
  File "<frozen importlib._bootstrap_external>", line 995, in exec_module
  File "<frozen importlib._bootstrap>", line 488, in _call_with_frames_removed
  File "/opt/airflow/dags/nasa_dag.py", line 28, in <module>
    with open("/opt/airflow/tmp/data.json", 'r') as file:
         ^^^^^^^^^^^^^^^^^^^^^^^^^^^^^^^^^^^^^^^
FileNotFoundError: [Errno 2] No such file or directory: '/opt/airflow/tmp/data.json'
[2025-01-24T02:59:27.733+0000] {processor.py:927} WARNING - No viable dags retrieved from /opt/airflow/dags/nasa_dag.py
[2025-01-24T02:59:27.753+0000] {processor.py:208} INFO - Processing /opt/airflow/dags/nasa_dag.py took 0.057 seconds
[2025-01-24T02:59:58.042+0000] {processor.py:186} INFO - Started process (PID=71) to work on /opt/airflow/dags/nasa_dag.py
[2025-01-24T02:59:58.042+0000] {processor.py:914} INFO - Processing file /opt/airflow/dags/nasa_dag.py for tasks to queue
[2025-01-24T02:59:58.043+0000] {logging_mixin.py:190} INFO - [2025-01-24T02:59:58.043+0000] {dagbag.py:588} INFO - Filling up the DagBag from /opt/airflow/dags/nasa_dag.py
[2025-01-24T02:59:58.067+0000] {logging_mixin.py:190} INFO - [2025-01-24T02:59:58.065+0000] {dagbag.py:387} ERROR - Failed to import: /opt/airflow/dags/nasa_dag.py
Traceback (most recent call last):
  File "/home/airflow/.local/lib/python3.12/site-packages/airflow/models/dagbag.py", line 383, in parse
    loader.exec_module(new_module)
  File "<frozen importlib._bootstrap_external>", line 995, in exec_module
  File "<frozen importlib._bootstrap>", line 488, in _call_with_frames_removed
  File "/opt/airflow/dags/nasa_dag.py", line 28, in <module>
    with open("/opt/airflow/tmp/data.json", 'r') as file:
         ^^^^^^^^^^^^^^^^^^^^^^^^^^^^^^^^^^^^^^^
FileNotFoundError: [Errno 2] No such file or directory: '/opt/airflow/tmp/data.json'
[2025-01-24T02:59:58.069+0000] {processor.py:927} WARNING - No viable dags retrieved from /opt/airflow/dags/nasa_dag.py
[2025-01-24T02:59:58.088+0000] {processor.py:208} INFO - Processing /opt/airflow/dags/nasa_dag.py took 0.051 seconds
[2025-01-24T03:10:17.151+0000] {processor.py:186} INFO - Started process (PID=56) to work on /opt/airflow/dags/nasa_dag.py
[2025-01-24T03:10:17.153+0000] {processor.py:914} INFO - Processing file /opt/airflow/dags/nasa_dag.py for tasks to queue
[2025-01-24T03:10:17.155+0000] {logging_mixin.py:190} INFO - [2025-01-24T03:10:17.155+0000] {dagbag.py:588} INFO - Filling up the DagBag from /opt/airflow/dags/nasa_dag.py
[2025-01-24T03:10:17.223+0000] {logging_mixin.py:190} INFO - [2025-01-24T03:10:17.215+0000] {dagbag.py:387} ERROR - Failed to import: /opt/airflow/dags/nasa_dag.py
Traceback (most recent call last):
  File "/home/airflow/.local/lib/python3.12/site-packages/airflow/models/dagbag.py", line 383, in parse
    loader.exec_module(new_module)
  File "<frozen importlib._bootstrap_external>", line 995, in exec_module
  File "<frozen importlib._bootstrap>", line 488, in _call_with_frames_removed
  File "/opt/airflow/dags/nasa_dag.py", line 74, in <module>
    data=data,
         ^^^^
NameError: name 'data' is not defined
[2025-01-24T03:10:17.226+0000] {processor.py:927} WARNING - No viable dags retrieved from /opt/airflow/dags/nasa_dag.py
[2025-01-24T03:10:17.246+0000] {processor.py:208} INFO - Processing /opt/airflow/dags/nasa_dag.py took 0.101 seconds
[2025-01-24T03:10:23.229+0000] {processor.py:186} INFO - Started process (PID=63) to work on /opt/airflow/dags/nasa_dag.py
[2025-01-24T03:10:23.230+0000] {processor.py:914} INFO - Processing file /opt/airflow/dags/nasa_dag.py for tasks to queue
[2025-01-24T03:10:23.233+0000] {logging_mixin.py:190} INFO - [2025-01-24T03:10:23.232+0000] {dagbag.py:588} INFO - Filling up the DagBag from /opt/airflow/dags/nasa_dag.py
[2025-01-24T03:10:23.280+0000] {logging_mixin.py:190} INFO - [2025-01-24T03:10:23.271+0000] {dagbag.py:387} ERROR - Failed to import: /opt/airflow/dags/nasa_dag.py
Traceback (most recent call last):
  File "/home/airflow/.local/lib/python3.12/site-packages/airflow/models/dagbag.py", line 383, in parse
    loader.exec_module(new_module)
  File "<frozen importlib._bootstrap_external>", line 995, in exec_module
  File "<frozen importlib._bootstrap>", line 488, in _call_with_frames_removed
  File "/opt/airflow/dags/nasa_dag.py", line 68, in <module>
    insert_data = MongoDBOperator(
                  ^^^^^^^^^^^^^^^^
  File "/home/airflow/.local/lib/python3.12/site-packages/airflow/models/baseoperator.py", line 490, in apply_defaults
    result = func(self, **kwargs, default_args=default_args)
             ^^^^^^^^^^^^^^^^^^^^^^^^^^^^^^^^^^^^^^^^^^^^^^^
  File "/home/airflow/.local/lib/python3.12/site-packages/airflow/utils/decorators.py", line 54, in wrapper
    return func(*args, **kwargs)
           ^^^^^^^^^^^^^^^^^^^^^
  File "/opt/airflow/plugins/operators/mongodb_file_operator.py", line 12, in __init__
    with open("/opt/airflow/tmp/data.json", 'r') as file:
         ^^^^^^^^^^^^^^^^^^^^^^^^^^^^^^^^^^^^^^^
FileNotFoundError: [Errno 2] No such file or directory: '/opt/airflow/tmp/data.json'
[2025-01-24T03:10:23.282+0000] {processor.py:927} WARNING - No viable dags retrieved from /opt/airflow/dags/nasa_dag.py
[2025-01-24T03:10:23.296+0000] {processor.py:208} INFO - Processing /opt/airflow/dags/nasa_dag.py took 0.071 seconds
[2025-01-24T03:10:53.545+0000] {processor.py:186} INFO - Started process (PID=70) to work on /opt/airflow/dags/nasa_dag.py
[2025-01-24T03:10:53.546+0000] {processor.py:914} INFO - Processing file /opt/airflow/dags/nasa_dag.py for tasks to queue
[2025-01-24T03:10:53.549+0000] {logging_mixin.py:190} INFO - [2025-01-24T03:10:53.549+0000] {dagbag.py:588} INFO - Filling up the DagBag from /opt/airflow/dags/nasa_dag.py
[2025-01-24T03:10:53.579+0000] {logging_mixin.py:190} INFO - [2025-01-24T03:10:53.573+0000] {dagbag.py:387} ERROR - Failed to import: /opt/airflow/dags/nasa_dag.py
Traceback (most recent call last):
  File "/home/airflow/.local/lib/python3.12/site-packages/airflow/models/dagbag.py", line 383, in parse
    loader.exec_module(new_module)
  File "<frozen importlib._bootstrap_external>", line 995, in exec_module
  File "<frozen importlib._bootstrap>", line 488, in _call_with_frames_removed
  File "/opt/airflow/dags/nasa_dag.py", line 68, in <module>
    insert_data = MongoDBOperator(
                  ^^^^^^^^^^^^^^^^
  File "/home/airflow/.local/lib/python3.12/site-packages/airflow/models/baseoperator.py", line 490, in apply_defaults
    result = func(self, **kwargs, default_args=default_args)
             ^^^^^^^^^^^^^^^^^^^^^^^^^^^^^^^^^^^^^^^^^^^^^^^
  File "/home/airflow/.local/lib/python3.12/site-packages/airflow/utils/decorators.py", line 54, in wrapper
    return func(*args, **kwargs)
           ^^^^^^^^^^^^^^^^^^^^^
  File "/opt/airflow/plugins/operators/mongodb_file_operator.py", line 12, in __init__
    with open("/opt/airflow/tmp/data.json", 'r') as file:
         ^^^^^^^^^^^^^^^^^^^^^^^^^^^^^^^^^^^^^^^
FileNotFoundError: [Errno 2] No such file or directory: '/opt/airflow/tmp/data.json'
[2025-01-24T03:10:53.581+0000] {processor.py:927} WARNING - No viable dags retrieved from /opt/airflow/dags/nasa_dag.py
[2025-01-24T03:10:53.597+0000] {processor.py:208} INFO - Processing /opt/airflow/dags/nasa_dag.py took 0.058 seconds
[2025-01-24T03:11:51.707+0000] {processor.py:186} INFO - Started process (PID=50) to work on /opt/airflow/dags/nasa_dag.py
[2025-01-24T03:11:51.708+0000] {processor.py:914} INFO - Processing file /opt/airflow/dags/nasa_dag.py for tasks to queue
[2025-01-24T03:11:51.713+0000] {logging_mixin.py:190} INFO - [2025-01-24T03:11:51.712+0000] {dagbag.py:588} INFO - Filling up the DagBag from /opt/airflow/dags/nasa_dag.py
[2025-01-24T03:11:51.778+0000] {logging_mixin.py:190} INFO - [2025-01-24T03:11:51.764+0000] {dagbag.py:387} ERROR - Failed to import: /opt/airflow/dags/nasa_dag.py
Traceback (most recent call last):
  File "/home/airflow/.local/lib/python3.12/site-packages/airflow/models/dagbag.py", line 383, in parse
    loader.exec_module(new_module)
  File "<frozen importlib._bootstrap_external>", line 995, in exec_module
  File "<frozen importlib._bootstrap>", line 488, in _call_with_frames_removed
  File "/opt/airflow/dags/nasa_dag.py", line 68, in <module>
    insert_data = MongoDBOperator(
                  ^^^^^^^^^^^^^^^^
  File "/home/airflow/.local/lib/python3.12/site-packages/airflow/models/baseoperator.py", line 490, in apply_defaults
    result = func(self, **kwargs, default_args=default_args)
             ^^^^^^^^^^^^^^^^^^^^^^^^^^^^^^^^^^^^^^^^^^^^^^^
  File "/home/airflow/.local/lib/python3.12/site-packages/airflow/utils/decorators.py", line 54, in wrapper
    return func(*args, **kwargs)
           ^^^^^^^^^^^^^^^^^^^^^
  File "/opt/airflow/plugins/operators/mongodb_file_operator.py", line 12, in __init__
    with open("/opt/airflow/tmp/data.json", 'r') as file:
         ^^^^^^^^^^^^^^^^^^^^^^^^^^^^^^^^^^^^^^^
FileNotFoundError: [Errno 2] No such file or directory: '/opt/airflow/tmp/data.json'
[2025-01-24T03:11:51.781+0000] {processor.py:927} WARNING - No viable dags retrieved from /opt/airflow/dags/nasa_dag.py
[2025-01-24T03:11:51.807+0000] {processor.py:208} INFO - Processing /opt/airflow/dags/nasa_dag.py took 0.110 seconds
[2025-01-24T03:12:22.054+0000] {processor.py:186} INFO - Started process (PID=57) to work on /opt/airflow/dags/nasa_dag.py
[2025-01-24T03:12:22.054+0000] {processor.py:914} INFO - Processing file /opt/airflow/dags/nasa_dag.py for tasks to queue
[2025-01-24T03:12:22.057+0000] {logging_mixin.py:190} INFO - [2025-01-24T03:12:22.056+0000] {dagbag.py:588} INFO - Filling up the DagBag from /opt/airflow/dags/nasa_dag.py
[2025-01-24T03:12:22.088+0000] {logging_mixin.py:190} INFO - [2025-01-24T03:12:22.082+0000] {dagbag.py:387} ERROR - Failed to import: /opt/airflow/dags/nasa_dag.py
Traceback (most recent call last):
  File "/home/airflow/.local/lib/python3.12/site-packages/airflow/models/dagbag.py", line 383, in parse
    loader.exec_module(new_module)
  File "<frozen importlib._bootstrap_external>", line 995, in exec_module
  File "<frozen importlib._bootstrap>", line 488, in _call_with_frames_removed
  File "/opt/airflow/dags/nasa_dag.py", line 68, in <module>
    insert_data = MongoDBOperator(
                  ^^^^^^^^^^^^^^^^
  File "/home/airflow/.local/lib/python3.12/site-packages/airflow/models/baseoperator.py", line 490, in apply_defaults
    result = func(self, **kwargs, default_args=default_args)
             ^^^^^^^^^^^^^^^^^^^^^^^^^^^^^^^^^^^^^^^^^^^^^^^
  File "/home/airflow/.local/lib/python3.12/site-packages/airflow/utils/decorators.py", line 54, in wrapper
    return func(*args, **kwargs)
           ^^^^^^^^^^^^^^^^^^^^^
  File "/opt/airflow/plugins/operators/mongodb_file_operator.py", line 12, in __init__
    with open("/opt/airflow/tmp/data.json", 'r') as file:
         ^^^^^^^^^^^^^^^^^^^^^^^^^^^^^^^^^^^^^^^
FileNotFoundError: [Errno 2] No such file or directory: '/opt/airflow/tmp/data.json'
[2025-01-24T03:12:22.090+0000] {processor.py:927} WARNING - No viable dags retrieved from /opt/airflow/dags/nasa_dag.py
[2025-01-24T03:12:22.106+0000] {processor.py:208} INFO - Processing /opt/airflow/dags/nasa_dag.py took 0.056 seconds
[2025-01-24T03:21:39.666+0000] {processor.py:186} INFO - Started process (PID=50) to work on /opt/airflow/dags/nasa_dag.py
[2025-01-24T03:21:39.668+0000] {processor.py:914} INFO - Processing file /opt/airflow/dags/nasa_dag.py for tasks to queue
[2025-01-24T03:21:39.671+0000] {logging_mixin.py:190} INFO - [2025-01-24T03:21:39.670+0000] {dagbag.py:588} INFO - Filling up the DagBag from /opt/airflow/dags/nasa_dag.py
[2025-01-24T03:21:39.728+0000] {logging_mixin.py:190} INFO - [2025-01-24T03:21:39.717+0000] {dagbag.py:387} ERROR - Failed to import: /opt/airflow/dags/nasa_dag.py
Traceback (most recent call last):
  File "/home/airflow/.local/lib/python3.12/site-packages/airflow/models/dagbag.py", line 383, in parse
    loader.exec_module(new_module)
  File "<frozen importlib._bootstrap_external>", line 995, in exec_module
  File "<frozen importlib._bootstrap>", line 488, in _call_with_frames_removed
  File "/opt/airflow/dags/nasa_dag.py", line 68, in <module>
    insert_data = MongoDBOperator(
                  ^^^^^^^^^^^^^^^^
  File "/home/airflow/.local/lib/python3.12/site-packages/airflow/models/baseoperator.py", line 490, in apply_defaults
    result = func(self, **kwargs, default_args=default_args)
             ^^^^^^^^^^^^^^^^^^^^^^^^^^^^^^^^^^^^^^^^^^^^^^^
  File "/home/airflow/.local/lib/python3.12/site-packages/airflow/utils/decorators.py", line 54, in wrapper
    return func(*args, **kwargs)
           ^^^^^^^^^^^^^^^^^^^^^
  File "/opt/airflow/plugins/operators/mongodb_file_operator.py", line 12, in __init__
    with open("/opt/airflow/tmp/data.json", 'r') as file:
         ^^^^^^^^^^^^^^^^^^^^^^^^^^^^^^^^^^^^^^^
FileNotFoundError: [Errno 2] No such file or directory: '/opt/airflow/tmp/data.json'
[2025-01-24T03:21:39.730+0000] {processor.py:927} WARNING - No viable dags retrieved from /opt/airflow/dags/nasa_dag.py
[2025-01-24T03:21:39.749+0000] {processor.py:208} INFO - Processing /opt/airflow/dags/nasa_dag.py took 0.088 seconds
[2025-01-24T03:22:09.983+0000] {processor.py:186} INFO - Started process (PID=57) to work on /opt/airflow/dags/nasa_dag.py
[2025-01-24T03:22:09.983+0000] {processor.py:914} INFO - Processing file /opt/airflow/dags/nasa_dag.py for tasks to queue
[2025-01-24T03:22:09.986+0000] {logging_mixin.py:190} INFO - [2025-01-24T03:22:09.985+0000] {dagbag.py:588} INFO - Filling up the DagBag from /opt/airflow/dags/nasa_dag.py
[2025-01-24T03:22:10.018+0000] {logging_mixin.py:190} INFO - [2025-01-24T03:22:10.012+0000] {dagbag.py:387} ERROR - Failed to import: /opt/airflow/dags/nasa_dag.py
Traceback (most recent call last):
  File "/home/airflow/.local/lib/python3.12/site-packages/airflow/models/dagbag.py", line 383, in parse
    loader.exec_module(new_module)
  File "<frozen importlib._bootstrap_external>", line 995, in exec_module
  File "<frozen importlib._bootstrap>", line 488, in _call_with_frames_removed
  File "/opt/airflow/dags/nasa_dag.py", line 68, in <module>
    insert_data = MongoDBOperator(
                  ^^^^^^^^^^^^^^^^
  File "/home/airflow/.local/lib/python3.12/site-packages/airflow/models/baseoperator.py", line 490, in apply_defaults
    result = func(self, **kwargs, default_args=default_args)
             ^^^^^^^^^^^^^^^^^^^^^^^^^^^^^^^^^^^^^^^^^^^^^^^
  File "/home/airflow/.local/lib/python3.12/site-packages/airflow/utils/decorators.py", line 54, in wrapper
    return func(*args, **kwargs)
           ^^^^^^^^^^^^^^^^^^^^^
  File "/opt/airflow/plugins/operators/mongodb_file_operator.py", line 12, in __init__
    with open("/opt/airflow/tmp/data.json", 'r') as file:
         ^^^^^^^^^^^^^^^^^^^^^^^^^^^^^^^^^^^^^^^
FileNotFoundError: [Errno 2] No such file or directory: '/opt/airflow/tmp/data.json'
[2025-01-24T03:22:10.020+0000] {processor.py:927} WARNING - No viable dags retrieved from /opt/airflow/dags/nasa_dag.py
[2025-01-24T03:22:10.035+0000] {processor.py:208} INFO - Processing /opt/airflow/dags/nasa_dag.py took 0.057 seconds
[2025-01-24T03:22:40.336+0000] {processor.py:186} INFO - Started process (PID=64) to work on /opt/airflow/dags/nasa_dag.py
[2025-01-24T03:22:40.337+0000] {processor.py:914} INFO - Processing file /opt/airflow/dags/nasa_dag.py for tasks to queue
[2025-01-24T03:22:40.339+0000] {logging_mixin.py:190} INFO - [2025-01-24T03:22:40.339+0000] {dagbag.py:588} INFO - Filling up the DagBag from /opt/airflow/dags/nasa_dag.py
[2025-01-24T03:22:40.366+0000] {logging_mixin.py:190} INFO - [2025-01-24T03:22:40.362+0000] {dagbag.py:387} ERROR - Failed to import: /opt/airflow/dags/nasa_dag.py
Traceback (most recent call last):
  File "/home/airflow/.local/lib/python3.12/site-packages/airflow/models/dagbag.py", line 383, in parse
    loader.exec_module(new_module)
  File "<frozen importlib._bootstrap_external>", line 995, in exec_module
  File "<frozen importlib._bootstrap>", line 488, in _call_with_frames_removed
  File "/opt/airflow/dags/nasa_dag.py", line 68, in <module>
    insert_data = MongoDBOperator(
                  ^^^^^^^^^^^^^^^^
  File "/home/airflow/.local/lib/python3.12/site-packages/airflow/models/baseoperator.py", line 490, in apply_defaults
    result = func(self, **kwargs, default_args=default_args)
             ^^^^^^^^^^^^^^^^^^^^^^^^^^^^^^^^^^^^^^^^^^^^^^^
  File "/home/airflow/.local/lib/python3.12/site-packages/airflow/utils/decorators.py", line 54, in wrapper
    return func(*args, **kwargs)
           ^^^^^^^^^^^^^^^^^^^^^
  File "/opt/airflow/plugins/operators/mongodb_file_operator.py", line 12, in __init__
    with open("/opt/airflow/tmp/data.json", 'r') as file:
         ^^^^^^^^^^^^^^^^^^^^^^^^^^^^^^^^^^^^^^^
FileNotFoundError: [Errno 2] No such file or directory: '/opt/airflow/tmp/data.json'
[2025-01-24T03:22:40.368+0000] {processor.py:927} WARNING - No viable dags retrieved from /opt/airflow/dags/nasa_dag.py
[2025-01-24T03:22:40.381+0000] {processor.py:208} INFO - Processing /opt/airflow/dags/nasa_dag.py took 0.050 seconds
[2025-01-24T03:23:10.623+0000] {processor.py:186} INFO - Started process (PID=71) to work on /opt/airflow/dags/nasa_dag.py
[2025-01-24T03:23:10.625+0000] {processor.py:914} INFO - Processing file /opt/airflow/dags/nasa_dag.py for tasks to queue
[2025-01-24T03:23:10.628+0000] {logging_mixin.py:190} INFO - [2025-01-24T03:23:10.627+0000] {dagbag.py:588} INFO - Filling up the DagBag from /opt/airflow/dags/nasa_dag.py
[2025-01-24T03:23:10.678+0000] {logging_mixin.py:190} INFO - [2025-01-24T03:23:10.666+0000] {dagbag.py:387} ERROR - Failed to import: /opt/airflow/dags/nasa_dag.py
Traceback (most recent call last):
  File "/home/airflow/.local/lib/python3.12/site-packages/airflow/models/dagbag.py", line 383, in parse
    loader.exec_module(new_module)
  File "<frozen importlib._bootstrap_external>", line 995, in exec_module
  File "<frozen importlib._bootstrap>", line 488, in _call_with_frames_removed
  File "/opt/airflow/dags/nasa_dag.py", line 68, in <module>
    insert_data = MongoDBOperator(
                  ^^^^^^^^^^^^^^^^
  File "/home/airflow/.local/lib/python3.12/site-packages/airflow/models/baseoperator.py", line 490, in apply_defaults
    result = func(self, **kwargs, default_args=default_args)
             ^^^^^^^^^^^^^^^^^^^^^^^^^^^^^^^^^^^^^^^^^^^^^^^
  File "/home/airflow/.local/lib/python3.12/site-packages/airflow/utils/decorators.py", line 54, in wrapper
    return func(*args, **kwargs)
           ^^^^^^^^^^^^^^^^^^^^^
  File "/opt/airflow/plugins/operators/mongodb_file_operator.py", line 12, in __init__
    with open("/opt/airflow/tmp/data.json", 'r') as file:
         ^^^^^^^^^^^^^^^^^^^^^^^^^^^^^^^^^^^^^^^
FileNotFoundError: [Errno 2] No such file or directory: '/opt/airflow/tmp/data.json'
[2025-01-24T03:23:10.682+0000] {processor.py:927} WARNING - No viable dags retrieved from /opt/airflow/dags/nasa_dag.py
[2025-01-24T03:23:10.701+0000] {processor.py:208} INFO - Processing /opt/airflow/dags/nasa_dag.py took 0.083 seconds
[2025-01-24T03:23:40.911+0000] {processor.py:186} INFO - Started process (PID=78) to work on /opt/airflow/dags/nasa_dag.py
[2025-01-24T03:23:40.912+0000] {processor.py:914} INFO - Processing file /opt/airflow/dags/nasa_dag.py for tasks to queue
[2025-01-24T03:23:40.914+0000] {logging_mixin.py:190} INFO - [2025-01-24T03:23:40.913+0000] {dagbag.py:588} INFO - Filling up the DagBag from /opt/airflow/dags/nasa_dag.py
[2025-01-24T03:23:40.943+0000] {logging_mixin.py:190} INFO - [2025-01-24T03:23:40.938+0000] {dagbag.py:387} ERROR - Failed to import: /opt/airflow/dags/nasa_dag.py
Traceback (most recent call last):
  File "/home/airflow/.local/lib/python3.12/site-packages/airflow/models/dagbag.py", line 383, in parse
    loader.exec_module(new_module)
  File "<frozen importlib._bootstrap_external>", line 995, in exec_module
  File "<frozen importlib._bootstrap>", line 488, in _call_with_frames_removed
  File "/opt/airflow/dags/nasa_dag.py", line 68, in <module>
    insert_data = MongoDBOperator(
                  ^^^^^^^^^^^^^^^^
  File "/home/airflow/.local/lib/python3.12/site-packages/airflow/models/baseoperator.py", line 490, in apply_defaults
    result = func(self, **kwargs, default_args=default_args)
             ^^^^^^^^^^^^^^^^^^^^^^^^^^^^^^^^^^^^^^^^^^^^^^^
  File "/home/airflow/.local/lib/python3.12/site-packages/airflow/utils/decorators.py", line 54, in wrapper
    return func(*args, **kwargs)
           ^^^^^^^^^^^^^^^^^^^^^
  File "/opt/airflow/plugins/operators/mongodb_file_operator.py", line 12, in __init__
    with open("/opt/airflow/tmp/data.json", 'r') as file:
         ^^^^^^^^^^^^^^^^^^^^^^^^^^^^^^^^^^^^^^^
FileNotFoundError: [Errno 2] No such file or directory: '/opt/airflow/tmp/data.json'
[2025-01-24T03:23:40.944+0000] {processor.py:927} WARNING - No viable dags retrieved from /opt/airflow/dags/nasa_dag.py
[2025-01-24T03:23:40.960+0000] {processor.py:208} INFO - Processing /opt/airflow/dags/nasa_dag.py took 0.055 seconds
[2025-01-24T03:23:55.110+0000] {processor.py:186} INFO - Started process (PID=85) to work on /opt/airflow/dags/nasa_dag.py
[2025-01-24T03:23:55.111+0000] {processor.py:914} INFO - Processing file /opt/airflow/dags/nasa_dag.py for tasks to queue
[2025-01-24T03:23:55.113+0000] {logging_mixin.py:190} INFO - [2025-01-24T03:23:55.113+0000] {dagbag.py:588} INFO - Filling up the DagBag from /opt/airflow/dags/nasa_dag.py
[2025-01-24T03:23:55.147+0000] {logging_mixin.py:190} INFO - [2025-01-24T03:23:55.143+0000] {dagbag.py:387} ERROR - Failed to import: /opt/airflow/dags/nasa_dag.py
Traceback (most recent call last):
  File "/home/airflow/.local/lib/python3.12/site-packages/airflow/models/dagbag.py", line 383, in parse
    loader.exec_module(new_module)
  File "<frozen importlib._bootstrap_external>", line 995, in exec_module
  File "<frozen importlib._bootstrap>", line 488, in _call_with_frames_removed
  File "/opt/airflow/dags/nasa_dag.py", line 68, in <module>
    insert_data = MongoDBOperator(
                  ^^^^^^^^^^^^^^^^
  File "/home/airflow/.local/lib/python3.12/site-packages/airflow/models/baseoperator.py", line 490, in apply_defaults
    result = func(self, **kwargs, default_args=default_args)
             ^^^^^^^^^^^^^^^^^^^^^^^^^^^^^^^^^^^^^^^^^^^^^^^
  File "/home/airflow/.local/lib/python3.12/site-packages/airflow/utils/decorators.py", line 54, in wrapper
    return func(*args, **kwargs)
           ^^^^^^^^^^^^^^^^^^^^^
  File "/opt/airflow/plugins/operators/mongodb_file_operator.py", line 12, in __init__
    with open("/opt/airflow/tmp/data.json", 'r') as file:
         ^^^^^^^^^^^^^^^^^^^^^^^^^^^^^^^^^^^^^^^
FileNotFoundError: [Errno 2] No such file or directory: '/opt/airflow/tmp/data.json'
[2025-01-24T03:23:55.149+0000] {processor.py:927} WARNING - No viable dags retrieved from /opt/airflow/dags/nasa_dag.py
[2025-01-24T03:23:55.162+0000] {processor.py:208} INFO - Processing /opt/airflow/dags/nasa_dag.py took 0.056 seconds
