[2025-02-03T23:42:31.440+0000] {processor.py:186} INFO - Started process (PID=56) to work on /opt/airflow/dags/nasa_dag.py
[2025-02-03T23:42:31.441+0000] {processor.py:914} INFO - Processing file /opt/airflow/dags/nasa_dag.py for tasks to queue
[2025-02-03T23:42:31.443+0000] {logging_mixin.py:190} INFO - [2025-02-03T23:42:31.443+0000] {dagbag.py:588} INFO - Filling up the DagBag from /opt/airflow/dags/nasa_dag.py
[2025-02-03T23:42:31.520+0000] {processor.py:925} INFO - DAG(s) 'nasa_dag' retrieved from /opt/airflow/dags/nasa_dag.py
[2025-02-03T23:42:31.866+0000] {logging_mixin.py:190} INFO - [2025-02-03T23:42:31.865+0000] {dag.py:3239} INFO - Sync 1 DAGs
[2025-02-03T23:42:31.911+0000] {processor.py:208} INFO - Processing /opt/airflow/dags/nasa_dag.py took 0.479 seconds
[2025-02-03T23:43:02.207+0000] {processor.py:186} INFO - Started process (PID=63) to work on /opt/airflow/dags/nasa_dag.py
[2025-02-03T23:43:02.208+0000] {processor.py:914} INFO - Processing file /opt/airflow/dags/nasa_dag.py for tasks to queue
[2025-02-03T23:43:02.211+0000] {logging_mixin.py:190} INFO - [2025-02-03T23:43:02.210+0000] {dagbag.py:588} INFO - Filling up the DagBag from /opt/airflow/dags/nasa_dag.py
[2025-02-03T23:43:02.256+0000] {processor.py:925} INFO - DAG(s) 'nasa_dag' retrieved from /opt/airflow/dags/nasa_dag.py
[2025-02-03T23:43:02.284+0000] {logging_mixin.py:190} INFO - [2025-02-03T23:43:02.283+0000] {dag.py:3239} INFO - Sync 1 DAGs
[2025-02-03T23:43:02.308+0000] {logging_mixin.py:190} INFO - [2025-02-03T23:43:02.308+0000] {dag.py:4180} INFO - Setting next_dagrun for nasa_dag to 2025-02-03 23:00:00+00:00, run_after=2025-02-04 00:00:00+00:00
[2025-02-03T23:43:02.331+0000] {processor.py:208} INFO - Processing /opt/airflow/dags/nasa_dag.py took 0.130 seconds
[2025-02-03T23:43:32.432+0000] {processor.py:186} INFO - Started process (PID=70) to work on /opt/airflow/dags/nasa_dag.py
[2025-02-03T23:43:32.435+0000] {processor.py:914} INFO - Processing file /opt/airflow/dags/nasa_dag.py for tasks to queue
[2025-02-03T23:43:32.443+0000] {logging_mixin.py:190} INFO - [2025-02-03T23:43:32.442+0000] {dagbag.py:588} INFO - Filling up the DagBag from /opt/airflow/dags/nasa_dag.py
[2025-02-03T23:43:32.531+0000] {processor.py:925} INFO - DAG(s) 'nasa_dag' retrieved from /opt/airflow/dags/nasa_dag.py
[2025-02-03T23:43:32.579+0000] {logging_mixin.py:190} INFO - [2025-02-03T23:43:32.578+0000] {dag.py:3239} INFO - Sync 1 DAGs
[2025-02-03T23:43:32.631+0000] {logging_mixin.py:190} INFO - [2025-02-03T23:43:32.630+0000] {dag.py:4180} INFO - Setting next_dagrun for nasa_dag to 2025-02-03 23:00:00+00:00, run_after=2025-02-04 00:00:00+00:00
[2025-02-03T23:45:18.733+0000] {processor.py:186} INFO - Started process (PID=56) to work on /opt/airflow/dags/nasa_dag.py
[2025-02-03T23:45:18.734+0000] {processor.py:914} INFO - Processing file /opt/airflow/dags/nasa_dag.py for tasks to queue
[2025-02-03T23:45:18.737+0000] {logging_mixin.py:190} INFO - [2025-02-03T23:45:18.737+0000] {dagbag.py:588} INFO - Filling up the DagBag from /opt/airflow/dags/nasa_dag.py
[2025-02-03T23:45:18.796+0000] {processor.py:925} INFO - DAG(s) 'nasa_dag' retrieved from /opt/airflow/dags/nasa_dag.py
[2025-02-03T23:45:18.955+0000] {logging_mixin.py:190} INFO - [2025-02-03T23:45:18.955+0000] {dag.py:3239} INFO - Sync 1 DAGs
[2025-02-03T23:45:18.981+0000] {logging_mixin.py:190} INFO - [2025-02-03T23:45:18.981+0000] {dag.py:4180} INFO - Setting next_dagrun for nasa_dag to 2025-02-03 23:00:00+00:00, run_after=2025-02-04 00:00:00+00:00
[2025-02-03T23:45:19.007+0000] {processor.py:208} INFO - Processing /opt/airflow/dags/nasa_dag.py took 0.280 seconds
[2025-02-03T23:45:49.236+0000] {processor.py:186} INFO - Started process (PID=63) to work on /opt/airflow/dags/nasa_dag.py
[2025-02-03T23:45:49.238+0000] {processor.py:914} INFO - Processing file /opt/airflow/dags/nasa_dag.py for tasks to queue
[2025-02-03T23:45:49.241+0000] {logging_mixin.py:190} INFO - [2025-02-03T23:45:49.240+0000] {dagbag.py:588} INFO - Filling up the DagBag from /opt/airflow/dags/nasa_dag.py
[2025-02-03T23:45:49.304+0000] {processor.py:925} INFO - DAG(s) 'nasa_dag' retrieved from /opt/airflow/dags/nasa_dag.py
[2025-02-03T23:45:49.331+0000] {logging_mixin.py:190} INFO - [2025-02-03T23:45:49.331+0000] {dag.py:3239} INFO - Sync 1 DAGs
[2025-02-03T23:45:49.356+0000] {logging_mixin.py:190} INFO - [2025-02-03T23:45:49.356+0000] {dag.py:4180} INFO - Setting next_dagrun for nasa_dag to 2025-02-03 23:00:00+00:00, run_after=2025-02-04 00:00:00+00:00
[2025-02-03T23:45:49.379+0000] {processor.py:208} INFO - Processing /opt/airflow/dags/nasa_dag.py took 0.147 seconds
[2025-02-03T23:46:19.738+0000] {processor.py:186} INFO - Started process (PID=71) to work on /opt/airflow/dags/nasa_dag.py
[2025-02-03T23:46:19.738+0000] {processor.py:914} INFO - Processing file /opt/airflow/dags/nasa_dag.py for tasks to queue
[2025-02-03T23:46:19.742+0000] {logging_mixin.py:190} INFO - [2025-02-03T23:46:19.742+0000] {dagbag.py:588} INFO - Filling up the DagBag from /opt/airflow/dags/nasa_dag.py
[2025-02-03T23:46:19.772+0000] {processor.py:925} INFO - DAG(s) 'nasa_dag' retrieved from /opt/airflow/dags/nasa_dag.py
[2025-02-03T23:46:19.797+0000] {logging_mixin.py:190} INFO - [2025-02-03T23:46:19.797+0000] {dag.py:3239} INFO - Sync 1 DAGs
[2025-02-03T23:46:19.824+0000] {logging_mixin.py:190} INFO - [2025-02-03T23:46:19.824+0000] {dag.py:4180} INFO - Setting next_dagrun for nasa_dag to 2025-02-03 23:00:00+00:00, run_after=2025-02-04 00:00:00+00:00
[2025-02-03T23:46:19.847+0000] {processor.py:208} INFO - Processing /opt/airflow/dags/nasa_dag.py took 0.115 seconds
[2025-02-03T23:46:50.100+0000] {processor.py:186} INFO - Started process (PID=84) to work on /opt/airflow/dags/nasa_dag.py
[2025-02-03T23:46:50.102+0000] {processor.py:914} INFO - Processing file /opt/airflow/dags/nasa_dag.py for tasks to queue
[2025-02-03T23:46:50.109+0000] {logging_mixin.py:190} INFO - [2025-02-03T23:46:50.108+0000] {dagbag.py:588} INFO - Filling up the DagBag from /opt/airflow/dags/nasa_dag.py
[2025-02-03T23:46:50.205+0000] {processor.py:925} INFO - DAG(s) 'nasa_dag' retrieved from /opt/airflow/dags/nasa_dag.py
[2025-02-03T23:46:50.232+0000] {logging_mixin.py:190} INFO - [2025-02-03T23:46:50.232+0000] {dag.py:3239} INFO - Sync 1 DAGs
[2025-02-03T23:46:50.260+0000] {logging_mixin.py:190} INFO - [2025-02-03T23:46:50.260+0000] {dag.py:4180} INFO - Setting next_dagrun for nasa_dag to 2025-02-03 23:00:00+00:00, run_after=2025-02-04 00:00:00+00:00
[2025-02-03T23:46:50.286+0000] {processor.py:208} INFO - Processing /opt/airflow/dags/nasa_dag.py took 0.195 seconds
[2025-02-03T23:47:20.552+0000] {processor.py:186} INFO - Started process (PID=91) to work on /opt/airflow/dags/nasa_dag.py
[2025-02-03T23:47:20.554+0000] {processor.py:914} INFO - Processing file /opt/airflow/dags/nasa_dag.py for tasks to queue
[2025-02-03T23:47:20.558+0000] {logging_mixin.py:190} INFO - [2025-02-03T23:47:20.557+0000] {dagbag.py:588} INFO - Filling up the DagBag from /opt/airflow/dags/nasa_dag.py
[2025-02-03T23:47:20.627+0000] {processor.py:925} INFO - DAG(s) 'nasa_dag' retrieved from /opt/airflow/dags/nasa_dag.py
[2025-02-03T23:47:20.669+0000] {logging_mixin.py:190} INFO - [2025-02-03T23:47:20.668+0000] {dag.py:3239} INFO - Sync 1 DAGs
[2025-02-03T23:47:20.697+0000] {logging_mixin.py:190} INFO - [2025-02-03T23:47:20.697+0000] {dag.py:4180} INFO - Setting next_dagrun for nasa_dag to 2025-02-03 23:00:00+00:00, run_after=2025-02-04 00:00:00+00:00
[2025-02-03T23:47:20.717+0000] {processor.py:208} INFO - Processing /opt/airflow/dags/nasa_dag.py took 0.173 seconds
[2025-02-03T23:47:51.032+0000] {processor.py:186} INFO - Started process (PID=98) to work on /opt/airflow/dags/nasa_dag.py
[2025-02-03T23:47:51.033+0000] {processor.py:914} INFO - Processing file /opt/airflow/dags/nasa_dag.py for tasks to queue
[2025-02-03T23:47:51.035+0000] {logging_mixin.py:190} INFO - [2025-02-03T23:47:51.035+0000] {dagbag.py:588} INFO - Filling up the DagBag from /opt/airflow/dags/nasa_dag.py
[2025-02-03T23:47:51.119+0000] {processor.py:925} INFO - DAG(s) 'nasa_dag' retrieved from /opt/airflow/dags/nasa_dag.py
[2025-02-03T23:47:51.151+0000] {logging_mixin.py:190} INFO - [2025-02-03T23:47:51.151+0000] {dag.py:3239} INFO - Sync 1 DAGs
[2025-02-03T23:47:51.177+0000] {logging_mixin.py:190} INFO - [2025-02-03T23:47:51.177+0000] {dag.py:4180} INFO - Setting next_dagrun for nasa_dag to 2025-02-03 23:00:00+00:00, run_after=2025-02-04 00:00:00+00:00
[2025-02-03T23:47:51.201+0000] {processor.py:208} INFO - Processing /opt/airflow/dags/nasa_dag.py took 0.175 seconds
[2025-02-03T23:48:21.431+0000] {processor.py:186} INFO - Started process (PID=105) to work on /opt/airflow/dags/nasa_dag.py
[2025-02-03T23:48:21.432+0000] {processor.py:914} INFO - Processing file /opt/airflow/dags/nasa_dag.py for tasks to queue
[2025-02-03T23:48:21.435+0000] {logging_mixin.py:190} INFO - [2025-02-03T23:48:21.435+0000] {dagbag.py:588} INFO - Filling up the DagBag from /opt/airflow/dags/nasa_dag.py
[2025-02-03T23:48:21.482+0000] {processor.py:925} INFO - DAG(s) 'nasa_dag' retrieved from /opt/airflow/dags/nasa_dag.py
[2025-02-03T23:48:21.510+0000] {logging_mixin.py:190} INFO - [2025-02-03T23:48:21.509+0000] {dag.py:3239} INFO - Sync 1 DAGs
[2025-02-03T23:48:21.535+0000] {logging_mixin.py:190} INFO - [2025-02-03T23:48:21.535+0000] {dag.py:4180} INFO - Setting next_dagrun for nasa_dag to 2025-02-03 23:00:00+00:00, run_after=2025-02-04 00:00:00+00:00
[2025-02-03T23:48:21.559+0000] {processor.py:208} INFO - Processing /opt/airflow/dags/nasa_dag.py took 0.135 seconds
[2025-02-03T23:48:52.002+0000] {processor.py:186} INFO - Started process (PID=112) to work on /opt/airflow/dags/nasa_dag.py
[2025-02-03T23:48:52.004+0000] {processor.py:914} INFO - Processing file /opt/airflow/dags/nasa_dag.py for tasks to queue
[2025-02-03T23:48:52.007+0000] {logging_mixin.py:190} INFO - [2025-02-03T23:48:52.007+0000] {dagbag.py:588} INFO - Filling up the DagBag from /opt/airflow/dags/nasa_dag.py
[2025-02-03T23:48:52.068+0000] {processor.py:925} INFO - DAG(s) 'nasa_dag' retrieved from /opt/airflow/dags/nasa_dag.py
[2025-02-03T23:48:52.095+0000] {logging_mixin.py:190} INFO - [2025-02-03T23:48:52.095+0000] {dag.py:3239} INFO - Sync 1 DAGs
[2025-02-03T23:48:52.124+0000] {logging_mixin.py:190} INFO - [2025-02-03T23:48:52.124+0000] {dag.py:4180} INFO - Setting next_dagrun for nasa_dag to 2025-02-03 23:00:00+00:00, run_after=2025-02-04 00:00:00+00:00
[2025-02-03T23:48:52.149+0000] {processor.py:208} INFO - Processing /opt/airflow/dags/nasa_dag.py took 0.153 seconds
