[2025-01-29T00:05:35.061+0000] {local_task_job_runner.py:123} INFO - ::group::Pre task execution logs
[2025-01-29T00:05:35.075+0000] {taskinstance.py:2612} INFO - Dependencies all met for dep_context=non-requeueable deps ti=<TaskInstance: nasa_dag.extract_data manual__2025-01-29T00:05:34.054625+00:00 [queued]>
[2025-01-29T00:05:35.083+0000] {taskinstance.py:2612} INFO - Dependencies all met for dep_context=requeueable deps ti=<TaskInstance: nasa_dag.extract_data manual__2025-01-29T00:05:34.054625+00:00 [queued]>
[2025-01-29T00:05:35.083+0000] {taskinstance.py:2865} INFO - Starting attempt 1 of 2
[2025-01-29T00:05:35.092+0000] {taskinstance.py:2888} INFO - Executing <Task(BashOperator): extract_data> on 2025-01-29 00:05:34.054625+00:00
[2025-01-29T00:05:35.097+0000] {warnings.py:112} WARNING - /home/***/.local/lib/python3.12/site-packages/***/task/task_runner/standard_task_runner.py:70: DeprecationWarning: This process (pid=108) is multi-threaded, use of fork() may lead to deadlocks in the child.
  pid = os.fork()

[2025-01-29T00:05:35.099+0000] {standard_task_runner.py:72} INFO - Started process 109 to run task
[2025-01-29T00:05:35.099+0000] {standard_task_runner.py:104} INFO - Running: ['***', 'tasks', 'run', 'nasa_dag', 'extract_data', 'manual__2025-01-29T00:05:34.054625+00:00', '--job-id', '184', '--raw', '--subdir', 'DAGS_FOLDER/nasa_dag.py', '--cfg-path', '/tmp/tmppasbpycp']
[2025-01-29T00:05:35.100+0000] {standard_task_runner.py:105} INFO - Job 184: Subtask extract_data
[2025-01-29T00:05:35.138+0000] {task_command.py:467} INFO - Running <TaskInstance: nasa_dag.extract_data manual__2025-01-29T00:05:34.054625+00:00 [running]> on host fbf16bed15ba
[2025-01-29T00:05:35.207+0000] {taskinstance.py:3131} INFO - Exporting env vars: AIRFLOW_CTX_DAG_EMAIL='milo0@gmail.com' AIRFLOW_CTX_DAG_OWNER='camilo' AIRFLOW_CTX_DAG_ID='nasa_dag' AIRFLOW_CTX_TASK_ID='extract_data' AIRFLOW_CTX_EXECUTION_DATE='2025-01-29T00:05:34.054625+00:00' AIRFLOW_CTX_TRY_NUMBER='1' AIRFLOW_CTX_DAG_RUN_ID='manual__2025-01-29T00:05:34.054625+00:00'
[2025-01-29T00:05:35.208+0000] {taskinstance.py:731} INFO - ::endgroup::
[2025-01-29T00:05:35.221+0000] {subprocess.py:63} INFO - Tmp dir root location: /tmp
[2025-01-29T00:05:35.222+0000] {subprocess.py:75} INFO - Running command: ['/usr/bin/bash', '-c', 'python /opt/***/tmp/extract_api_nasa.py']
[2025-01-29T00:05:35.231+0000] {subprocess.py:86} INFO - Output:
[2025-01-29T00:05:37.450+0000] {subprocess.py:93} INFO - {'copyright': '\nMauricio Salazar\n', 'date': '2025-01-28', 'explanation': "Comets can be huge. When far from the Sun, a comet's size usually refers to its hard nucleus of ice and rock, which typically spans a few kilometers -- smaller than even a small moon. When nearing the Sun, however, this nucleus can eject dust and gas and leave a thin tail that can spread to an enormous length -- even greater than the distance between the Earth and the Sun. Pictured, C/2024 G3 (ATLAS) sports a tail of sunlight-reflecting dust and glowing gas that spans several times the apparent size of a full moon, appearing even larger on long duration camera images than to the unaided eye. The featured image shows impressive Comet ATLAS over trees and a grass field in Sierras de Mahoma, San Jose, Uruguay about a week ago.  After being prominent in the sunset skies of Earth's southern hemisphere, Comet G3 ATLAS is now fading as it moves away from the Sun, making its impressive tails increasingly hard to see.    Gallery: Comet ATLAS (G3)", 'hdurl': 'https://apod.nasa.gov/apod/image/2501/AtlasFields_Salazar_3214.jpg', 'media_type': 'image', 'service_version': 'v1', 'title': 'Comet G3 ATLAS over Uruguay', 'url': 'https://apod.nasa.gov/apod/image/2501/AtlasFields_Salazar_1080.jpg'}
[2025-01-29T00:05:37.451+0000] {subprocess.py:93} INFO - Nuevo objeto agregado al archivo /opt/***/tmp/data.json
[2025-01-29T00:05:37.529+0000] {subprocess.py:97} INFO - Command exited with return code 0
[2025-01-29T00:05:37.553+0000] {taskinstance.py:340} INFO - ::group::Post task execution logs
[2025-01-29T00:05:37.553+0000] {taskinstance.py:352} INFO - Marking task as SUCCESS. dag_id=nasa_dag, task_id=extract_data, run_id=manual__2025-01-29T00:05:34.054625+00:00, execution_date=20250129T000534, start_date=20250129T000535, end_date=20250129T000537
[2025-01-29T00:05:37.606+0000] {local_task_job_runner.py:266} INFO - Task exited with return code 0
[2025-01-29T00:05:37.624+0000] {taskinstance.py:3900} INFO - 1 downstream tasks scheduled from follow-on schedule check
[2025-01-29T00:05:37.626+0000] {local_task_job_runner.py:245} INFO - ::endgroup::
