[2025-01-24T02:05:26.474+0000] {local_task_job_runner.py:123} INFO - ::group::Pre task execution logs
[2025-01-24T02:05:26.489+0000] {taskinstance.py:2612} INFO - Dependencies all met for dep_context=non-requeueable deps ti=<TaskInstance: nasa_dag.insert_data manual__2025-01-24T02:05:21.302135+00:00 [queued]>
[2025-01-24T02:05:26.498+0000] {taskinstance.py:2612} INFO - Dependencies all met for dep_context=requeueable deps ti=<TaskInstance: nasa_dag.insert_data manual__2025-01-24T02:05:21.302135+00:00 [queued]>
[2025-01-24T02:05:26.499+0000] {taskinstance.py:2865} INFO - Starting attempt 1 of 1
[2025-01-24T02:05:26.512+0000] {taskinstance.py:2888} INFO - Executing <Task(MongoDBOperator): insert_data> on 2025-01-24 02:05:21.302135+00:00
[2025-01-24T02:05:26.517+0000] {warnings.py:112} WARNING - /home/***/.local/lib/python3.12/site-packages/***/task/task_runner/standard_task_runner.py:70: DeprecationWarning: This process (pid=92) is multi-threaded, use of fork() may lead to deadlocks in the child.
  pid = os.fork()

[2025-01-24T02:05:26.518+0000] {standard_task_runner.py:72} INFO - Started process 93 to run task
[2025-01-24T02:05:26.519+0000] {standard_task_runner.py:104} INFO - Running: ['***', 'tasks', 'run', 'nasa_dag', 'insert_data', 'manual__2025-01-24T02:05:21.302135+00:00', '--job-id', '90', '--raw', '--subdir', 'DAGS_FOLDER/nasa_dag.py', '--cfg-path', '/tmp/tmpqj_1148g']
[2025-01-24T02:05:26.520+0000] {standard_task_runner.py:105} INFO - Job 90: Subtask insert_data
[2025-01-24T02:05:26.560+0000] {task_command.py:467} INFO - Running <TaskInstance: nasa_dag.insert_data manual__2025-01-24T02:05:21.302135+00:00 [running]> on host 530245d0e6c7
[2025-01-24T02:05:26.626+0000] {taskinstance.py:3131} INFO - Exporting env vars: AIRFLOW_CTX_DAG_OWNER='***' AIRFLOW_CTX_DAG_ID='nasa_dag' AIRFLOW_CTX_TASK_ID='insert_data' AIRFLOW_CTX_EXECUTION_DATE='2025-01-24T02:05:21.302135+00:00' AIRFLOW_CTX_TRY_NUMBER='1' AIRFLOW_CTX_DAG_RUN_ID='manual__2025-01-24T02:05:21.302135+00:00'
[2025-01-24T02:05:26.627+0000] {taskinstance.py:731} INFO - ::endgroup::
[2025-01-24T02:05:26.643+0000] {base.py:84} INFO - Retrieving connection 'mongo_default'
[2025-01-24T02:05:26.680+0000] {mongodb_file_operator.py:42} INFO - Inserted document ID: 6792f56636ebdfa99d9984dd
[2025-01-24T02:05:26.690+0000] {taskinstance.py:340} INFO - ::group::Post task execution logs
[2025-01-24T02:05:26.690+0000] {taskinstance.py:352} INFO - Marking task as SUCCESS. dag_id=nasa_dag, task_id=insert_data, run_id=manual__2025-01-24T02:05:21.302135+00:00, execution_date=20250124T020521, start_date=20250124T020526, end_date=20250124T020526
[2025-01-24T02:05:26.734+0000] {local_task_job_runner.py:266} INFO - Task exited with return code 0
[2025-01-24T02:05:26.749+0000] {taskinstance.py:3900} INFO - 0 downstream tasks scheduled from follow-on schedule check
[2025-01-24T02:05:26.750+0000] {local_task_job_runner.py:245} INFO - ::endgroup::
