[2025-01-30T00:24:47.014+0000] {processor.py:186} INFO - Started process (PID=61) to work on /opt/airflow/dags/nasa_dag.py
[2025-01-30T00:24:47.016+0000] {processor.py:914} INFO - Processing file /opt/airflow/dags/nasa_dag.py for tasks to queue
[2025-01-30T00:24:47.018+0000] {logging_mixin.py:190} INFO - [2025-01-30T00:24:47.018+0000] {dagbag.py:588} INFO - Filling up the DagBag from /opt/airflow/dags/nasa_dag.py
[2025-01-30T00:24:47.081+0000] {processor.py:925} INFO - DAG(s) 'nasa_dag' retrieved from /opt/airflow/dags/nasa_dag.py
[2025-01-30T00:24:47.472+0000] {logging_mixin.py:190} INFO - [2025-01-30T00:24:47.471+0000] {dag.py:3239} INFO - Sync 1 DAGs
[2025-01-30T00:24:47.503+0000] {logging_mixin.py:190} INFO - [2025-01-30T00:24:47.503+0000] {dag.py:4180} INFO - Setting next_dagrun for nasa_dag to 2025-01-30 00:00:00+00:00, run_after=2025-01-30 01:00:00+00:00
[2025-01-30T00:24:47.533+0000] {processor.py:208} INFO - Processing /opt/airflow/dags/nasa_dag.py took 0.526 seconds
[2025-01-30T00:25:17.780+0000] {processor.py:186} INFO - Started process (PID=68) to work on /opt/airflow/dags/nasa_dag.py
[2025-01-30T00:25:17.781+0000] {processor.py:914} INFO - Processing file /opt/airflow/dags/nasa_dag.py for tasks to queue
[2025-01-30T00:25:17.784+0000] {logging_mixin.py:190} INFO - [2025-01-30T00:25:17.784+0000] {dagbag.py:588} INFO - Filling up the DagBag from /opt/airflow/dags/nasa_dag.py
[2025-01-30T00:25:17.816+0000] {processor.py:925} INFO - DAG(s) 'nasa_dag' retrieved from /opt/airflow/dags/nasa_dag.py
[2025-01-30T00:25:17.835+0000] {logging_mixin.py:190} INFO - [2025-01-30T00:25:17.835+0000] {dag.py:3239} INFO - Sync 1 DAGs
[2025-01-30T00:25:17.854+0000] {logging_mixin.py:190} INFO - [2025-01-30T00:25:17.854+0000] {dag.py:4180} INFO - Setting next_dagrun for nasa_dag to 2025-01-30 00:00:00+00:00, run_after=2025-01-30 01:00:00+00:00
[2025-01-30T00:25:17.874+0000] {processor.py:208} INFO - Processing /opt/airflow/dags/nasa_dag.py took 0.100 seconds
[2025-01-30T00:25:47.987+0000] {processor.py:186} INFO - Started process (PID=75) to work on /opt/airflow/dags/nasa_dag.py
[2025-01-30T00:25:47.988+0000] {processor.py:914} INFO - Processing file /opt/airflow/dags/nasa_dag.py for tasks to queue
[2025-01-30T00:25:47.991+0000] {logging_mixin.py:190} INFO - [2025-01-30T00:25:47.990+0000] {dagbag.py:588} INFO - Filling up the DagBag from /opt/airflow/dags/nasa_dag.py
[2025-01-30T00:25:48.023+0000] {processor.py:925} INFO - DAG(s) 'nasa_dag' retrieved from /opt/airflow/dags/nasa_dag.py
[2025-01-30T00:25:48.053+0000] {logging_mixin.py:190} INFO - [2025-01-30T00:25:48.053+0000] {dag.py:3239} INFO - Sync 1 DAGs
[2025-01-30T00:25:48.076+0000] {logging_mixin.py:190} INFO - [2025-01-30T00:25:48.075+0000] {dag.py:4180} INFO - Setting next_dagrun for nasa_dag to 2025-01-30 00:00:00+00:00, run_after=2025-01-30 01:00:00+00:00
[2025-01-30T00:25:48.094+0000] {processor.py:208} INFO - Processing /opt/airflow/dags/nasa_dag.py took 0.112 seconds
[2025-01-30T01:40:56.100+0000] {processor.py:186} INFO - Started process (PID=50) to work on /opt/airflow/dags/nasa_dag.py
[2025-01-30T01:40:56.101+0000] {processor.py:914} INFO - Processing file /opt/airflow/dags/nasa_dag.py for tasks to queue
[2025-01-30T01:40:56.103+0000] {logging_mixin.py:190} INFO - [2025-01-30T01:40:56.103+0000] {dagbag.py:588} INFO - Filling up the DagBag from /opt/airflow/dags/nasa_dag.py
[2025-01-30T01:40:56.143+0000] {processor.py:925} INFO - DAG(s) 'nasa_dag' retrieved from /opt/airflow/dags/nasa_dag.py
[2025-01-30T01:40:56.296+0000] {logging_mixin.py:190} INFO - [2025-01-30T01:40:56.296+0000] {dag.py:3239} INFO - Sync 1 DAGs
[2025-01-30T01:40:56.323+0000] {logging_mixin.py:190} INFO - [2025-01-30T01:40:56.322+0000] {dag.py:4180} INFO - Setting next_dagrun for nasa_dag to 2025-01-30 00:00:00+00:00, run_after=2025-01-30 01:00:00+00:00
[2025-01-30T01:40:56.339+0000] {processor.py:208} INFO - Processing /opt/airflow/dags/nasa_dag.py took 0.246 seconds
[2025-01-30T01:41:26.537+0000] {processor.py:186} INFO - Started process (PID=57) to work on /opt/airflow/dags/nasa_dag.py
[2025-01-30T01:41:26.538+0000] {processor.py:914} INFO - Processing file /opt/airflow/dags/nasa_dag.py for tasks to queue
[2025-01-30T01:41:26.540+0000] {logging_mixin.py:190} INFO - [2025-01-30T01:41:26.540+0000] {dagbag.py:588} INFO - Filling up the DagBag from /opt/airflow/dags/nasa_dag.py
[2025-01-30T01:41:26.566+0000] {processor.py:925} INFO - DAG(s) 'nasa_dag' retrieved from /opt/airflow/dags/nasa_dag.py
[2025-01-30T01:41:26.584+0000] {logging_mixin.py:190} INFO - [2025-01-30T01:41:26.583+0000] {dag.py:3239} INFO - Sync 1 DAGs
[2025-01-30T01:41:26.601+0000] {logging_mixin.py:190} INFO - [2025-01-30T01:41:26.601+0000] {dag.py:4180} INFO - Setting next_dagrun for nasa_dag to 2025-01-30 00:00:00+00:00, run_after=2025-01-30 01:00:00+00:00
[2025-01-30T01:41:26.620+0000] {processor.py:208} INFO - Processing /opt/airflow/dags/nasa_dag.py took 0.088 seconds
[2025-01-30T01:41:56.877+0000] {processor.py:186} INFO - Started process (PID=64) to work on /opt/airflow/dags/nasa_dag.py
[2025-01-30T01:41:56.878+0000] {processor.py:914} INFO - Processing file /opt/airflow/dags/nasa_dag.py for tasks to queue
[2025-01-30T01:41:56.880+0000] {logging_mixin.py:190} INFO - [2025-01-30T01:41:56.880+0000] {dagbag.py:588} INFO - Filling up the DagBag from /opt/airflow/dags/nasa_dag.py
[2025-01-30T01:41:56.907+0000] {processor.py:925} INFO - DAG(s) 'nasa_dag' retrieved from /opt/airflow/dags/nasa_dag.py
[2025-01-30T01:41:56.931+0000] {logging_mixin.py:190} INFO - [2025-01-30T01:41:56.930+0000] {dag.py:3239} INFO - Sync 1 DAGs
[2025-01-30T01:41:56.954+0000] {logging_mixin.py:190} INFO - [2025-01-30T01:41:56.954+0000] {dag.py:4180} INFO - Setting next_dagrun for nasa_dag to 2025-01-30 00:00:00+00:00, run_after=2025-01-30 01:00:00+00:00
[2025-01-30T01:41:56.973+0000] {processor.py:208} INFO - Processing /opt/airflow/dags/nasa_dag.py took 0.101 seconds
[2025-01-30T01:42:27.262+0000] {processor.py:186} INFO - Started process (PID=71) to work on /opt/airflow/dags/nasa_dag.py
[2025-01-30T01:42:27.263+0000] {processor.py:914} INFO - Processing file /opt/airflow/dags/nasa_dag.py for tasks to queue
[2025-01-30T01:42:27.264+0000] {logging_mixin.py:190} INFO - [2025-01-30T01:42:27.264+0000] {dagbag.py:588} INFO - Filling up the DagBag from /opt/airflow/dags/nasa_dag.py
[2025-01-30T01:42:27.289+0000] {processor.py:925} INFO - DAG(s) 'nasa_dag' retrieved from /opt/airflow/dags/nasa_dag.py
[2025-01-30T01:42:27.311+0000] {logging_mixin.py:190} INFO - [2025-01-30T01:42:27.311+0000] {dag.py:3239} INFO - Sync 1 DAGs
[2025-01-30T01:42:27.336+0000] {logging_mixin.py:190} INFO - [2025-01-30T01:42:27.336+0000] {dag.py:4180} INFO - Setting next_dagrun for nasa_dag to 2025-01-30 00:00:00+00:00, run_after=2025-01-30 01:00:00+00:00
[2025-01-30T01:42:27.356+0000] {processor.py:208} INFO - Processing /opt/airflow/dags/nasa_dag.py took 0.098 seconds
[2025-01-30T01:42:57.557+0000] {processor.py:186} INFO - Started process (PID=84) to work on /opt/airflow/dags/nasa_dag.py
[2025-01-30T01:42:57.558+0000] {processor.py:914} INFO - Processing file /opt/airflow/dags/nasa_dag.py for tasks to queue
[2025-01-30T01:42:57.560+0000] {logging_mixin.py:190} INFO - [2025-01-30T01:42:57.560+0000] {dagbag.py:588} INFO - Filling up the DagBag from /opt/airflow/dags/nasa_dag.py
[2025-01-30T01:42:57.585+0000] {processor.py:925} INFO - DAG(s) 'nasa_dag' retrieved from /opt/airflow/dags/nasa_dag.py
[2025-01-30T01:42:57.608+0000] {logging_mixin.py:190} INFO - [2025-01-30T01:42:57.607+0000] {dag.py:3239} INFO - Sync 1 DAGs
[2025-01-30T01:42:57.631+0000] {logging_mixin.py:190} INFO - [2025-01-30T01:42:57.631+0000] {dag.py:4180} INFO - Setting next_dagrun for nasa_dag to 2025-01-30 01:00:00+00:00, run_after=2025-01-30 02:00:00+00:00
[2025-01-30T01:42:57.651+0000] {processor.py:208} INFO - Processing /opt/airflow/dags/nasa_dag.py took 0.101 seconds
[2025-01-30T01:43:27.976+0000] {processor.py:186} INFO - Started process (PID=91) to work on /opt/airflow/dags/nasa_dag.py
[2025-01-30T01:43:27.977+0000] {processor.py:914} INFO - Processing file /opt/airflow/dags/nasa_dag.py for tasks to queue
[2025-01-30T01:43:27.979+0000] {logging_mixin.py:190} INFO - [2025-01-30T01:43:27.978+0000] {dagbag.py:588} INFO - Filling up the DagBag from /opt/airflow/dags/nasa_dag.py
[2025-01-30T01:43:28.001+0000] {processor.py:925} INFO - DAG(s) 'nasa_dag' retrieved from /opt/airflow/dags/nasa_dag.py
[2025-01-30T01:43:28.020+0000] {logging_mixin.py:190} INFO - [2025-01-30T01:43:28.020+0000] {dag.py:3239} INFO - Sync 1 DAGs
[2025-01-30T01:43:28.041+0000] {logging_mixin.py:190} INFO - [2025-01-30T01:43:28.041+0000] {dag.py:4180} INFO - Setting next_dagrun for nasa_dag to 2025-01-30 01:00:00+00:00, run_after=2025-01-30 02:00:00+00:00
[2025-01-30T01:43:28.061+0000] {processor.py:208} INFO - Processing /opt/airflow/dags/nasa_dag.py took 0.090 seconds
[2025-01-30T01:43:58.274+0000] {processor.py:186} INFO - Started process (PID=98) to work on /opt/airflow/dags/nasa_dag.py
[2025-01-30T01:43:58.276+0000] {processor.py:914} INFO - Processing file /opt/airflow/dags/nasa_dag.py for tasks to queue
[2025-01-30T01:43:58.279+0000] {logging_mixin.py:190} INFO - [2025-01-30T01:43:58.278+0000] {dagbag.py:588} INFO - Filling up the DagBag from /opt/airflow/dags/nasa_dag.py
[2025-01-30T01:43:58.304+0000] {processor.py:925} INFO - DAG(s) 'nasa_dag' retrieved from /opt/airflow/dags/nasa_dag.py
[2025-01-30T01:43:58.324+0000] {logging_mixin.py:190} INFO - [2025-01-30T01:43:58.324+0000] {dag.py:3239} INFO - Sync 1 DAGs
[2025-01-30T01:43:58.358+0000] {processor.py:208} INFO - Processing /opt/airflow/dags/nasa_dag.py took 0.090 seconds
[2025-01-30T01:44:28.664+0000] {processor.py:186} INFO - Started process (PID=105) to work on /opt/airflow/dags/nasa_dag.py
[2025-01-30T01:44:28.665+0000] {processor.py:914} INFO - Processing file /opt/airflow/dags/nasa_dag.py for tasks to queue
[2025-01-30T01:44:28.666+0000] {logging_mixin.py:190} INFO - [2025-01-30T01:44:28.666+0000] {dagbag.py:588} INFO - Filling up the DagBag from /opt/airflow/dags/nasa_dag.py
[2025-01-30T01:44:28.702+0000] {processor.py:925} INFO - DAG(s) 'nasa_dag' retrieved from /opt/airflow/dags/nasa_dag.py
[2025-01-30T01:44:28.728+0000] {logging_mixin.py:190} INFO - [2025-01-30T01:44:28.728+0000] {dag.py:3239} INFO - Sync 1 DAGs
[2025-01-30T01:44:28.771+0000] {logging_mixin.py:190} INFO - [2025-01-30T01:44:28.771+0000] {dag.py:4180} INFO - Setting next_dagrun for nasa_dag to 2025-01-30 01:00:00+00:00, run_after=2025-01-30 02:00:00+00:00
[2025-01-30T01:44:28.797+0000] {processor.py:208} INFO - Processing /opt/airflow/dags/nasa_dag.py took 0.136 seconds
[2025-01-30T01:44:58.975+0000] {processor.py:186} INFO - Started process (PID=112) to work on /opt/airflow/dags/nasa_dag.py
[2025-01-30T01:44:58.976+0000] {processor.py:914} INFO - Processing file /opt/airflow/dags/nasa_dag.py for tasks to queue
[2025-01-30T01:44:58.977+0000] {logging_mixin.py:190} INFO - [2025-01-30T01:44:58.977+0000] {dagbag.py:588} INFO - Filling up the DagBag from /opt/airflow/dags/nasa_dag.py
[2025-01-30T01:44:59.000+0000] {processor.py:925} INFO - DAG(s) 'nasa_dag' retrieved from /opt/airflow/dags/nasa_dag.py
[2025-01-30T01:44:59.022+0000] {logging_mixin.py:190} INFO - [2025-01-30T01:44:59.022+0000] {dag.py:3239} INFO - Sync 1 DAGs
[2025-01-30T01:44:59.041+0000] {logging_mixin.py:190} INFO - [2025-01-30T01:44:59.040+0000] {dag.py:4180} INFO - Setting next_dagrun for nasa_dag to 2025-01-30 01:00:00+00:00, run_after=2025-01-30 02:00:00+00:00
[2025-01-30T01:44:59.057+0000] {processor.py:208} INFO - Processing /opt/airflow/dags/nasa_dag.py took 0.086 seconds
[2025-01-30T01:58:04.391+0000] {processor.py:186} INFO - Started process (PID=50) to work on /opt/airflow/dags/nasa_dag.py
[2025-01-30T01:58:04.393+0000] {processor.py:914} INFO - Processing file /opt/airflow/dags/nasa_dag.py for tasks to queue
[2025-01-30T01:58:04.396+0000] {logging_mixin.py:190} INFO - [2025-01-30T01:58:04.396+0000] {dagbag.py:588} INFO - Filling up the DagBag from /opt/airflow/dags/nasa_dag.py
[2025-01-30T01:58:04.463+0000] {processor.py:925} INFO - DAG(s) 'nasa_dag' retrieved from /opt/airflow/dags/nasa_dag.py
[2025-01-30T01:58:04.655+0000] {logging_mixin.py:190} INFO - [2025-01-30T01:58:04.655+0000] {dag.py:3239} INFO - Sync 1 DAGs
[2025-01-30T01:58:04.681+0000] {logging_mixin.py:190} INFO - [2025-01-30T01:58:04.681+0000] {dag.py:4180} INFO - Setting next_dagrun for nasa_dag to 2025-01-30 01:00:00+00:00, run_after=2025-01-30 02:00:00+00:00
[2025-01-30T01:58:04.698+0000] {processor.py:208} INFO - Processing /opt/airflow/dags/nasa_dag.py took 0.316 seconds
[2025-01-30T01:58:34.796+0000] {processor.py:186} INFO - Started process (PID=58) to work on /opt/airflow/dags/nasa_dag.py
[2025-01-30T01:58:34.797+0000] {processor.py:914} INFO - Processing file /opt/airflow/dags/nasa_dag.py for tasks to queue
[2025-01-30T01:58:34.799+0000] {logging_mixin.py:190} INFO - [2025-01-30T01:58:34.799+0000] {dagbag.py:588} INFO - Filling up the DagBag from /opt/airflow/dags/nasa_dag.py
[2025-01-30T01:58:34.822+0000] {processor.py:925} INFO - DAG(s) 'nasa_dag' retrieved from /opt/airflow/dags/nasa_dag.py
[2025-01-30T01:58:34.842+0000] {logging_mixin.py:190} INFO - [2025-01-30T01:58:34.842+0000] {dag.py:3239} INFO - Sync 1 DAGs
[2025-01-30T01:58:34.862+0000] {logging_mixin.py:190} INFO - [2025-01-30T01:58:34.861+0000] {dag.py:4180} INFO - Setting next_dagrun for nasa_dag to 2025-01-30 01:00:00+00:00, run_after=2025-01-30 02:00:00+00:00
[2025-01-30T01:58:34.878+0000] {processor.py:208} INFO - Processing /opt/airflow/dags/nasa_dag.py took 0.086 seconds
[2025-01-30T01:59:05.046+0000] {processor.py:186} INFO - Started process (PID=65) to work on /opt/airflow/dags/nasa_dag.py
[2025-01-30T01:59:05.047+0000] {processor.py:914} INFO - Processing file /opt/airflow/dags/nasa_dag.py for tasks to queue
[2025-01-30T01:59:05.049+0000] {logging_mixin.py:190} INFO - [2025-01-30T01:59:05.049+0000] {dagbag.py:588} INFO - Filling up the DagBag from /opt/airflow/dags/nasa_dag.py
[2025-01-30T01:59:05.073+0000] {processor.py:925} INFO - DAG(s) 'nasa_dag' retrieved from /opt/airflow/dags/nasa_dag.py
[2025-01-30T01:59:05.090+0000] {logging_mixin.py:190} INFO - [2025-01-30T01:59:05.090+0000] {dag.py:3239} INFO - Sync 1 DAGs
[2025-01-30T01:59:05.108+0000] {logging_mixin.py:190} INFO - [2025-01-30T01:59:05.108+0000] {dag.py:4180} INFO - Setting next_dagrun for nasa_dag to 2025-01-30 01:00:00+00:00, run_after=2025-01-30 02:00:00+00:00
[2025-01-30T01:59:05.123+0000] {processor.py:208} INFO - Processing /opt/airflow/dags/nasa_dag.py took 0.081 seconds
[2025-01-30T01:59:35.403+0000] {processor.py:186} INFO - Started process (PID=73) to work on /opt/airflow/dags/nasa_dag.py
[2025-01-30T01:59:35.403+0000] {processor.py:914} INFO - Processing file /opt/airflow/dags/nasa_dag.py for tasks to queue
[2025-01-30T01:59:35.405+0000] {logging_mixin.py:190} INFO - [2025-01-30T01:59:35.405+0000] {dagbag.py:588} INFO - Filling up the DagBag from /opt/airflow/dags/nasa_dag.py
[2025-01-30T01:59:35.429+0000] {processor.py:925} INFO - DAG(s) 'nasa_dag' retrieved from /opt/airflow/dags/nasa_dag.py
[2025-01-30T01:59:35.446+0000] {logging_mixin.py:190} INFO - [2025-01-30T01:59:35.446+0000] {dag.py:3239} INFO - Sync 1 DAGs
[2025-01-30T01:59:35.464+0000] {logging_mixin.py:190} INFO - [2025-01-30T01:59:35.464+0000] {dag.py:4180} INFO - Setting next_dagrun for nasa_dag to 2025-01-30 01:00:00+00:00, run_after=2025-01-30 02:00:00+00:00
[2025-01-30T01:59:35.477+0000] {processor.py:208} INFO - Processing /opt/airflow/dags/nasa_dag.py took 0.078 seconds
[2025-01-30T02:00:05.747+0000] {processor.py:186} INFO - Started process (PID=80) to work on /opt/airflow/dags/nasa_dag.py
[2025-01-30T02:00:05.748+0000] {processor.py:914} INFO - Processing file /opt/airflow/dags/nasa_dag.py for tasks to queue
[2025-01-30T02:00:05.750+0000] {logging_mixin.py:190} INFO - [2025-01-30T02:00:05.750+0000] {dagbag.py:588} INFO - Filling up the DagBag from /opt/airflow/dags/nasa_dag.py
[2025-01-30T02:00:05.793+0000] {processor.py:925} INFO - DAG(s) 'nasa_dag' retrieved from /opt/airflow/dags/nasa_dag.py
[2025-01-30T02:00:05.816+0000] {logging_mixin.py:190} INFO - [2025-01-30T02:00:05.816+0000] {dag.py:3239} INFO - Sync 1 DAGs
[2025-01-30T02:00:05.838+0000] {logging_mixin.py:190} INFO - [2025-01-30T02:00:05.838+0000] {dag.py:4180} INFO - Setting next_dagrun for nasa_dag to 2025-01-30 02:00:00+00:00, run_after=2025-01-30 03:00:00+00:00
[2025-01-30T02:00:05.855+0000] {processor.py:208} INFO - Processing /opt/airflow/dags/nasa_dag.py took 0.111 seconds
[2025-01-30T02:00:36.094+0000] {processor.py:186} INFO - Started process (PID=93) to work on /opt/airflow/dags/nasa_dag.py
[2025-01-30T02:00:36.094+0000] {processor.py:914} INFO - Processing file /opt/airflow/dags/nasa_dag.py for tasks to queue
[2025-01-30T02:00:36.096+0000] {logging_mixin.py:190} INFO - [2025-01-30T02:00:36.096+0000] {dagbag.py:588} INFO - Filling up the DagBag from /opt/airflow/dags/nasa_dag.py
[2025-01-30T02:00:36.121+0000] {processor.py:925} INFO - DAG(s) 'nasa_dag' retrieved from /opt/airflow/dags/nasa_dag.py
[2025-01-30T02:00:36.145+0000] {logging_mixin.py:190} INFO - [2025-01-30T02:00:36.144+0000] {dag.py:3239} INFO - Sync 1 DAGs
[2025-01-30T02:00:36.164+0000] {logging_mixin.py:190} INFO - [2025-01-30T02:00:36.164+0000] {dag.py:4180} INFO - Setting next_dagrun for nasa_dag to 2025-01-30 02:00:00+00:00, run_after=2025-01-30 03:00:00+00:00
[2025-01-30T02:00:36.181+0000] {processor.py:208} INFO - Processing /opt/airflow/dags/nasa_dag.py took 0.092 seconds
[2025-01-30T02:01:06.488+0000] {processor.py:186} INFO - Started process (PID=100) to work on /opt/airflow/dags/nasa_dag.py
[2025-01-30T02:01:06.488+0000] {processor.py:914} INFO - Processing file /opt/airflow/dags/nasa_dag.py for tasks to queue
[2025-01-30T02:01:06.490+0000] {logging_mixin.py:190} INFO - [2025-01-30T02:01:06.490+0000] {dagbag.py:588} INFO - Filling up the DagBag from /opt/airflow/dags/nasa_dag.py
[2025-01-30T02:01:06.510+0000] {processor.py:925} INFO - DAG(s) 'nasa_dag' retrieved from /opt/airflow/dags/nasa_dag.py
[2025-01-30T02:01:06.526+0000] {logging_mixin.py:190} INFO - [2025-01-30T02:01:06.526+0000] {dag.py:3239} INFO - Sync 1 DAGs
[2025-01-30T02:01:06.542+0000] {logging_mixin.py:190} INFO - [2025-01-30T02:01:06.542+0000] {dag.py:4180} INFO - Setting next_dagrun for nasa_dag to 2025-01-30 02:00:00+00:00, run_after=2025-01-30 03:00:00+00:00
[2025-01-30T02:01:06.556+0000] {processor.py:208} INFO - Processing /opt/airflow/dags/nasa_dag.py took 0.073 seconds
[2025-01-30T02:20:24.240+0000] {processor.py:186} INFO - Started process (PID=50) to work on /opt/airflow/dags/nasa_dag.py
[2025-01-30T02:20:24.242+0000] {processor.py:914} INFO - Processing file /opt/airflow/dags/nasa_dag.py for tasks to queue
[2025-01-30T02:20:24.245+0000] {logging_mixin.py:190} INFO - [2025-01-30T02:20:24.245+0000] {dagbag.py:588} INFO - Filling up the DagBag from /opt/airflow/dags/nasa_dag.py
[2025-01-30T02:20:24.306+0000] {processor.py:925} INFO - DAG(s) 'nasa_dag' retrieved from /opt/airflow/dags/nasa_dag.py
[2025-01-30T02:20:24.582+0000] {logging_mixin.py:190} INFO - [2025-01-30T02:20:24.581+0000] {dag.py:3239} INFO - Sync 1 DAGs
[2025-01-30T02:20:24.606+0000] {logging_mixin.py:190} INFO - [2025-01-30T02:20:24.606+0000] {dag.py:4180} INFO - Setting next_dagrun for nasa_dag to 2025-01-30 02:00:00+00:00, run_after=2025-01-30 03:00:00+00:00
[2025-01-30T02:20:24.632+0000] {processor.py:208} INFO - Processing /opt/airflow/dags/nasa_dag.py took 0.399 seconds
[2025-01-30T02:20:55.085+0000] {processor.py:186} INFO - Started process (PID=57) to work on /opt/airflow/dags/nasa_dag.py
[2025-01-30T02:20:55.086+0000] {processor.py:914} INFO - Processing file /opt/airflow/dags/nasa_dag.py for tasks to queue
[2025-01-30T02:20:55.088+0000] {logging_mixin.py:190} INFO - [2025-01-30T02:20:55.088+0000] {dagbag.py:588} INFO - Filling up the DagBag from /opt/airflow/dags/nasa_dag.py
[2025-01-30T02:20:55.118+0000] {processor.py:925} INFO - DAG(s) 'nasa_dag' retrieved from /opt/airflow/dags/nasa_dag.py
[2025-01-30T02:20:55.140+0000] {logging_mixin.py:190} INFO - [2025-01-30T02:20:55.140+0000] {dag.py:3239} INFO - Sync 1 DAGs
[2025-01-30T02:20:55.162+0000] {logging_mixin.py:190} INFO - [2025-01-30T02:20:55.162+0000] {dag.py:4180} INFO - Setting next_dagrun for nasa_dag to 2025-01-30 02:00:00+00:00, run_after=2025-01-30 03:00:00+00:00
[2025-01-30T02:20:55.183+0000] {processor.py:208} INFO - Processing /opt/airflow/dags/nasa_dag.py took 0.103 seconds
[2025-01-30T02:21:25.410+0000] {processor.py:186} INFO - Started process (PID=71) to work on /opt/airflow/dags/nasa_dag.py
[2025-01-30T02:21:25.410+0000] {processor.py:914} INFO - Processing file /opt/airflow/dags/nasa_dag.py for tasks to queue
[2025-01-30T02:21:25.412+0000] {logging_mixin.py:190} INFO - [2025-01-30T02:21:25.412+0000] {dagbag.py:588} INFO - Filling up the DagBag from /opt/airflow/dags/nasa_dag.py
[2025-01-30T02:21:25.439+0000] {processor.py:925} INFO - DAG(s) 'nasa_dag' retrieved from /opt/airflow/dags/nasa_dag.py
[2025-01-30T02:21:25.457+0000] {logging_mixin.py:190} INFO - [2025-01-30T02:21:25.457+0000] {dag.py:3239} INFO - Sync 1 DAGs
[2025-01-30T02:21:25.476+0000] {logging_mixin.py:190} INFO - [2025-01-30T02:21:25.476+0000] {dag.py:4180} INFO - Setting next_dagrun for nasa_dag to 2025-01-30 02:00:00+00:00, run_after=2025-01-30 03:00:00+00:00
[2025-01-30T02:21:25.494+0000] {processor.py:208} INFO - Processing /opt/airflow/dags/nasa_dag.py took 0.089 seconds
[2025-01-30T02:21:55.759+0000] {processor.py:186} INFO - Started process (PID=78) to work on /opt/airflow/dags/nasa_dag.py
[2025-01-30T02:21:55.759+0000] {processor.py:914} INFO - Processing file /opt/airflow/dags/nasa_dag.py for tasks to queue
[2025-01-30T02:21:55.761+0000] {logging_mixin.py:190} INFO - [2025-01-30T02:21:55.761+0000] {dagbag.py:588} INFO - Filling up the DagBag from /opt/airflow/dags/nasa_dag.py
[2025-01-30T02:21:55.785+0000] {processor.py:925} INFO - DAG(s) 'nasa_dag' retrieved from /opt/airflow/dags/nasa_dag.py
[2025-01-30T02:21:55.805+0000] {logging_mixin.py:190} INFO - [2025-01-30T02:21:55.805+0000] {dag.py:3239} INFO - Sync 1 DAGs
[2025-01-30T02:21:55.824+0000] {logging_mixin.py:190} INFO - [2025-01-30T02:21:55.824+0000] {dag.py:4180} INFO - Setting next_dagrun for nasa_dag to 2025-01-30 02:00:00+00:00, run_after=2025-01-30 03:00:00+00:00
[2025-01-30T02:21:55.838+0000] {processor.py:208} INFO - Processing /opt/airflow/dags/nasa_dag.py took 0.084 seconds
[2025-01-30T02:22:26.076+0000] {processor.py:186} INFO - Started process (PID=85) to work on /opt/airflow/dags/nasa_dag.py
[2025-01-30T02:22:26.077+0000] {processor.py:914} INFO - Processing file /opt/airflow/dags/nasa_dag.py for tasks to queue
[2025-01-30T02:22:26.081+0000] {logging_mixin.py:190} INFO - [2025-01-30T02:22:26.080+0000] {dagbag.py:588} INFO - Filling up the DagBag from /opt/airflow/dags/nasa_dag.py
[2025-01-30T02:22:26.117+0000] {processor.py:925} INFO - DAG(s) 'nasa_dag' retrieved from /opt/airflow/dags/nasa_dag.py
[2025-01-30T02:22:26.139+0000] {logging_mixin.py:190} INFO - [2025-01-30T02:22:26.138+0000] {dag.py:3239} INFO - Sync 1 DAGs
[2025-01-30T02:22:26.159+0000] {logging_mixin.py:190} INFO - [2025-01-30T02:22:26.159+0000] {dag.py:4180} INFO - Setting next_dagrun for nasa_dag to 2025-01-30 02:00:00+00:00, run_after=2025-01-30 03:00:00+00:00
[2025-01-30T02:22:26.178+0000] {processor.py:208} INFO - Processing /opt/airflow/dags/nasa_dag.py took 0.107 seconds
[2025-01-30T02:22:56.400+0000] {processor.py:186} INFO - Started process (PID=91) to work on /opt/airflow/dags/nasa_dag.py
[2025-01-30T02:22:56.401+0000] {processor.py:914} INFO - Processing file /opt/airflow/dags/nasa_dag.py for tasks to queue
[2025-01-30T02:22:56.403+0000] {logging_mixin.py:190} INFO - [2025-01-30T02:22:56.403+0000] {dagbag.py:588} INFO - Filling up the DagBag from /opt/airflow/dags/nasa_dag.py
[2025-01-30T02:22:56.428+0000] {processor.py:925} INFO - DAG(s) 'nasa_dag' retrieved from /opt/airflow/dags/nasa_dag.py
[2025-01-30T02:22:56.448+0000] {logging_mixin.py:190} INFO - [2025-01-30T02:22:56.448+0000] {dag.py:3239} INFO - Sync 1 DAGs
[2025-01-30T02:22:56.468+0000] {logging_mixin.py:190} INFO - [2025-01-30T02:22:56.467+0000] {dag.py:4180} INFO - Setting next_dagrun for nasa_dag to 2025-01-30 02:00:00+00:00, run_after=2025-01-30 03:00:00+00:00
[2025-01-30T02:22:56.485+0000] {processor.py:208} INFO - Processing /opt/airflow/dags/nasa_dag.py took 0.089 seconds
[2025-01-30T02:23:26.690+0000] {processor.py:186} INFO - Started process (PID=98) to work on /opt/airflow/dags/nasa_dag.py
[2025-01-30T02:23:26.691+0000] {processor.py:914} INFO - Processing file /opt/airflow/dags/nasa_dag.py for tasks to queue
[2025-01-30T02:23:26.692+0000] {logging_mixin.py:190} INFO - [2025-01-30T02:23:26.692+0000] {dagbag.py:588} INFO - Filling up the DagBag from /opt/airflow/dags/nasa_dag.py
[2025-01-30T02:23:26.725+0000] {processor.py:925} INFO - DAG(s) 'nasa_dag' retrieved from /opt/airflow/dags/nasa_dag.py
[2025-01-30T02:23:26.749+0000] {logging_mixin.py:190} INFO - [2025-01-30T02:23:26.748+0000] {dag.py:3239} INFO - Sync 1 DAGs
[2025-01-30T02:23:26.773+0000] {logging_mixin.py:190} INFO - [2025-01-30T02:23:26.772+0000] {dag.py:4180} INFO - Setting next_dagrun for nasa_dag to 2025-01-30 02:00:00+00:00, run_after=2025-01-30 03:00:00+00:00
[2025-01-30T02:23:26.794+0000] {processor.py:208} INFO - Processing /opt/airflow/dags/nasa_dag.py took 0.108 seconds
[2025-01-30T02:26:35.917+0000] {processor.py:186} INFO - Started process (PID=50) to work on /opt/airflow/dags/nasa_dag.py
[2025-01-30T02:26:35.919+0000] {processor.py:914} INFO - Processing file /opt/airflow/dags/nasa_dag.py for tasks to queue
[2025-01-30T02:26:35.921+0000] {logging_mixin.py:190} INFO - [2025-01-30T02:26:35.920+0000] {dagbag.py:588} INFO - Filling up the DagBag from /opt/airflow/dags/nasa_dag.py
[2025-01-30T02:26:35.968+0000] {processor.py:925} INFO - DAG(s) 'nasa_dag' retrieved from /opt/airflow/dags/nasa_dag.py
[2025-01-30T02:26:36.119+0000] {logging_mixin.py:190} INFO - [2025-01-30T02:26:36.118+0000] {dag.py:3239} INFO - Sync 1 DAGs
[2025-01-30T02:26:36.138+0000] {logging_mixin.py:190} INFO - [2025-01-30T02:26:36.138+0000] {dag.py:4180} INFO - Setting next_dagrun for nasa_dag to 2025-01-30 02:00:00+00:00, run_after=2025-01-30 03:00:00+00:00
[2025-01-30T02:26:36.162+0000] {processor.py:208} INFO - Processing /opt/airflow/dags/nasa_dag.py took 0.250 seconds
[2025-01-30T02:27:06.232+0000] {processor.py:186} INFO - Started process (PID=57) to work on /opt/airflow/dags/nasa_dag.py
[2025-01-30T02:27:06.233+0000] {processor.py:914} INFO - Processing file /opt/airflow/dags/nasa_dag.py for tasks to queue
[2025-01-30T02:27:06.235+0000] {logging_mixin.py:190} INFO - [2025-01-30T02:27:06.235+0000] {dagbag.py:588} INFO - Filling up the DagBag from /opt/airflow/dags/nasa_dag.py
[2025-01-30T02:27:06.265+0000] {processor.py:925} INFO - DAG(s) 'nasa_dag' retrieved from /opt/airflow/dags/nasa_dag.py
[2025-01-30T02:27:06.283+0000] {logging_mixin.py:190} INFO - [2025-01-30T02:27:06.283+0000] {dag.py:3239} INFO - Sync 1 DAGs
[2025-01-30T02:27:06.300+0000] {logging_mixin.py:190} INFO - [2025-01-30T02:27:06.300+0000] {dag.py:4180} INFO - Setting next_dagrun for nasa_dag to 2025-01-30 02:00:00+00:00, run_after=2025-01-30 03:00:00+00:00
[2025-01-30T02:27:06.316+0000] {processor.py:208} INFO - Processing /opt/airflow/dags/nasa_dag.py took 0.087 seconds
[2025-01-30T02:27:36.531+0000] {processor.py:186} INFO - Started process (PID=64) to work on /opt/airflow/dags/nasa_dag.py
[2025-01-30T02:27:36.532+0000] {processor.py:914} INFO - Processing file /opt/airflow/dags/nasa_dag.py for tasks to queue
[2025-01-30T02:27:36.534+0000] {logging_mixin.py:190} INFO - [2025-01-30T02:27:36.534+0000] {dagbag.py:588} INFO - Filling up the DagBag from /opt/airflow/dags/nasa_dag.py
[2025-01-30T02:27:36.561+0000] {processor.py:925} INFO - DAG(s) 'nasa_dag' retrieved from /opt/airflow/dags/nasa_dag.py
[2025-01-30T02:27:36.578+0000] {logging_mixin.py:190} INFO - [2025-01-30T02:27:36.578+0000] {dag.py:3239} INFO - Sync 1 DAGs
[2025-01-30T02:27:36.594+0000] {logging_mixin.py:190} INFO - [2025-01-30T02:27:36.594+0000] {dag.py:4180} INFO - Setting next_dagrun for nasa_dag to 2025-01-30 02:00:00+00:00, run_after=2025-01-30 03:00:00+00:00
[2025-01-30T02:27:36.608+0000] {processor.py:208} INFO - Processing /opt/airflow/dags/nasa_dag.py took 0.082 seconds
[2025-01-30T02:41:03.918+0000] {processor.py:186} INFO - Started process (PID=51) to work on /opt/airflow/dags/nasa_dag.py
[2025-01-30T02:41:03.919+0000] {processor.py:914} INFO - Processing file /opt/airflow/dags/nasa_dag.py for tasks to queue
[2025-01-30T02:41:03.922+0000] {logging_mixin.py:190} INFO - [2025-01-30T02:41:03.922+0000] {dagbag.py:588} INFO - Filling up the DagBag from /opt/airflow/dags/nasa_dag.py
[2025-01-30T02:41:03.983+0000] {logging_mixin.py:190} INFO - [2025-01-30T02:41:03.967+0000] {dagbag.py:387} ERROR - Failed to import: /opt/airflow/dags/nasa_dag.py
Traceback (most recent call last):
  File "/home/airflow/.local/lib/python3.12/site-packages/airflow/models/dagbag.py", line 383, in parse
    loader.exec_module(new_module)
  File "<frozen importlib._bootstrap_external>", line 995, in exec_module
  File "<frozen importlib._bootstrap>", line 488, in _call_with_frames_removed
  File "/opt/airflow/dags/nasa_dag.py", line 45, in <module>
    create_database = MongoDBOperator(
                      ^^^^^^^^^^^^^^^^
  File "/home/airflow/.local/lib/python3.12/site-packages/airflow/models/baseoperator.py", line 473, in apply_defaults
    raise AirflowException(f"missing keyword argument {missing_args.pop()!r}")
airflow.exceptions.AirflowException: missing keyword argument 'collection_name'
[2025-01-30T02:41:03.985+0000] {processor.py:927} WARNING - No viable dags retrieved from /opt/airflow/dags/nasa_dag.py
[2025-01-30T02:41:04.011+0000] {processor.py:208} INFO - Processing /opt/airflow/dags/nasa_dag.py took 0.100 seconds
[2025-01-30T02:41:34.351+0000] {processor.py:186} INFO - Started process (PID=58) to work on /opt/airflow/dags/nasa_dag.py
[2025-01-30T02:41:34.351+0000] {processor.py:914} INFO - Processing file /opt/airflow/dags/nasa_dag.py for tasks to queue
[2025-01-30T02:41:34.353+0000] {logging_mixin.py:190} INFO - [2025-01-30T02:41:34.353+0000] {dagbag.py:588} INFO - Filling up the DagBag from /opt/airflow/dags/nasa_dag.py
[2025-01-30T02:41:34.377+0000] {logging_mixin.py:190} INFO - [2025-01-30T02:41:34.374+0000] {dagbag.py:387} ERROR - Failed to import: /opt/airflow/dags/nasa_dag.py
Traceback (most recent call last):
  File "/home/airflow/.local/lib/python3.12/site-packages/airflow/models/dagbag.py", line 383, in parse
    loader.exec_module(new_module)
  File "<frozen importlib._bootstrap_external>", line 995, in exec_module
  File "<frozen importlib._bootstrap>", line 488, in _call_with_frames_removed
  File "/opt/airflow/dags/nasa_dag.py", line 45, in <module>
    create_database = MongoDBOperator(
                      ^^^^^^^^^^^^^^^^
  File "/home/airflow/.local/lib/python3.12/site-packages/airflow/models/baseoperator.py", line 473, in apply_defaults
    raise AirflowException(f"missing keyword argument {missing_args.pop()!r}")
airflow.exceptions.AirflowException: missing keyword argument 'collection_name'
[2025-01-30T02:41:34.379+0000] {processor.py:927} WARNING - No viable dags retrieved from /opt/airflow/dags/nasa_dag.py
[2025-01-30T02:41:34.392+0000] {processor.py:208} INFO - Processing /opt/airflow/dags/nasa_dag.py took 0.045 seconds
[2025-01-30T02:42:04.636+0000] {processor.py:186} INFO - Started process (PID=64) to work on /opt/airflow/dags/nasa_dag.py
[2025-01-30T02:42:04.637+0000] {processor.py:914} INFO - Processing file /opt/airflow/dags/nasa_dag.py for tasks to queue
[2025-01-30T02:42:04.638+0000] {logging_mixin.py:190} INFO - [2025-01-30T02:42:04.638+0000] {dagbag.py:588} INFO - Filling up the DagBag from /opt/airflow/dags/nasa_dag.py
[2025-01-30T02:42:04.674+0000] {logging_mixin.py:190} INFO - [2025-01-30T02:42:04.670+0000] {dagbag.py:387} ERROR - Failed to import: /opt/airflow/dags/nasa_dag.py
Traceback (most recent call last):
  File "/home/airflow/.local/lib/python3.12/site-packages/airflow/models/dagbag.py", line 383, in parse
    loader.exec_module(new_module)
  File "<frozen importlib._bootstrap_external>", line 995, in exec_module
  File "<frozen importlib._bootstrap>", line 488, in _call_with_frames_removed
  File "/opt/airflow/dags/nasa_dag.py", line 45, in <module>
    create_database = MongoDBOperator(
                      ^^^^^^^^^^^^^^^^
  File "/home/airflow/.local/lib/python3.12/site-packages/airflow/models/baseoperator.py", line 473, in apply_defaults
    raise AirflowException(f"missing keyword argument {missing_args.pop()!r}")
airflow.exceptions.AirflowException: missing keyword argument 'collection_name'
[2025-01-30T02:42:04.675+0000] {processor.py:927} WARNING - No viable dags retrieved from /opt/airflow/dags/nasa_dag.py
[2025-01-30T02:42:04.689+0000] {processor.py:208} INFO - Processing /opt/airflow/dags/nasa_dag.py took 0.057 seconds
[2025-01-30T02:43:05.935+0000] {processor.py:186} INFO - Started process (PID=50) to work on /opt/airflow/dags/nasa_dag.py
[2025-01-30T02:43:05.937+0000] {processor.py:914} INFO - Processing file /opt/airflow/dags/nasa_dag.py for tasks to queue
[2025-01-30T02:43:05.939+0000] {logging_mixin.py:190} INFO - [2025-01-30T02:43:05.939+0000] {dagbag.py:588} INFO - Filling up the DagBag from /opt/airflow/dags/nasa_dag.py
[2025-01-30T02:43:05.985+0000] {processor.py:925} INFO - DAG(s) 'nasa_dag' retrieved from /opt/airflow/dags/nasa_dag.py
[2025-01-30T02:43:06.274+0000] {logging_mixin.py:190} INFO - [2025-01-30T02:43:06.273+0000] {dag.py:3239} INFO - Sync 1 DAGs
[2025-01-30T02:43:06.297+0000] {logging_mixin.py:190} INFO - [2025-01-30T02:43:06.296+0000] {dag.py:4180} INFO - Setting next_dagrun for nasa_dag to 2025-01-30 02:00:00+00:00, run_after=2025-01-30 03:00:00+00:00
[2025-01-30T02:43:06.319+0000] {processor.py:208} INFO - Processing /opt/airflow/dags/nasa_dag.py took 0.391 seconds
[2025-01-30T02:43:36.378+0000] {processor.py:186} INFO - Started process (PID=57) to work on /opt/airflow/dags/nasa_dag.py
[2025-01-30T02:43:36.379+0000] {processor.py:914} INFO - Processing file /opt/airflow/dags/nasa_dag.py for tasks to queue
[2025-01-30T02:43:36.381+0000] {logging_mixin.py:190} INFO - [2025-01-30T02:43:36.381+0000] {dagbag.py:588} INFO - Filling up the DagBag from /opt/airflow/dags/nasa_dag.py
[2025-01-30T02:43:36.408+0000] {processor.py:925} INFO - DAG(s) 'nasa_dag' retrieved from /opt/airflow/dags/nasa_dag.py
[2025-01-30T02:43:36.426+0000] {logging_mixin.py:190} INFO - [2025-01-30T02:43:36.426+0000] {dag.py:3239} INFO - Sync 1 DAGs
[2025-01-30T02:43:36.446+0000] {logging_mixin.py:190} INFO - [2025-01-30T02:43:36.446+0000] {dag.py:4180} INFO - Setting next_dagrun for nasa_dag to 2025-01-30 02:00:00+00:00, run_after=2025-01-30 03:00:00+00:00
[2025-01-30T02:43:36.467+0000] {processor.py:208} INFO - Processing /opt/airflow/dags/nasa_dag.py took 0.093 seconds
[2025-01-30T02:44:06.704+0000] {processor.py:186} INFO - Started process (PID=64) to work on /opt/airflow/dags/nasa_dag.py
[2025-01-30T02:44:06.705+0000] {processor.py:914} INFO - Processing file /opt/airflow/dags/nasa_dag.py for tasks to queue
[2025-01-30T02:44:06.708+0000] {logging_mixin.py:190} INFO - [2025-01-30T02:44:06.707+0000] {dagbag.py:588} INFO - Filling up the DagBag from /opt/airflow/dags/nasa_dag.py
[2025-01-30T02:44:06.733+0000] {processor.py:925} INFO - DAG(s) 'nasa_dag' retrieved from /opt/airflow/dags/nasa_dag.py
[2025-01-30T02:44:06.753+0000] {logging_mixin.py:190} INFO - [2025-01-30T02:44:06.753+0000] {dag.py:3239} INFO - Sync 1 DAGs
[2025-01-30T02:44:06.770+0000] {logging_mixin.py:190} INFO - [2025-01-30T02:44:06.770+0000] {dag.py:4180} INFO - Setting next_dagrun for nasa_dag to 2025-01-30 02:00:00+00:00, run_after=2025-01-30 03:00:00+00:00
[2025-01-30T02:44:06.786+0000] {processor.py:208} INFO - Processing /opt/airflow/dags/nasa_dag.py took 0.086 seconds
[2025-01-30T02:44:37.079+0000] {processor.py:186} INFO - Started process (PID=72) to work on /opt/airflow/dags/nasa_dag.py
[2025-01-30T02:44:37.080+0000] {processor.py:914} INFO - Processing file /opt/airflow/dags/nasa_dag.py for tasks to queue
[2025-01-30T02:44:37.082+0000] {logging_mixin.py:190} INFO - [2025-01-30T02:44:37.082+0000] {dagbag.py:588} INFO - Filling up the DagBag from /opt/airflow/dags/nasa_dag.py
[2025-01-30T02:44:37.110+0000] {processor.py:925} INFO - DAG(s) 'nasa_dag' retrieved from /opt/airflow/dags/nasa_dag.py
[2025-01-30T02:44:37.129+0000] {logging_mixin.py:190} INFO - [2025-01-30T02:44:37.129+0000] {dag.py:3239} INFO - Sync 1 DAGs
[2025-01-30T02:44:37.148+0000] {logging_mixin.py:190} INFO - [2025-01-30T02:44:37.148+0000] {dag.py:4180} INFO - Setting next_dagrun for nasa_dag to 2025-01-30 02:00:00+00:00, run_after=2025-01-30 03:00:00+00:00
[2025-01-30T02:44:37.167+0000] {processor.py:208} INFO - Processing /opt/airflow/dags/nasa_dag.py took 0.092 seconds
[2025-01-30T02:47:18.720+0000] {processor.py:186} INFO - Started process (PID=50) to work on /opt/airflow/dags/nasa_dag.py
[2025-01-30T02:47:18.723+0000] {processor.py:914} INFO - Processing file /opt/airflow/dags/nasa_dag.py for tasks to queue
[2025-01-30T02:47:18.727+0000] {logging_mixin.py:190} INFO - [2025-01-30T02:47:18.726+0000] {dagbag.py:588} INFO - Filling up the DagBag from /opt/airflow/dags/nasa_dag.py
[2025-01-30T02:47:18.779+0000] {processor.py:925} INFO - DAG(s) 'nasa_dag' retrieved from /opt/airflow/dags/nasa_dag.py
[2025-01-30T02:47:18.995+0000] {logging_mixin.py:190} INFO - [2025-01-30T02:47:18.995+0000] {dag.py:3239} INFO - Sync 1 DAGs
[2025-01-30T02:47:19.022+0000] {logging_mixin.py:190} INFO - [2025-01-30T02:47:19.022+0000] {dag.py:4180} INFO - Setting next_dagrun for nasa_dag to 2025-01-30 02:00:00+00:00, run_after=2025-01-30 03:00:00+00:00
[2025-01-30T02:47:19.047+0000] {processor.py:208} INFO - Processing /opt/airflow/dags/nasa_dag.py took 0.337 seconds
[2025-01-30T02:47:49.175+0000] {processor.py:186} INFO - Started process (PID=57) to work on /opt/airflow/dags/nasa_dag.py
[2025-01-30T02:47:49.176+0000] {processor.py:914} INFO - Processing file /opt/airflow/dags/nasa_dag.py for tasks to queue
[2025-01-30T02:47:49.178+0000] {logging_mixin.py:190} INFO - [2025-01-30T02:47:49.178+0000] {dagbag.py:588} INFO - Filling up the DagBag from /opt/airflow/dags/nasa_dag.py
[2025-01-30T02:47:49.207+0000] {processor.py:925} INFO - DAG(s) 'nasa_dag' retrieved from /opt/airflow/dags/nasa_dag.py
[2025-01-30T02:47:49.225+0000] {logging_mixin.py:190} INFO - [2025-01-30T02:47:49.225+0000] {dag.py:3239} INFO - Sync 1 DAGs
[2025-01-30T02:47:49.242+0000] {logging_mixin.py:190} INFO - [2025-01-30T02:47:49.242+0000] {dag.py:4180} INFO - Setting next_dagrun for nasa_dag to 2025-01-30 02:00:00+00:00, run_after=2025-01-30 03:00:00+00:00
[2025-01-30T02:47:49.257+0000] {processor.py:208} INFO - Processing /opt/airflow/dags/nasa_dag.py took 0.085 seconds
[2025-01-30T02:48:19.482+0000] {processor.py:186} INFO - Started process (PID=64) to work on /opt/airflow/dags/nasa_dag.py
[2025-01-30T02:48:19.483+0000] {processor.py:914} INFO - Processing file /opt/airflow/dags/nasa_dag.py for tasks to queue
[2025-01-30T02:48:19.485+0000] {logging_mixin.py:190} INFO - [2025-01-30T02:48:19.485+0000] {dagbag.py:588} INFO - Filling up the DagBag from /opt/airflow/dags/nasa_dag.py
[2025-01-30T02:48:19.520+0000] {processor.py:925} INFO - DAG(s) 'nasa_dag' retrieved from /opt/airflow/dags/nasa_dag.py
[2025-01-30T02:48:19.539+0000] {logging_mixin.py:190} INFO - [2025-01-30T02:48:19.539+0000] {dag.py:3239} INFO - Sync 1 DAGs
[2025-01-30T02:48:19.558+0000] {logging_mixin.py:190} INFO - [2025-01-30T02:48:19.558+0000] {dag.py:4180} INFO - Setting next_dagrun for nasa_dag to 2025-01-30 02:00:00+00:00, run_after=2025-01-30 03:00:00+00:00
[2025-01-30T02:48:19.571+0000] {processor.py:208} INFO - Processing /opt/airflow/dags/nasa_dag.py took 0.093 seconds
