[2025-02-05T02:28:48.392+0000] {processor.py:186} INFO - Started process (PID=50) to work on /opt/airflow/dags/nasa_dag.py
[2025-02-05T02:28:48.394+0000] {processor.py:914} INFO - Processing file /opt/airflow/dags/nasa_dag.py for tasks to queue
[2025-02-05T02:28:48.396+0000] {logging_mixin.py:190} INFO - [2025-02-05T02:28:48.396+0000] {dagbag.py:588} INFO - Filling up the DagBag from /opt/airflow/dags/nasa_dag.py
[2025-02-05T02:28:48.447+0000] {processor.py:925} INFO - DAG(s) 'nasa_dag' retrieved from /opt/airflow/dags/nasa_dag.py
[2025-02-05T02:28:48.770+0000] {logging_mixin.py:190} INFO - [2025-02-05T02:28:48.770+0000] {dag.py:3239} INFO - Sync 1 DAGs
[2025-02-05T02:28:48.821+0000] {processor.py:208} INFO - Processing /opt/airflow/dags/nasa_dag.py took 0.436 seconds
[2025-02-05T02:29:19.179+0000] {processor.py:186} INFO - Started process (PID=57) to work on /opt/airflow/dags/nasa_dag.py
[2025-02-05T02:29:19.180+0000] {processor.py:914} INFO - Processing file /opt/airflow/dags/nasa_dag.py for tasks to queue
[2025-02-05T02:29:19.183+0000] {logging_mixin.py:190} INFO - [2025-02-05T02:29:19.183+0000] {dagbag.py:588} INFO - Filling up the DagBag from /opt/airflow/dags/nasa_dag.py
[2025-02-05T02:29:19.209+0000] {processor.py:925} INFO - DAG(s) 'nasa_dag' retrieved from /opt/airflow/dags/nasa_dag.py
[2025-02-05T02:29:19.230+0000] {logging_mixin.py:190} INFO - [2025-02-05T02:29:19.230+0000] {dag.py:3239} INFO - Sync 1 DAGs
[2025-02-05T02:29:19.266+0000] {processor.py:208} INFO - Processing /opt/airflow/dags/nasa_dag.py took 0.092 seconds
[2025-02-05T02:29:49.376+0000] {processor.py:186} INFO - Started process (PID=64) to work on /opt/airflow/dags/nasa_dag.py
[2025-02-05T02:29:49.377+0000] {processor.py:914} INFO - Processing file /opt/airflow/dags/nasa_dag.py for tasks to queue
[2025-02-05T02:29:49.381+0000] {logging_mixin.py:190} INFO - [2025-02-05T02:29:49.381+0000] {dagbag.py:588} INFO - Filling up the DagBag from /opt/airflow/dags/nasa_dag.py
[2025-02-05T02:29:49.412+0000] {processor.py:925} INFO - DAG(s) 'nasa_dag' retrieved from /opt/airflow/dags/nasa_dag.py
[2025-02-05T02:29:49.438+0000] {logging_mixin.py:190} INFO - [2025-02-05T02:29:49.438+0000] {dag.py:3239} INFO - Sync 1 DAGs
[2025-02-05T02:29:49.480+0000] {processor.py:208} INFO - Processing /opt/airflow/dags/nasa_dag.py took 0.111 seconds
[2025-02-05T02:30:19.648+0000] {processor.py:186} INFO - Started process (PID=71) to work on /opt/airflow/dags/nasa_dag.py
[2025-02-05T02:30:19.649+0000] {processor.py:914} INFO - Processing file /opt/airflow/dags/nasa_dag.py for tasks to queue
[2025-02-05T02:30:19.652+0000] {logging_mixin.py:190} INFO - [2025-02-05T02:30:19.652+0000] {dagbag.py:588} INFO - Filling up the DagBag from /opt/airflow/dags/nasa_dag.py
[2025-02-05T02:30:19.679+0000] {processor.py:925} INFO - DAG(s) 'nasa_dag' retrieved from /opt/airflow/dags/nasa_dag.py
[2025-02-05T02:30:19.699+0000] {logging_mixin.py:190} INFO - [2025-02-05T02:30:19.699+0000] {dag.py:3239} INFO - Sync 1 DAGs
[2025-02-05T02:30:19.720+0000] {logging_mixin.py:190} INFO - [2025-02-05T02:30:19.720+0000] {dag.py:4180} INFO - Setting next_dagrun for nasa_dag to 2025-02-05 02:00:00+00:00, run_after=2025-02-05 03:00:00+00:00
[2025-02-05T02:30:19.738+0000] {processor.py:208} INFO - Processing /opt/airflow/dags/nasa_dag.py took 0.098 seconds
[2025-02-05T02:30:49.877+0000] {processor.py:186} INFO - Started process (PID=78) to work on /opt/airflow/dags/nasa_dag.py
[2025-02-05T02:30:49.878+0000] {processor.py:914} INFO - Processing file /opt/airflow/dags/nasa_dag.py for tasks to queue
[2025-02-05T02:30:49.881+0000] {logging_mixin.py:190} INFO - [2025-02-05T02:30:49.880+0000] {dagbag.py:588} INFO - Filling up the DagBag from /opt/airflow/dags/nasa_dag.py
[2025-02-05T02:30:49.907+0000] {processor.py:925} INFO - DAG(s) 'nasa_dag' retrieved from /opt/airflow/dags/nasa_dag.py
[2025-02-05T02:30:49.929+0000] {logging_mixin.py:190} INFO - [2025-02-05T02:30:49.929+0000] {dag.py:3239} INFO - Sync 1 DAGs
[2025-02-05T02:30:49.950+0000] {logging_mixin.py:190} INFO - [2025-02-05T02:30:49.950+0000] {dag.py:4180} INFO - Setting next_dagrun for nasa_dag to 2025-02-05 02:00:00+00:00, run_after=2025-02-05 03:00:00+00:00
[2025-02-05T02:30:49.972+0000] {processor.py:208} INFO - Processing /opt/airflow/dags/nasa_dag.py took 0.100 seconds
[2025-02-05T02:35:18.039+0000] {processor.py:186} INFO - Started process (PID=50) to work on /opt/airflow/dags/nasa_dag.py
[2025-02-05T02:35:18.040+0000] {processor.py:914} INFO - Processing file /opt/airflow/dags/nasa_dag.py for tasks to queue
[2025-02-05T02:35:18.043+0000] {logging_mixin.py:190} INFO - [2025-02-05T02:35:18.042+0000] {dagbag.py:588} INFO - Filling up the DagBag from /opt/airflow/dags/nasa_dag.py
[2025-02-05T02:35:18.090+0000] {processor.py:925} INFO - DAG(s) 'nasa_dag' retrieved from /opt/airflow/dags/nasa_dag.py
[2025-02-05T02:35:18.249+0000] {logging_mixin.py:190} INFO - [2025-02-05T02:35:18.248+0000] {dag.py:3239} INFO - Sync 1 DAGs
[2025-02-05T02:35:18.277+0000] {logging_mixin.py:190} INFO - [2025-02-05T02:35:18.277+0000] {dag.py:4180} INFO - Setting next_dagrun for nasa_dag to 2025-02-05 02:00:00+00:00, run_after=2025-02-05 03:00:00+00:00
[2025-02-05T02:35:18.300+0000] {processor.py:208} INFO - Processing /opt/airflow/dags/nasa_dag.py took 0.268 seconds
[2025-02-05T02:35:48.482+0000] {processor.py:186} INFO - Started process (PID=57) to work on /opt/airflow/dags/nasa_dag.py
[2025-02-05T02:35:48.483+0000] {processor.py:914} INFO - Processing file /opt/airflow/dags/nasa_dag.py for tasks to queue
[2025-02-05T02:35:48.485+0000] {logging_mixin.py:190} INFO - [2025-02-05T02:35:48.485+0000] {dagbag.py:588} INFO - Filling up the DagBag from /opt/airflow/dags/nasa_dag.py
[2025-02-05T02:35:48.511+0000] {processor.py:925} INFO - DAG(s) 'nasa_dag' retrieved from /opt/airflow/dags/nasa_dag.py
[2025-02-05T02:35:48.533+0000] {logging_mixin.py:190} INFO - [2025-02-05T02:35:48.533+0000] {dag.py:3239} INFO - Sync 1 DAGs
[2025-02-05T02:35:48.553+0000] {logging_mixin.py:190} INFO - [2025-02-05T02:35:48.553+0000] {dag.py:4180} INFO - Setting next_dagrun for nasa_dag to 2025-02-05 02:00:00+00:00, run_after=2025-02-05 03:00:00+00:00
[2025-02-05T02:35:48.571+0000] {processor.py:208} INFO - Processing /opt/airflow/dags/nasa_dag.py took 0.092 seconds
[2025-02-05T02:36:18.748+0000] {processor.py:186} INFO - Started process (PID=64) to work on /opt/airflow/dags/nasa_dag.py
[2025-02-05T02:36:18.749+0000] {processor.py:914} INFO - Processing file /opt/airflow/dags/nasa_dag.py for tasks to queue
[2025-02-05T02:36:18.751+0000] {logging_mixin.py:190} INFO - [2025-02-05T02:36:18.751+0000] {dagbag.py:588} INFO - Filling up the DagBag from /opt/airflow/dags/nasa_dag.py
[2025-02-05T02:36:18.773+0000] {processor.py:925} INFO - DAG(s) 'nasa_dag' retrieved from /opt/airflow/dags/nasa_dag.py
[2025-02-05T02:36:18.790+0000] {logging_mixin.py:190} INFO - [2025-02-05T02:36:18.790+0000] {dag.py:3239} INFO - Sync 1 DAGs
[2025-02-05T02:36:18.808+0000] {logging_mixin.py:190} INFO - [2025-02-05T02:36:18.808+0000] {dag.py:4180} INFO - Setting next_dagrun for nasa_dag to 2025-02-05 02:00:00+00:00, run_after=2025-02-05 03:00:00+00:00
[2025-02-05T02:36:18.824+0000] {processor.py:208} INFO - Processing /opt/airflow/dags/nasa_dag.py took 0.079 seconds
[2025-02-05T02:36:37.009+0000] {processor.py:186} INFO - Started process (PID=71) to work on /opt/airflow/dags/nasa_dag.py
[2025-02-05T02:36:37.010+0000] {processor.py:914} INFO - Processing file /opt/airflow/dags/nasa_dag.py for tasks to queue
[2025-02-05T02:36:37.012+0000] {logging_mixin.py:190} INFO - [2025-02-05T02:36:37.012+0000] {dagbag.py:588} INFO - Filling up the DagBag from /opt/airflow/dags/nasa_dag.py
[2025-02-05T02:36:37.055+0000] {processor.py:925} INFO - DAG(s) 'nasa_dag' retrieved from /opt/airflow/dags/nasa_dag.py
[2025-02-05T02:36:37.076+0000] {logging_mixin.py:190} INFO - [2025-02-05T02:36:37.076+0000] {dag.py:3239} INFO - Sync 1 DAGs
[2025-02-05T02:36:37.097+0000] {logging_mixin.py:190} INFO - [2025-02-05T02:36:37.096+0000] {dag.py:4180} INFO - Setting next_dagrun for nasa_dag to 2025-02-05 02:00:00+00:00, run_after=2025-02-05 03:00:00+00:00
[2025-02-05T02:36:37.116+0000] {processor.py:208} INFO - Processing /opt/airflow/dags/nasa_dag.py took 0.112 seconds
[2025-02-05T02:36:42.209+0000] {processor.py:186} INFO - Started process (PID=72) to work on /opt/airflow/dags/nasa_dag.py
[2025-02-05T02:36:42.209+0000] {processor.py:914} INFO - Processing file /opt/airflow/dags/nasa_dag.py for tasks to queue
[2025-02-05T02:36:42.212+0000] {logging_mixin.py:190} INFO - [2025-02-05T02:36:42.211+0000] {dagbag.py:588} INFO - Filling up the DagBag from /opt/airflow/dags/nasa_dag.py
[2025-02-05T02:36:42.251+0000] {processor.py:925} INFO - DAG(s) 'nasa_dag' retrieved from /opt/airflow/dags/nasa_dag.py
[2025-02-05T02:36:42.268+0000] {logging_mixin.py:190} INFO - [2025-02-05T02:36:42.268+0000] {dag.py:3239} INFO - Sync 1 DAGs
[2025-02-05T02:36:42.285+0000] {logging_mixin.py:190} INFO - [2025-02-05T02:36:42.285+0000] {dag.py:4180} INFO - Setting next_dagrun for nasa_dag to 2025-02-05 02:00:00+00:00, run_after=2025-02-05 03:00:00+00:00
[2025-02-05T02:36:42.300+0000] {processor.py:208} INFO - Processing /opt/airflow/dags/nasa_dag.py took 0.095 seconds
[2025-02-05T02:36:46.277+0000] {processor.py:186} INFO - Started process (PID=73) to work on /opt/airflow/dags/nasa_dag.py
[2025-02-05T02:36:46.277+0000] {processor.py:914} INFO - Processing file /opt/airflow/dags/nasa_dag.py for tasks to queue
[2025-02-05T02:36:46.279+0000] {logging_mixin.py:190} INFO - [2025-02-05T02:36:46.279+0000] {dagbag.py:588} INFO - Filling up the DagBag from /opt/airflow/dags/nasa_dag.py
[2025-02-05T02:36:46.316+0000] {processor.py:925} INFO - DAG(s) 'nasa_dag' retrieved from /opt/airflow/dags/nasa_dag.py
[2025-02-05T02:36:46.335+0000] {logging_mixin.py:190} INFO - [2025-02-05T02:36:46.335+0000] {dag.py:3239} INFO - Sync 1 DAGs
[2025-02-05T02:36:46.354+0000] {logging_mixin.py:190} INFO - [2025-02-05T02:36:46.354+0000] {dag.py:4180} INFO - Setting next_dagrun for nasa_dag to 2025-02-05 02:00:00+00:00, run_after=2025-02-05 03:00:00+00:00
[2025-02-05T02:36:46.374+0000] {processor.py:208} INFO - Processing /opt/airflow/dags/nasa_dag.py took 0.102 seconds
[2025-02-05T02:37:41.050+0000] {processor.py:186} INFO - Started process (PID=50) to work on /opt/airflow/dags/nasa_dag.py
[2025-02-05T02:37:41.051+0000] {processor.py:914} INFO - Processing file /opt/airflow/dags/nasa_dag.py for tasks to queue
[2025-02-05T02:37:41.054+0000] {logging_mixin.py:190} INFO - [2025-02-05T02:37:41.054+0000] {dagbag.py:588} INFO - Filling up the DagBag from /opt/airflow/dags/nasa_dag.py
[2025-02-05T02:37:41.093+0000] {processor.py:925} INFO - DAG(s) 'nasa_dag' retrieved from /opt/airflow/dags/nasa_dag.py
[2025-02-05T02:37:41.246+0000] {logging_mixin.py:190} INFO - [2025-02-05T02:37:41.246+0000] {dag.py:3239} INFO - Sync 1 DAGs
[2025-02-05T02:37:41.268+0000] {logging_mixin.py:190} INFO - [2025-02-05T02:37:41.268+0000] {dag.py:4180} INFO - Setting next_dagrun for nasa_dag to 2025-02-05 02:00:00+00:00, run_after=2025-02-05 03:00:00+00:00
[2025-02-05T02:37:41.292+0000] {processor.py:208} INFO - Processing /opt/airflow/dags/nasa_dag.py took 0.249 seconds
[2025-02-05T02:38:11.504+0000] {processor.py:186} INFO - Started process (PID=58) to work on /opt/airflow/dags/nasa_dag.py
[2025-02-05T02:38:11.506+0000] {processor.py:914} INFO - Processing file /opt/airflow/dags/nasa_dag.py for tasks to queue
[2025-02-05T02:38:11.508+0000] {logging_mixin.py:190} INFO - [2025-02-05T02:38:11.508+0000] {dagbag.py:588} INFO - Filling up the DagBag from /opt/airflow/dags/nasa_dag.py
[2025-02-05T02:38:11.529+0000] {processor.py:925} INFO - DAG(s) 'nasa_dag' retrieved from /opt/airflow/dags/nasa_dag.py
[2025-02-05T02:38:11.545+0000] {logging_mixin.py:190} INFO - [2025-02-05T02:38:11.545+0000] {dag.py:3239} INFO - Sync 1 DAGs
[2025-02-05T02:38:11.574+0000] {logging_mixin.py:190} INFO - [2025-02-05T02:38:11.573+0000] {dag.py:4180} INFO - Setting next_dagrun for nasa_dag to 2025-02-05 02:00:00+00:00, run_after=2025-02-05 03:00:00+00:00
[2025-02-05T02:38:11.599+0000] {processor.py:208} INFO - Processing /opt/airflow/dags/nasa_dag.py took 0.098 seconds
[2025-02-05T02:38:41.927+0000] {processor.py:186} INFO - Started process (PID=65) to work on /opt/airflow/dags/nasa_dag.py
[2025-02-05T02:38:41.928+0000] {processor.py:914} INFO - Processing file /opt/airflow/dags/nasa_dag.py for tasks to queue
[2025-02-05T02:38:41.930+0000] {logging_mixin.py:190} INFO - [2025-02-05T02:38:41.929+0000] {dagbag.py:588} INFO - Filling up the DagBag from /opt/airflow/dags/nasa_dag.py
[2025-02-05T02:38:41.949+0000] {processor.py:925} INFO - DAG(s) 'nasa_dag' retrieved from /opt/airflow/dags/nasa_dag.py
[2025-02-05T02:38:41.966+0000] {logging_mixin.py:190} INFO - [2025-02-05T02:38:41.966+0000] {dag.py:3239} INFO - Sync 1 DAGs
[2025-02-05T02:38:41.996+0000] {processor.py:208} INFO - Processing /opt/airflow/dags/nasa_dag.py took 0.073 seconds
[2025-02-05T02:39:12.230+0000] {processor.py:186} INFO - Started process (PID=72) to work on /opt/airflow/dags/nasa_dag.py
[2025-02-05T02:39:12.231+0000] {processor.py:914} INFO - Processing file /opt/airflow/dags/nasa_dag.py for tasks to queue
[2025-02-05T02:39:12.232+0000] {logging_mixin.py:190} INFO - [2025-02-05T02:39:12.232+0000] {dagbag.py:588} INFO - Filling up the DagBag from /opt/airflow/dags/nasa_dag.py
[2025-02-05T02:39:12.265+0000] {processor.py:925} INFO - DAG(s) 'nasa_dag' retrieved from /opt/airflow/dags/nasa_dag.py
[2025-02-05T02:39:12.284+0000] {logging_mixin.py:190} INFO - [2025-02-05T02:39:12.284+0000] {dag.py:3239} INFO - Sync 1 DAGs
[2025-02-05T02:39:12.304+0000] {logging_mixin.py:190} INFO - [2025-02-05T02:39:12.304+0000] {dag.py:4180} INFO - Setting next_dagrun for nasa_dag to 2025-02-05 02:00:00+00:00, run_after=2025-02-05 03:00:00+00:00
[2025-02-05T02:39:12.322+0000] {processor.py:208} INFO - Processing /opt/airflow/dags/nasa_dag.py took 0.097 seconds
[2025-02-05T02:39:42.616+0000] {processor.py:186} INFO - Started process (PID=79) to work on /opt/airflow/dags/nasa_dag.py
[2025-02-05T02:39:42.617+0000] {processor.py:914} INFO - Processing file /opt/airflow/dags/nasa_dag.py for tasks to queue
[2025-02-05T02:39:42.619+0000] {logging_mixin.py:190} INFO - [2025-02-05T02:39:42.619+0000] {dagbag.py:588} INFO - Filling up the DagBag from /opt/airflow/dags/nasa_dag.py
[2025-02-05T02:39:42.649+0000] {processor.py:925} INFO - DAG(s) 'nasa_dag' retrieved from /opt/airflow/dags/nasa_dag.py
[2025-02-05T02:39:42.667+0000] {logging_mixin.py:190} INFO - [2025-02-05T02:39:42.666+0000] {dag.py:3239} INFO - Sync 1 DAGs
[2025-02-05T02:39:42.685+0000] {logging_mixin.py:190} INFO - [2025-02-05T02:39:42.685+0000] {dag.py:4180} INFO - Setting next_dagrun for nasa_dag to 2025-02-05 02:00:00+00:00, run_after=2025-02-05 03:00:00+00:00
[2025-02-05T02:39:42.703+0000] {processor.py:208} INFO - Processing /opt/airflow/dags/nasa_dag.py took 0.093 seconds
[2025-02-05T02:40:13.003+0000] {processor.py:186} INFO - Started process (PID=86) to work on /opt/airflow/dags/nasa_dag.py
[2025-02-05T02:40:13.004+0000] {processor.py:914} INFO - Processing file /opt/airflow/dags/nasa_dag.py for tasks to queue
[2025-02-05T02:40:13.006+0000] {logging_mixin.py:190} INFO - [2025-02-05T02:40:13.006+0000] {dagbag.py:588} INFO - Filling up the DagBag from /opt/airflow/dags/nasa_dag.py
[2025-02-05T02:40:13.033+0000] {processor.py:925} INFO - DAG(s) 'nasa_dag' retrieved from /opt/airflow/dags/nasa_dag.py
[2025-02-05T02:40:13.051+0000] {logging_mixin.py:190} INFO - [2025-02-05T02:40:13.051+0000] {dag.py:3239} INFO - Sync 1 DAGs
[2025-02-05T02:40:13.068+0000] {logging_mixin.py:190} INFO - [2025-02-05T02:40:13.068+0000] {dag.py:4180} INFO - Setting next_dagrun for nasa_dag to 2025-02-05 02:00:00+00:00, run_after=2025-02-05 03:00:00+00:00
[2025-02-05T02:40:13.082+0000] {processor.py:208} INFO - Processing /opt/airflow/dags/nasa_dag.py took 0.084 seconds
[2025-02-05T02:40:43.398+0000] {processor.py:186} INFO - Started process (PID=93) to work on /opt/airflow/dags/nasa_dag.py
[2025-02-05T02:40:43.398+0000] {processor.py:914} INFO - Processing file /opt/airflow/dags/nasa_dag.py for tasks to queue
[2025-02-05T02:40:43.400+0000] {logging_mixin.py:190} INFO - [2025-02-05T02:40:43.400+0000] {dagbag.py:588} INFO - Filling up the DagBag from /opt/airflow/dags/nasa_dag.py
[2025-02-05T02:40:43.430+0000] {processor.py:925} INFO - DAG(s) 'nasa_dag' retrieved from /opt/airflow/dags/nasa_dag.py
[2025-02-05T02:40:43.446+0000] {logging_mixin.py:190} INFO - [2025-02-05T02:40:43.446+0000] {dag.py:3239} INFO - Sync 1 DAGs
[2025-02-05T02:40:43.463+0000] {logging_mixin.py:190} INFO - [2025-02-05T02:40:43.463+0000] {dag.py:4180} INFO - Setting next_dagrun for nasa_dag to 2025-02-05 02:00:00+00:00, run_after=2025-02-05 03:00:00+00:00
[2025-02-05T02:40:43.475+0000] {processor.py:208} INFO - Processing /opt/airflow/dags/nasa_dag.py took 0.082 seconds
[2025-02-05T02:41:13.727+0000] {processor.py:186} INFO - Started process (PID=99) to work on /opt/airflow/dags/nasa_dag.py
[2025-02-05T02:41:13.728+0000] {processor.py:914} INFO - Processing file /opt/airflow/dags/nasa_dag.py for tasks to queue
[2025-02-05T02:41:13.732+0000] {logging_mixin.py:190} INFO - [2025-02-05T02:41:13.730+0000] {dagbag.py:588} INFO - Filling up the DagBag from /opt/airflow/dags/nasa_dag.py
[2025-02-05T02:41:13.777+0000] {processor.py:925} INFO - DAG(s) 'nasa_dag' retrieved from /opt/airflow/dags/nasa_dag.py
[2025-02-05T02:41:13.797+0000] {logging_mixin.py:190} INFO - [2025-02-05T02:41:13.796+0000] {dag.py:3239} INFO - Sync 1 DAGs
[2025-02-05T02:41:13.817+0000] {logging_mixin.py:190} INFO - [2025-02-05T02:41:13.817+0000] {dag.py:4180} INFO - Setting next_dagrun for nasa_dag to 2025-02-05 02:00:00+00:00, run_after=2025-02-05 03:00:00+00:00
[2025-02-05T02:41:13.838+0000] {processor.py:208} INFO - Processing /opt/airflow/dags/nasa_dag.py took 0.118 seconds
[2025-02-05T02:41:44.048+0000] {processor.py:186} INFO - Started process (PID=112) to work on /opt/airflow/dags/nasa_dag.py
[2025-02-05T02:41:44.049+0000] {processor.py:914} INFO - Processing file /opt/airflow/dags/nasa_dag.py for tasks to queue
[2025-02-05T02:41:44.051+0000] {logging_mixin.py:190} INFO - [2025-02-05T02:41:44.050+0000] {dagbag.py:588} INFO - Filling up the DagBag from /opt/airflow/dags/nasa_dag.py
[2025-02-05T02:41:44.117+0000] {processor.py:925} INFO - DAG(s) 'nasa_dag' retrieved from /opt/airflow/dags/nasa_dag.py
[2025-02-05T02:41:44.156+0000] {logging_mixin.py:190} INFO - [2025-02-05T02:41:44.156+0000] {dag.py:3239} INFO - Sync 1 DAGs
[2025-02-05T02:41:44.208+0000] {logging_mixin.py:190} INFO - [2025-02-05T02:41:44.208+0000] {dag.py:4180} INFO - Setting next_dagrun for nasa_dag to 2025-02-05 02:00:00+00:00, run_after=2025-02-05 03:00:00+00:00
[2025-02-05T02:41:44.240+0000] {processor.py:208} INFO - Processing /opt/airflow/dags/nasa_dag.py took 0.197 seconds
[2025-02-05T02:42:30.919+0000] {processor.py:186} INFO - Started process (PID=50) to work on /opt/airflow/dags/nasa_dag.py
[2025-02-05T02:42:30.921+0000] {processor.py:914} INFO - Processing file /opt/airflow/dags/nasa_dag.py for tasks to queue
[2025-02-05T02:42:30.923+0000] {logging_mixin.py:190} INFO - [2025-02-05T02:42:30.923+0000] {dagbag.py:588} INFO - Filling up the DagBag from /opt/airflow/dags/nasa_dag.py
[2025-02-05T02:42:30.959+0000] {processor.py:925} INFO - DAG(s) 'nasa_dag' retrieved from /opt/airflow/dags/nasa_dag.py
[2025-02-05T02:42:31.116+0000] {logging_mixin.py:190} INFO - [2025-02-05T02:42:31.115+0000] {dag.py:3239} INFO - Sync 1 DAGs
[2025-02-05T02:42:31.136+0000] {logging_mixin.py:190} INFO - [2025-02-05T02:42:31.136+0000] {dag.py:4180} INFO - Setting next_dagrun for nasa_dag to 2025-02-05 02:00:00+00:00, run_after=2025-02-05 03:00:00+00:00
[2025-02-05T02:42:31.154+0000] {processor.py:208} INFO - Processing /opt/airflow/dags/nasa_dag.py took 0.240 seconds
[2025-02-05T02:42:45.038+0000] {processor.py:186} INFO - Started process (PID=44) to work on /opt/airflow/dags/nasa_dag.py
[2025-02-05T02:42:45.039+0000] {processor.py:914} INFO - Processing file /opt/airflow/dags/nasa_dag.py for tasks to queue
[2025-02-05T02:42:45.042+0000] {logging_mixin.py:190} INFO - [2025-02-05T02:42:45.041+0000] {dagbag.py:588} INFO - Filling up the DagBag from /opt/airflow/dags/nasa_dag.py
[2025-02-05T02:42:45.068+0000] {processor.py:925} INFO - DAG(s) 'nasa_dag' retrieved from /opt/airflow/dags/nasa_dag.py
[2025-02-05T02:42:45.198+0000] {logging_mixin.py:190} INFO - [2025-02-05T02:42:45.198+0000] {dag.py:3239} INFO - Sync 1 DAGs
[2025-02-05T02:42:45.219+0000] {logging_mixin.py:190} INFO - [2025-02-05T02:42:45.219+0000] {dag.py:4180} INFO - Setting next_dagrun for nasa_dag to 2025-02-05 02:00:00+00:00, run_after=2025-02-05 03:00:00+00:00
[2025-02-05T02:42:45.234+0000] {processor.py:208} INFO - Processing /opt/airflow/dags/nasa_dag.py took 0.203 seconds
[2025-02-05T02:43:15.446+0000] {processor.py:186} INFO - Started process (PID=57) to work on /opt/airflow/dags/nasa_dag.py
[2025-02-05T02:43:15.447+0000] {processor.py:914} INFO - Processing file /opt/airflow/dags/nasa_dag.py for tasks to queue
[2025-02-05T02:43:15.449+0000] {logging_mixin.py:190} INFO - [2025-02-05T02:43:15.449+0000] {dagbag.py:588} INFO - Filling up the DagBag from /opt/airflow/dags/nasa_dag.py
[2025-02-05T02:43:15.472+0000] {processor.py:925} INFO - DAG(s) 'nasa_dag' retrieved from /opt/airflow/dags/nasa_dag.py
[2025-02-05T02:43:15.492+0000] {logging_mixin.py:190} INFO - [2025-02-05T02:43:15.492+0000] {dag.py:3239} INFO - Sync 1 DAGs
[2025-02-05T02:43:15.511+0000] {logging_mixin.py:190} INFO - [2025-02-05T02:43:15.511+0000] {dag.py:4180} INFO - Setting next_dagrun for nasa_dag to 2025-02-05 02:00:00+00:00, run_after=2025-02-05 03:00:00+00:00
[2025-02-05T02:43:15.530+0000] {processor.py:208} INFO - Processing /opt/airflow/dags/nasa_dag.py took 0.089 seconds
[2025-02-05T02:45:18.656+0000] {processor.py:186} INFO - Started process (PID=50) to work on /opt/airflow/dags/nasa_dag.py
[2025-02-05T02:45:18.658+0000] {processor.py:914} INFO - Processing file /opt/airflow/dags/nasa_dag.py for tasks to queue
[2025-02-05T02:45:18.661+0000] {logging_mixin.py:190} INFO - [2025-02-05T02:45:18.661+0000] {dagbag.py:588} INFO - Filling up the DagBag from /opt/airflow/dags/nasa_dag.py
[2025-02-05T02:45:18.712+0000] {processor.py:925} INFO - DAG(s) 'nasa_dag' retrieved from /opt/airflow/dags/nasa_dag.py
[2025-02-05T02:45:18.912+0000] {logging_mixin.py:190} INFO - [2025-02-05T02:45:18.911+0000] {dag.py:3239} INFO - Sync 1 DAGs
[2025-02-05T02:45:18.931+0000] {logging_mixin.py:190} INFO - [2025-02-05T02:45:18.931+0000] {dag.py:4180} INFO - Setting next_dagrun for nasa_dag to 2025-02-05 02:00:00+00:00, run_after=2025-02-05 03:00:00+00:00
[2025-02-05T02:45:18.956+0000] {processor.py:208} INFO - Processing /opt/airflow/dags/nasa_dag.py took 0.310 seconds
[2025-02-05T02:45:49.055+0000] {processor.py:186} INFO - Started process (PID=57) to work on /opt/airflow/dags/nasa_dag.py
[2025-02-05T02:45:49.055+0000] {processor.py:914} INFO - Processing file /opt/airflow/dags/nasa_dag.py for tasks to queue
[2025-02-05T02:45:49.058+0000] {logging_mixin.py:190} INFO - [2025-02-05T02:45:49.058+0000] {dagbag.py:588} INFO - Filling up the DagBag from /opt/airflow/dags/nasa_dag.py
[2025-02-05T02:45:49.084+0000] {processor.py:925} INFO - DAG(s) 'nasa_dag' retrieved from /opt/airflow/dags/nasa_dag.py
[2025-02-05T02:45:49.105+0000] {logging_mixin.py:190} INFO - [2025-02-05T02:45:49.105+0000] {dag.py:3239} INFO - Sync 1 DAGs
[2025-02-05T02:45:49.144+0000] {processor.py:208} INFO - Processing /opt/airflow/dags/nasa_dag.py took 0.094 seconds
[2025-02-05T02:46:19.339+0000] {processor.py:186} INFO - Started process (PID=64) to work on /opt/airflow/dags/nasa_dag.py
[2025-02-05T02:46:19.340+0000] {processor.py:914} INFO - Processing file /opt/airflow/dags/nasa_dag.py for tasks to queue
[2025-02-05T02:46:19.342+0000] {logging_mixin.py:190} INFO - [2025-02-05T02:46:19.342+0000] {dagbag.py:588} INFO - Filling up the DagBag from /opt/airflow/dags/nasa_dag.py
[2025-02-05T02:46:19.363+0000] {processor.py:925} INFO - DAG(s) 'nasa_dag' retrieved from /opt/airflow/dags/nasa_dag.py
[2025-02-05T02:46:19.381+0000] {logging_mixin.py:190} INFO - [2025-02-05T02:46:19.380+0000] {dag.py:3239} INFO - Sync 1 DAGs
[2025-02-05T02:46:19.398+0000] {logging_mixin.py:190} INFO - [2025-02-05T02:46:19.398+0000] {dag.py:4180} INFO - Setting next_dagrun for nasa_dag to 2025-02-05 02:00:00+00:00, run_after=2025-02-05 03:00:00+00:00
[2025-02-05T02:46:19.414+0000] {processor.py:208} INFO - Processing /opt/airflow/dags/nasa_dag.py took 0.079 seconds
[2025-02-05T02:46:49.660+0000] {processor.py:186} INFO - Started process (PID=71) to work on /opt/airflow/dags/nasa_dag.py
[2025-02-05T02:46:49.661+0000] {processor.py:914} INFO - Processing file /opt/airflow/dags/nasa_dag.py for tasks to queue
[2025-02-05T02:46:49.663+0000] {logging_mixin.py:190} INFO - [2025-02-05T02:46:49.662+0000] {dagbag.py:588} INFO - Filling up the DagBag from /opt/airflow/dags/nasa_dag.py
[2025-02-05T02:46:49.709+0000] {processor.py:925} INFO - DAG(s) 'nasa_dag' retrieved from /opt/airflow/dags/nasa_dag.py
[2025-02-05T02:46:49.733+0000] {logging_mixin.py:190} INFO - [2025-02-05T02:46:49.733+0000] {dag.py:3239} INFO - Sync 1 DAGs
[2025-02-05T02:46:49.758+0000] {logging_mixin.py:190} INFO - [2025-02-05T02:46:49.758+0000] {dag.py:4180} INFO - Setting next_dagrun for nasa_dag to 2025-02-05 02:00:00+00:00, run_after=2025-02-05 03:00:00+00:00
[2025-02-05T02:46:49.777+0000] {processor.py:208} INFO - Processing /opt/airflow/dags/nasa_dag.py took 0.123 seconds
[2025-02-05T02:47:20.023+0000] {processor.py:186} INFO - Started process (PID=78) to work on /opt/airflow/dags/nasa_dag.py
[2025-02-05T02:47:20.024+0000] {processor.py:914} INFO - Processing file /opt/airflow/dags/nasa_dag.py for tasks to queue
[2025-02-05T02:47:20.025+0000] {logging_mixin.py:190} INFO - [2025-02-05T02:47:20.025+0000] {dagbag.py:588} INFO - Filling up the DagBag from /opt/airflow/dags/nasa_dag.py
[2025-02-05T02:47:20.051+0000] {processor.py:925} INFO - DAG(s) 'nasa_dag' retrieved from /opt/airflow/dags/nasa_dag.py
[2025-02-05T02:47:20.070+0000] {logging_mixin.py:190} INFO - [2025-02-05T02:47:20.069+0000] {dag.py:3239} INFO - Sync 1 DAGs
[2025-02-05T02:47:20.088+0000] {logging_mixin.py:190} INFO - [2025-02-05T02:47:20.088+0000] {dag.py:4180} INFO - Setting next_dagrun for nasa_dag to 2025-02-05 02:00:00+00:00, run_after=2025-02-05 03:00:00+00:00
[2025-02-05T02:47:20.107+0000] {processor.py:208} INFO - Processing /opt/airflow/dags/nasa_dag.py took 0.088 seconds
[2025-02-05T02:47:50.494+0000] {processor.py:186} INFO - Started process (PID=85) to work on /opt/airflow/dags/nasa_dag.py
[2025-02-05T02:47:50.495+0000] {processor.py:914} INFO - Processing file /opt/airflow/dags/nasa_dag.py for tasks to queue
[2025-02-05T02:47:50.497+0000] {logging_mixin.py:190} INFO - [2025-02-05T02:47:50.496+0000] {dagbag.py:588} INFO - Filling up the DagBag from /opt/airflow/dags/nasa_dag.py
[2025-02-05T02:47:50.524+0000] {processor.py:925} INFO - DAG(s) 'nasa_dag' retrieved from /opt/airflow/dags/nasa_dag.py
[2025-02-05T02:47:50.542+0000] {logging_mixin.py:190} INFO - [2025-02-05T02:47:50.541+0000] {dag.py:3239} INFO - Sync 1 DAGs
[2025-02-05T02:47:50.561+0000] {logging_mixin.py:190} INFO - [2025-02-05T02:47:50.561+0000] {dag.py:4180} INFO - Setting next_dagrun for nasa_dag to 2025-02-05 02:00:00+00:00, run_after=2025-02-05 03:00:00+00:00
[2025-02-05T02:47:50.578+0000] {processor.py:208} INFO - Processing /opt/airflow/dags/nasa_dag.py took 0.087 seconds
[2025-02-05T02:48:36.287+0000] {processor.py:186} INFO - Started process (PID=50) to work on /opt/airflow/dags/nasa_dag.py
[2025-02-05T02:48:36.288+0000] {processor.py:914} INFO - Processing file /opt/airflow/dags/nasa_dag.py for tasks to queue
[2025-02-05T02:48:36.291+0000] {logging_mixin.py:190} INFO - [2025-02-05T02:48:36.290+0000] {dagbag.py:588} INFO - Filling up the DagBag from /opt/airflow/dags/nasa_dag.py
[2025-02-05T02:48:36.336+0000] {processor.py:925} INFO - DAG(s) 'nasa_dag' retrieved from /opt/airflow/dags/nasa_dag.py
[2025-02-05T02:48:36.476+0000] {logging_mixin.py:190} INFO - [2025-02-05T02:48:36.476+0000] {dag.py:3239} INFO - Sync 1 DAGs
[2025-02-05T02:48:36.496+0000] {logging_mixin.py:190} INFO - [2025-02-05T02:48:36.496+0000] {dag.py:4180} INFO - Setting next_dagrun for nasa_dag to 2025-02-05 02:00:00+00:00, run_after=2025-02-05 03:00:00+00:00
[2025-02-05T02:48:36.513+0000] {processor.py:208} INFO - Processing /opt/airflow/dags/nasa_dag.py took 0.233 seconds
[2025-02-05T02:49:06.770+0000] {processor.py:186} INFO - Started process (PID=57) to work on /opt/airflow/dags/nasa_dag.py
[2025-02-05T02:49:06.772+0000] {processor.py:914} INFO - Processing file /opt/airflow/dags/nasa_dag.py for tasks to queue
[2025-02-05T02:49:06.776+0000] {logging_mixin.py:190} INFO - [2025-02-05T02:49:06.776+0000] {dagbag.py:588} INFO - Filling up the DagBag from /opt/airflow/dags/nasa_dag.py
[2025-02-05T02:49:06.809+0000] {processor.py:925} INFO - DAG(s) 'nasa_dag' retrieved from /opt/airflow/dags/nasa_dag.py
[2025-02-05T02:49:06.833+0000] {logging_mixin.py:190} INFO - [2025-02-05T02:49:06.833+0000] {dag.py:3239} INFO - Sync 1 DAGs
[2025-02-05T02:49:06.872+0000] {processor.py:208} INFO - Processing /opt/airflow/dags/nasa_dag.py took 0.107 seconds
[2025-02-05T02:49:37.163+0000] {processor.py:186} INFO - Started process (PID=64) to work on /opt/airflow/dags/nasa_dag.py
[2025-02-05T02:49:37.164+0000] {processor.py:914} INFO - Processing file /opt/airflow/dags/nasa_dag.py for tasks to queue
[2025-02-05T02:49:37.166+0000] {logging_mixin.py:190} INFO - [2025-02-05T02:49:37.166+0000] {dagbag.py:588} INFO - Filling up the DagBag from /opt/airflow/dags/nasa_dag.py
[2025-02-05T02:49:37.192+0000] {processor.py:925} INFO - DAG(s) 'nasa_dag' retrieved from /opt/airflow/dags/nasa_dag.py
[2025-02-05T02:49:37.213+0000] {logging_mixin.py:190} INFO - [2025-02-05T02:49:37.213+0000] {dag.py:3239} INFO - Sync 1 DAGs
[2025-02-05T02:49:37.251+0000] {processor.py:208} INFO - Processing /opt/airflow/dags/nasa_dag.py took 0.091 seconds
[2025-02-05T02:50:07.505+0000] {processor.py:186} INFO - Started process (PID=71) to work on /opt/airflow/dags/nasa_dag.py
[2025-02-05T02:50:07.506+0000] {processor.py:914} INFO - Processing file /opt/airflow/dags/nasa_dag.py for tasks to queue
[2025-02-05T02:50:07.508+0000] {logging_mixin.py:190} INFO - [2025-02-05T02:50:07.508+0000] {dagbag.py:588} INFO - Filling up the DagBag from /opt/airflow/dags/nasa_dag.py
[2025-02-05T02:50:07.544+0000] {processor.py:925} INFO - DAG(s) 'nasa_dag' retrieved from /opt/airflow/dags/nasa_dag.py
[2025-02-05T02:50:07.569+0000] {logging_mixin.py:190} INFO - [2025-02-05T02:50:07.568+0000] {dag.py:3239} INFO - Sync 1 DAGs
[2025-02-05T02:50:07.591+0000] {logging_mixin.py:190} INFO - [2025-02-05T02:50:07.591+0000] {dag.py:4180} INFO - Setting next_dagrun for nasa_dag to 2025-02-05 02:00:00+00:00, run_after=2025-02-05 03:00:00+00:00
[2025-02-05T02:50:07.618+0000] {processor.py:208} INFO - Processing /opt/airflow/dags/nasa_dag.py took 0.118 seconds
[2025-02-05T02:50:37.908+0000] {processor.py:186} INFO - Started process (PID=78) to work on /opt/airflow/dags/nasa_dag.py
[2025-02-05T02:50:37.909+0000] {processor.py:914} INFO - Processing file /opt/airflow/dags/nasa_dag.py for tasks to queue
[2025-02-05T02:50:37.913+0000] {logging_mixin.py:190} INFO - [2025-02-05T02:50:37.912+0000] {dagbag.py:588} INFO - Filling up the DagBag from /opt/airflow/dags/nasa_dag.py
[2025-02-05T02:50:37.944+0000] {processor.py:925} INFO - DAG(s) 'nasa_dag' retrieved from /opt/airflow/dags/nasa_dag.py
[2025-02-05T02:50:37.970+0000] {logging_mixin.py:190} INFO - [2025-02-05T02:50:37.970+0000] {dag.py:3239} INFO - Sync 1 DAGs
[2025-02-05T02:50:37.993+0000] {logging_mixin.py:190} INFO - [2025-02-05T02:50:37.993+0000] {dag.py:4180} INFO - Setting next_dagrun for nasa_dag to 2025-02-05 02:00:00+00:00, run_after=2025-02-05 03:00:00+00:00
[2025-02-05T02:50:38.014+0000] {processor.py:208} INFO - Processing /opt/airflow/dags/nasa_dag.py took 0.111 seconds
[2025-02-05T02:56:04.907+0000] {processor.py:186} INFO - Started process (PID=50) to work on /opt/airflow/dags/nasa_dag.py
[2025-02-05T02:56:04.908+0000] {processor.py:914} INFO - Processing file /opt/airflow/dags/nasa_dag.py for tasks to queue
[2025-02-05T02:56:04.910+0000] {logging_mixin.py:190} INFO - [2025-02-05T02:56:04.910+0000] {dagbag.py:588} INFO - Filling up the DagBag from /opt/airflow/dags/nasa_dag.py
[2025-02-05T02:56:04.957+0000] {processor.py:925} INFO - DAG(s) 'nasa_dag' retrieved from /opt/airflow/dags/nasa_dag.py
[2025-02-05T02:56:05.096+0000] {logging_mixin.py:190} INFO - [2025-02-05T02:56:05.096+0000] {dag.py:3239} INFO - Sync 1 DAGs
[2025-02-05T02:56:05.115+0000] {logging_mixin.py:190} INFO - [2025-02-05T02:56:05.115+0000] {dag.py:4180} INFO - Setting next_dagrun for nasa_dag to 2025-02-05 02:00:00+00:00, run_after=2025-02-05 03:00:00+00:00
[2025-02-05T02:56:05.134+0000] {processor.py:208} INFO - Processing /opt/airflow/dags/nasa_dag.py took 0.233 seconds
[2025-02-05T02:56:35.373+0000] {processor.py:186} INFO - Started process (PID=57) to work on /opt/airflow/dags/nasa_dag.py
[2025-02-05T02:56:35.373+0000] {processor.py:914} INFO - Processing file /opt/airflow/dags/nasa_dag.py for tasks to queue
[2025-02-05T02:56:35.377+0000] {logging_mixin.py:190} INFO - [2025-02-05T02:56:35.376+0000] {dagbag.py:588} INFO - Filling up the DagBag from /opt/airflow/dags/nasa_dag.py
[2025-02-05T02:56:35.411+0000] {processor.py:925} INFO - DAG(s) 'nasa_dag' retrieved from /opt/airflow/dags/nasa_dag.py
[2025-02-05T02:56:35.438+0000] {logging_mixin.py:190} INFO - [2025-02-05T02:56:35.437+0000] {dag.py:3239} INFO - Sync 1 DAGs
[2025-02-05T02:56:35.471+0000] {logging_mixin.py:190} INFO - [2025-02-05T02:56:35.471+0000] {dag.py:4180} INFO - Setting next_dagrun for nasa_dag to 2025-02-05 02:00:00+00:00, run_after=2025-02-05 03:00:00+00:00
[2025-02-05T02:56:35.504+0000] {processor.py:208} INFO - Processing /opt/airflow/dags/nasa_dag.py took 0.137 seconds
[2025-02-05T02:57:05.884+0000] {processor.py:186} INFO - Started process (PID=65) to work on /opt/airflow/dags/nasa_dag.py
[2025-02-05T02:57:05.885+0000] {processor.py:914} INFO - Processing file /opt/airflow/dags/nasa_dag.py for tasks to queue
[2025-02-05T02:57:05.887+0000] {logging_mixin.py:190} INFO - [2025-02-05T02:57:05.887+0000] {dagbag.py:588} INFO - Filling up the DagBag from /opt/airflow/dags/nasa_dag.py
[2025-02-05T02:57:05.912+0000] {processor.py:925} INFO - DAG(s) 'nasa_dag' retrieved from /opt/airflow/dags/nasa_dag.py
[2025-02-05T02:57:05.931+0000] {logging_mixin.py:190} INFO - [2025-02-05T02:57:05.931+0000] {dag.py:3239} INFO - Sync 1 DAGs
[2025-02-05T02:57:05.953+0000] {logging_mixin.py:190} INFO - [2025-02-05T02:57:05.953+0000] {dag.py:4180} INFO - Setting next_dagrun for nasa_dag to 2025-02-05 02:00:00+00:00, run_after=2025-02-05 03:00:00+00:00
[2025-02-05T02:57:05.971+0000] {processor.py:208} INFO - Processing /opt/airflow/dags/nasa_dag.py took 0.092 seconds
