[2025-01-22T01:52:09.799+0000] {processor.py:186} INFO - Started process (PID=56) to work on /opt/airflow/dags/nasa_dag.py
[2025-01-22T01:52:09.800+0000] {processor.py:914} INFO - Processing file /opt/airflow/dags/nasa_dag.py for tasks to queue
[2025-01-22T01:52:09.802+0000] {logging_mixin.py:190} INFO - [2025-01-22T01:52:09.802+0000] {dagbag.py:588} INFO - Filling up the DagBag from /opt/airflow/dags/nasa_dag.py
[2025-01-22T01:52:09.828+0000] {logging_mixin.py:190} INFO - [2025-01-22T01:52:09.820+0000] {dagbag.py:387} ERROR - Failed to import: /opt/airflow/dags/nasa_dag.py
Traceback (most recent call last):
  File "/home/airflow/.local/lib/python3.12/site-packages/airflow/models/dagbag.py", line 383, in parse
    loader.exec_module(new_module)
  File "<frozen importlib._bootstrap_external>", line 995, in exec_module
  File "<frozen importlib._bootstrap>", line 488, in _call_with_frames_removed
  File "/opt/airflow/dags/nasa_dag.py", line 7, in <module>
    from airflow.providers.mongo.hooks.mongo import MongoHook
ModuleNotFoundError: No module named 'airflow.providers.mongo'
[2025-01-22T01:52:09.831+0000] {processor.py:927} WARNING - No viable dags retrieved from /opt/airflow/dags/nasa_dag.py
[2025-01-22T01:52:09.855+0000] {processor.py:208} INFO - Processing /opt/airflow/dags/nasa_dag.py took 0.061 seconds
[2025-01-22T01:52:40.070+0000] {processor.py:186} INFO - Started process (PID=63) to work on /opt/airflow/dags/nasa_dag.py
[2025-01-22T01:52:40.071+0000] {processor.py:914} INFO - Processing file /opt/airflow/dags/nasa_dag.py for tasks to queue
[2025-01-22T01:52:40.073+0000] {logging_mixin.py:190} INFO - [2025-01-22T01:52:40.073+0000] {dagbag.py:588} INFO - Filling up the DagBag from /opt/airflow/dags/nasa_dag.py
[2025-01-22T01:52:40.088+0000] {logging_mixin.py:190} INFO - [2025-01-22T01:52:40.085+0000] {dagbag.py:387} ERROR - Failed to import: /opt/airflow/dags/nasa_dag.py
Traceback (most recent call last):
  File "/home/airflow/.local/lib/python3.12/site-packages/airflow/models/dagbag.py", line 383, in parse
    loader.exec_module(new_module)
  File "<frozen importlib._bootstrap_external>", line 995, in exec_module
  File "<frozen importlib._bootstrap>", line 488, in _call_with_frames_removed
  File "/opt/airflow/dags/nasa_dag.py", line 7, in <module>
    from airflow.providers.mongo.hooks.mongo import MongoHook
ModuleNotFoundError: No module named 'airflow.providers.mongo'
[2025-01-22T01:52:40.089+0000] {processor.py:927} WARNING - No viable dags retrieved from /opt/airflow/dags/nasa_dag.py
[2025-01-22T01:52:40.107+0000] {processor.py:208} INFO - Processing /opt/airflow/dags/nasa_dag.py took 0.041 seconds
[2025-01-22T01:54:50.453+0000] {processor.py:186} INFO - Started process (PID=50) to work on /opt/airflow/dags/nasa_dag.py
[2025-01-22T01:54:50.455+0000] {processor.py:914} INFO - Processing file /opt/airflow/dags/nasa_dag.py for tasks to queue
[2025-01-22T01:54:50.457+0000] {logging_mixin.py:190} INFO - [2025-01-22T01:54:50.457+0000] {dagbag.py:588} INFO - Filling up the DagBag from /opt/airflow/dags/nasa_dag.py
[2025-01-22T01:54:50.480+0000] {logging_mixin.py:190} INFO - [2025-01-22T01:54:50.474+0000] {dagbag.py:387} ERROR - Failed to import: /opt/airflow/dags/nasa_dag.py
Traceback (most recent call last):
  File "/home/airflow/.local/lib/python3.12/site-packages/airflow/models/dagbag.py", line 383, in parse
    loader.exec_module(new_module)
  File "<frozen importlib._bootstrap_external>", line 995, in exec_module
  File "<frozen importlib._bootstrap>", line 488, in _call_with_frames_removed
  File "/opt/airflow/dags/nasa_dag.py", line 7, in <module>
    from airflow.providers.mongo.hooks.mongo import MongoHook
ModuleNotFoundError: No module named 'airflow.providers.mongo'
[2025-01-22T01:54:50.482+0000] {processor.py:927} WARNING - No viable dags retrieved from /opt/airflow/dags/nasa_dag.py
[2025-01-22T01:54:50.503+0000] {processor.py:208} INFO - Processing /opt/airflow/dags/nasa_dag.py took 0.056 seconds
[2025-01-22T01:55:20.815+0000] {processor.py:186} INFO - Started process (PID=57) to work on /opt/airflow/dags/nasa_dag.py
[2025-01-22T01:55:20.816+0000] {processor.py:914} INFO - Processing file /opt/airflow/dags/nasa_dag.py for tasks to queue
[2025-01-22T01:55:20.818+0000] {logging_mixin.py:190} INFO - [2025-01-22T01:55:20.817+0000] {dagbag.py:588} INFO - Filling up the DagBag from /opt/airflow/dags/nasa_dag.py
[2025-01-22T01:55:20.831+0000] {logging_mixin.py:190} INFO - [2025-01-22T01:55:20.828+0000] {dagbag.py:387} ERROR - Failed to import: /opt/airflow/dags/nasa_dag.py
Traceback (most recent call last):
  File "/home/airflow/.local/lib/python3.12/site-packages/airflow/models/dagbag.py", line 383, in parse
    loader.exec_module(new_module)
  File "<frozen importlib._bootstrap_external>", line 995, in exec_module
  File "<frozen importlib._bootstrap>", line 488, in _call_with_frames_removed
  File "/opt/airflow/dags/nasa_dag.py", line 7, in <module>
    from airflow.providers.mongo.hooks.mongo import MongoHook
ModuleNotFoundError: No module named 'airflow.providers.mongo'
[2025-01-22T01:55:20.831+0000] {processor.py:927} WARNING - No viable dags retrieved from /opt/airflow/dags/nasa_dag.py
[2025-01-22T01:55:20.845+0000] {processor.py:208} INFO - Processing /opt/airflow/dags/nasa_dag.py took 0.033 seconds
[2025-01-22T03:07:57.504+0000] {processor.py:186} INFO - Started process (PID=56) to work on /opt/airflow/dags/nasa_dag.py
[2025-01-22T03:07:57.505+0000] {processor.py:914} INFO - Processing file /opt/airflow/dags/nasa_dag.py for tasks to queue
[2025-01-22T03:07:57.507+0000] {logging_mixin.py:190} INFO - [2025-01-22T03:07:57.507+0000] {dagbag.py:588} INFO - Filling up the DagBag from /opt/airflow/dags/nasa_dag.py
[2025-01-22T03:07:57.559+0000] {processor.py:925} INFO - DAG(s) 'nasa_dag' retrieved from /opt/airflow/dags/nasa_dag.py
[2025-01-22T03:07:57.941+0000] {logging_mixin.py:190} INFO - [2025-01-22T03:07:57.940+0000] {override.py:1900} INFO - Created Permission View: can edit on DAG:nasa_dag
[2025-01-22T03:07:57.956+0000] {logging_mixin.py:190} INFO - [2025-01-22T03:07:57.955+0000] {override.py:1900} INFO - Created Permission View: can read on DAG:nasa_dag
[2025-01-22T03:07:57.969+0000] {logging_mixin.py:190} INFO - [2025-01-22T03:07:57.968+0000] {override.py:1900} INFO - Created Permission View: can delete on DAG:nasa_dag
[2025-01-22T03:07:57.981+0000] {logging_mixin.py:190} INFO - [2025-01-22T03:07:57.980+0000] {override.py:1900} INFO - Created Permission View: can read on DAG Run:nasa_dag
[2025-01-22T03:07:57.991+0000] {logging_mixin.py:190} INFO - [2025-01-22T03:07:57.990+0000] {override.py:1900} INFO - Created Permission View: can create on DAG Run:nasa_dag
[2025-01-22T03:07:58.001+0000] {logging_mixin.py:190} INFO - [2025-01-22T03:07:58.001+0000] {override.py:1900} INFO - Created Permission View: menu access on DAG Run:nasa_dag
[2025-01-22T03:07:58.009+0000] {logging_mixin.py:190} INFO - [2025-01-22T03:07:58.009+0000] {override.py:1900} INFO - Created Permission View: can delete on DAG Run:nasa_dag
[2025-01-22T03:07:58.010+0000] {logging_mixin.py:190} INFO - [2025-01-22T03:07:58.010+0000] {dag.py:3239} INFO - Sync 1 DAGs
[2025-01-22T03:07:58.025+0000] {logging_mixin.py:190} INFO - [2025-01-22T03:07:58.024+0000] {dag.py:3262} INFO - Creating ORM DAG for nasa_dag
[2025-01-22T03:07:58.038+0000] {logging_mixin.py:190} INFO - [2025-01-22T03:07:58.038+0000] {dag.py:4180} INFO - Setting next_dagrun for nasa_dag to 2025-01-22 02:00:00+00:00, run_after=2025-01-22 03:00:00+00:00
[2025-01-22T03:07:58.058+0000] {processor.py:208} INFO - Processing /opt/airflow/dags/nasa_dag.py took 0.560 seconds
[2025-01-22T03:08:28.402+0000] {processor.py:186} INFO - Started process (PID=62) to work on /opt/airflow/dags/nasa_dag.py
[2025-01-22T03:08:28.404+0000] {processor.py:914} INFO - Processing file /opt/airflow/dags/nasa_dag.py for tasks to queue
[2025-01-22T03:08:28.406+0000] {logging_mixin.py:190} INFO - [2025-01-22T03:08:28.406+0000] {dagbag.py:588} INFO - Filling up the DagBag from /opt/airflow/dags/nasa_dag.py
[2025-01-22T03:08:28.462+0000] {processor.py:925} INFO - DAG(s) 'nasa_dag' retrieved from /opt/airflow/dags/nasa_dag.py
[2025-01-22T03:08:28.496+0000] {logging_mixin.py:190} INFO - [2025-01-22T03:08:28.495+0000] {dag.py:3239} INFO - Sync 1 DAGs
[2025-01-22T03:08:28.705+0000] {logging_mixin.py:190} INFO - [2025-01-22T03:08:28.705+0000] {dag.py:4180} INFO - Setting next_dagrun for nasa_dag to 2025-01-22 02:00:00+00:00, run_after=2025-01-22 03:00:00+00:00
[2025-01-22T03:08:28.723+0000] {processor.py:208} INFO - Processing /opt/airflow/dags/nasa_dag.py took 0.330 seconds
[2025-01-22T03:08:59.039+0000] {processor.py:186} INFO - Started process (PID=69) to work on /opt/airflow/dags/nasa_dag.py
[2025-01-22T03:08:59.041+0000] {processor.py:914} INFO - Processing file /opt/airflow/dags/nasa_dag.py for tasks to queue
[2025-01-22T03:08:59.044+0000] {logging_mixin.py:190} INFO - [2025-01-22T03:08:59.044+0000] {dagbag.py:588} INFO - Filling up the DagBag from /opt/airflow/dags/nasa_dag.py
[2025-01-22T03:08:59.087+0000] {processor.py:925} INFO - DAG(s) 'nasa_dag' retrieved from /opt/airflow/dags/nasa_dag.py
[2025-01-22T03:08:59.117+0000] {logging_mixin.py:190} INFO - [2025-01-22T03:08:59.117+0000] {dag.py:3239} INFO - Sync 1 DAGs
[2025-01-22T03:08:59.267+0000] {logging_mixin.py:190} INFO - [2025-01-22T03:08:59.267+0000] {dag.py:4180} INFO - Setting next_dagrun for nasa_dag to 2025-01-22 03:00:00+00:00, run_after=2025-01-22 04:00:00+00:00
[2025-01-22T03:08:59.284+0000] {processor.py:208} INFO - Processing /opt/airflow/dags/nasa_dag.py took 0.253 seconds
[2025-01-22T03:09:29.627+0000] {processor.py:186} INFO - Started process (PID=76) to work on /opt/airflow/dags/nasa_dag.py
[2025-01-22T03:09:29.628+0000] {processor.py:914} INFO - Processing file /opt/airflow/dags/nasa_dag.py for tasks to queue
[2025-01-22T03:09:29.630+0000] {logging_mixin.py:190} INFO - [2025-01-22T03:09:29.630+0000] {dagbag.py:588} INFO - Filling up the DagBag from /opt/airflow/dags/nasa_dag.py
[2025-01-22T03:09:29.658+0000] {processor.py:925} INFO - DAG(s) 'nasa_dag' retrieved from /opt/airflow/dags/nasa_dag.py
[2025-01-22T03:09:29.780+0000] {logging_mixin.py:190} INFO - [2025-01-22T03:09:29.780+0000] {dag.py:3239} INFO - Sync 1 DAGs
[2025-01-22T03:09:29.797+0000] {logging_mixin.py:190} INFO - [2025-01-22T03:09:29.796+0000] {dag.py:4180} INFO - Setting next_dagrun for nasa_dag to 2025-01-22 03:00:00+00:00, run_after=2025-01-22 04:00:00+00:00
[2025-01-22T03:09:29.813+0000] {processor.py:208} INFO - Processing /opt/airflow/dags/nasa_dag.py took 0.190 seconds
[2025-01-22T03:09:59.913+0000] {processor.py:186} INFO - Started process (PID=83) to work on /opt/airflow/dags/nasa_dag.py
[2025-01-22T03:09:59.914+0000] {processor.py:914} INFO - Processing file /opt/airflow/dags/nasa_dag.py for tasks to queue
[2025-01-22T03:09:59.916+0000] {logging_mixin.py:190} INFO - [2025-01-22T03:09:59.916+0000] {dagbag.py:588} INFO - Filling up the DagBag from /opt/airflow/dags/nasa_dag.py
[2025-01-22T03:10:00.064+0000] {processor.py:925} INFO - DAG(s) 'nasa_dag' retrieved from /opt/airflow/dags/nasa_dag.py
[2025-01-22T03:10:00.080+0000] {logging_mixin.py:190} INFO - [2025-01-22T03:10:00.080+0000] {dag.py:3239} INFO - Sync 1 DAGs
[2025-01-22T03:10:00.111+0000] {processor.py:208} INFO - Processing /opt/airflow/dags/nasa_dag.py took 0.203 seconds
[2025-01-22T03:10:30.430+0000] {processor.py:186} INFO - Started process (PID=93) to work on /opt/airflow/dags/nasa_dag.py
[2025-01-22T03:10:30.431+0000] {processor.py:914} INFO - Processing file /opt/airflow/dags/nasa_dag.py for tasks to queue
[2025-01-22T03:10:30.433+0000] {logging_mixin.py:190} INFO - [2025-01-22T03:10:30.432+0000] {dagbag.py:588} INFO - Filling up the DagBag from /opt/airflow/dags/nasa_dag.py
[2025-01-22T03:10:30.459+0000] {processor.py:925} INFO - DAG(s) 'nasa_dag' retrieved from /opt/airflow/dags/nasa_dag.py
[2025-01-22T03:10:30.482+0000] {logging_mixin.py:190} INFO - [2025-01-22T03:10:30.482+0000] {dag.py:3239} INFO - Sync 1 DAGs
[2025-01-22T03:10:30.518+0000] {processor.py:208} INFO - Processing /opt/airflow/dags/nasa_dag.py took 0.094 seconds
[2025-01-22T03:22:24.709+0000] {processor.py:186} INFO - Started process (PID=50) to work on /opt/airflow/dags/nasa_dag.py
[2025-01-22T03:22:24.710+0000] {processor.py:914} INFO - Processing file /opt/airflow/dags/nasa_dag.py for tasks to queue
[2025-01-22T03:22:24.713+0000] {logging_mixin.py:190} INFO - [2025-01-22T03:22:24.712+0000] {dagbag.py:588} INFO - Filling up the DagBag from /opt/airflow/dags/nasa_dag.py
[2025-01-22T03:22:24.774+0000] {logging_mixin.py:190} INFO - [2025-01-22T03:22:24.768+0000] {dagbag.py:387} ERROR - Failed to import: /opt/airflow/dags/nasa_dag.py
Traceback (most recent call last):
  File "/home/airflow/.local/lib/python3.12/site-packages/airflow/models/dagbag.py", line 383, in parse
    loader.exec_module(new_module)
  File "<frozen importlib._bootstrap_external>", line 995, in exec_module
  File "<frozen importlib._bootstrap>", line 488, in _call_with_frames_removed
  File "/opt/airflow/dags/nasa_dag.py", line 83, in <module>
    data=load_data(),
         ^^^^^^^^^^^
  File "/opt/airflow/dags/nasa_dag.py", line 34, in load_data
    data = json.load(file)
           ^^^^^^^^^^^^^^^
  File "/usr/local/lib/python3.12/json/__init__.py", line 293, in load
    return loads(fp.read(),
           ^^^^^^^^^^^^^^^^
  File "/usr/local/lib/python3.12/json/__init__.py", line 346, in loads
    return _default_decoder.decode(s)
           ^^^^^^^^^^^^^^^^^^^^^^^^^^
  File "/usr/local/lib/python3.12/json/decoder.py", line 337, in decode
    obj, end = self.raw_decode(s, idx=_w(s, 0).end())
               ^^^^^^^^^^^^^^^^^^^^^^^^^^^^^^^^^^^^^^
  File "/usr/local/lib/python3.12/json/decoder.py", line 355, in raw_decode
    raise JSONDecodeError("Expecting value", s, err.value) from None
json.decoder.JSONDecodeError: Expecting value: line 1 column 1 (char 0)
[2025-01-22T03:22:24.775+0000] {processor.py:927} WARNING - No viable dags retrieved from /opt/airflow/dags/nasa_dag.py
[2025-01-22T03:22:24.790+0000] {processor.py:208} INFO - Processing /opt/airflow/dags/nasa_dag.py took 0.087 seconds
[2025-01-22T03:22:55.077+0000] {processor.py:186} INFO - Started process (PID=57) to work on /opt/airflow/dags/nasa_dag.py
[2025-01-22T03:22:55.077+0000] {processor.py:914} INFO - Processing file /opt/airflow/dags/nasa_dag.py for tasks to queue
[2025-01-22T03:22:55.080+0000] {logging_mixin.py:190} INFO - [2025-01-22T03:22:55.080+0000] {dagbag.py:588} INFO - Filling up the DagBag from /opt/airflow/dags/nasa_dag.py
[2025-01-22T03:22:55.106+0000] {logging_mixin.py:190} INFO - [2025-01-22T03:22:55.104+0000] {dagbag.py:387} ERROR - Failed to import: /opt/airflow/dags/nasa_dag.py
Traceback (most recent call last):
  File "/home/airflow/.local/lib/python3.12/site-packages/airflow/models/dagbag.py", line 383, in parse
    loader.exec_module(new_module)
  File "<frozen importlib._bootstrap_external>", line 995, in exec_module
  File "<frozen importlib._bootstrap>", line 488, in _call_with_frames_removed
  File "/opt/airflow/dags/nasa_dag.py", line 83, in <module>
    data=load_data(),
         ^^^^^^^^^^^
  File "/opt/airflow/dags/nasa_dag.py", line 34, in load_data
    data = json.load(file)
           ^^^^^^^^^^^^^^^
  File "/usr/local/lib/python3.12/json/__init__.py", line 293, in load
    return loads(fp.read(),
           ^^^^^^^^^^^^^^^^
  File "/usr/local/lib/python3.12/json/__init__.py", line 346, in loads
    return _default_decoder.decode(s)
           ^^^^^^^^^^^^^^^^^^^^^^^^^^
  File "/usr/local/lib/python3.12/json/decoder.py", line 337, in decode
    obj, end = self.raw_decode(s, idx=_w(s, 0).end())
               ^^^^^^^^^^^^^^^^^^^^^^^^^^^^^^^^^^^^^^
  File "/usr/local/lib/python3.12/json/decoder.py", line 355, in raw_decode
    raise JSONDecodeError("Expecting value", s, err.value) from None
json.decoder.JSONDecodeError: Expecting value: line 1 column 1 (char 0)
[2025-01-22T03:22:55.107+0000] {processor.py:927} WARNING - No viable dags retrieved from /opt/airflow/dags/nasa_dag.py
[2025-01-22T03:22:55.120+0000] {processor.py:208} INFO - Processing /opt/airflow/dags/nasa_dag.py took 0.049 seconds
[2025-01-22T03:23:25.462+0000] {processor.py:186} INFO - Started process (PID=64) to work on /opt/airflow/dags/nasa_dag.py
[2025-01-22T03:23:25.463+0000] {processor.py:914} INFO - Processing file /opt/airflow/dags/nasa_dag.py for tasks to queue
[2025-01-22T03:23:25.464+0000] {logging_mixin.py:190} INFO - [2025-01-22T03:23:25.464+0000] {dagbag.py:588} INFO - Filling up the DagBag from /opt/airflow/dags/nasa_dag.py
[2025-01-22T03:23:25.496+0000] {logging_mixin.py:190} INFO - [2025-01-22T03:23:25.492+0000] {dagbag.py:387} ERROR - Failed to import: /opt/airflow/dags/nasa_dag.py
Traceback (most recent call last):
  File "/home/airflow/.local/lib/python3.12/site-packages/airflow/models/dagbag.py", line 383, in parse
    loader.exec_module(new_module)
  File "<frozen importlib._bootstrap_external>", line 995, in exec_module
  File "<frozen importlib._bootstrap>", line 488, in _call_with_frames_removed
  File "/opt/airflow/dags/nasa_dag.py", line 83, in <module>
    data=load_data(),
         ^^^^^^^^^^^
  File "/opt/airflow/dags/nasa_dag.py", line 34, in load_data
    data = json.load(file)
           ^^^^^^^^^^^^^^^
  File "/usr/local/lib/python3.12/json/__init__.py", line 293, in load
    return loads(fp.read(),
           ^^^^^^^^^^^^^^^^
  File "/usr/local/lib/python3.12/json/__init__.py", line 346, in loads
    return _default_decoder.decode(s)
           ^^^^^^^^^^^^^^^^^^^^^^^^^^
  File "/usr/local/lib/python3.12/json/decoder.py", line 337, in decode
    obj, end = self.raw_decode(s, idx=_w(s, 0).end())
               ^^^^^^^^^^^^^^^^^^^^^^^^^^^^^^^^^^^^^^
  File "/usr/local/lib/python3.12/json/decoder.py", line 355, in raw_decode
    raise JSONDecodeError("Expecting value", s, err.value) from None
json.decoder.JSONDecodeError: Expecting value: line 1 column 1 (char 0)
[2025-01-22T03:23:25.496+0000] {processor.py:927} WARNING - No viable dags retrieved from /opt/airflow/dags/nasa_dag.py
[2025-01-22T03:23:25.510+0000] {processor.py:208} INFO - Processing /opt/airflow/dags/nasa_dag.py took 0.053 seconds
[2025-01-22T03:23:55.816+0000] {processor.py:186} INFO - Started process (PID=71) to work on /opt/airflow/dags/nasa_dag.py
[2025-01-22T03:23:55.817+0000] {processor.py:914} INFO - Processing file /opt/airflow/dags/nasa_dag.py for tasks to queue
[2025-01-22T03:23:55.818+0000] {logging_mixin.py:190} INFO - [2025-01-22T03:23:55.817+0000] {dagbag.py:588} INFO - Filling up the DagBag from /opt/airflow/dags/nasa_dag.py
[2025-01-22T03:23:55.839+0000] {logging_mixin.py:190} INFO - [2025-01-22T03:23:55.836+0000] {dagbag.py:387} ERROR - Failed to import: /opt/airflow/dags/nasa_dag.py
Traceback (most recent call last):
  File "/home/airflow/.local/lib/python3.12/site-packages/airflow/models/dagbag.py", line 383, in parse
    loader.exec_module(new_module)
  File "<frozen importlib._bootstrap_external>", line 995, in exec_module
  File "<frozen importlib._bootstrap>", line 488, in _call_with_frames_removed
  File "/opt/airflow/dags/nasa_dag.py", line 83, in <module>
    data=load_data(),
         ^^^^^^^^^^^
  File "/opt/airflow/dags/nasa_dag.py", line 34, in load_data
    data = json.load(file)
           ^^^^^^^^^^^^^^^
  File "/usr/local/lib/python3.12/json/__init__.py", line 293, in load
    return loads(fp.read(),
           ^^^^^^^^^^^^^^^^
  File "/usr/local/lib/python3.12/json/__init__.py", line 346, in loads
    return _default_decoder.decode(s)
           ^^^^^^^^^^^^^^^^^^^^^^^^^^
  File "/usr/local/lib/python3.12/json/decoder.py", line 337, in decode
    obj, end = self.raw_decode(s, idx=_w(s, 0).end())
               ^^^^^^^^^^^^^^^^^^^^^^^^^^^^^^^^^^^^^^
  File "/usr/local/lib/python3.12/json/decoder.py", line 355, in raw_decode
    raise JSONDecodeError("Expecting value", s, err.value) from None
json.decoder.JSONDecodeError: Expecting value: line 1 column 1 (char 0)
[2025-01-22T03:23:55.839+0000] {processor.py:927} WARNING - No viable dags retrieved from /opt/airflow/dags/nasa_dag.py
[2025-01-22T03:23:55.851+0000] {processor.py:208} INFO - Processing /opt/airflow/dags/nasa_dag.py took 0.038 seconds
[2025-01-22T03:24:26.145+0000] {processor.py:186} INFO - Started process (PID=84) to work on /opt/airflow/dags/nasa_dag.py
[2025-01-22T03:24:26.146+0000] {processor.py:914} INFO - Processing file /opt/airflow/dags/nasa_dag.py for tasks to queue
[2025-01-22T03:24:26.147+0000] {logging_mixin.py:190} INFO - [2025-01-22T03:24:26.147+0000] {dagbag.py:588} INFO - Filling up the DagBag from /opt/airflow/dags/nasa_dag.py
[2025-01-22T03:24:26.179+0000] {logging_mixin.py:190} INFO - [2025-01-22T03:24:26.174+0000] {dagbag.py:387} ERROR - Failed to import: /opt/airflow/dags/nasa_dag.py
Traceback (most recent call last):
  File "/home/airflow/.local/lib/python3.12/site-packages/airflow/models/dagbag.py", line 383, in parse
    loader.exec_module(new_module)
  File "<frozen importlib._bootstrap_external>", line 995, in exec_module
  File "<frozen importlib._bootstrap>", line 488, in _call_with_frames_removed
  File "/opt/airflow/dags/nasa_dag.py", line 83, in <module>
    data=load_data(),
         ^^^^^^^^^^^
  File "/opt/airflow/dags/nasa_dag.py", line 34, in load_data
    data = json.load(file)
           ^^^^^^^^^^^^^^^
  File "/usr/local/lib/python3.12/json/__init__.py", line 293, in load
    return loads(fp.read(),
           ^^^^^^^^^^^^^^^^
  File "/usr/local/lib/python3.12/json/__init__.py", line 346, in loads
    return _default_decoder.decode(s)
           ^^^^^^^^^^^^^^^^^^^^^^^^^^
  File "/usr/local/lib/python3.12/json/decoder.py", line 337, in decode
    obj, end = self.raw_decode(s, idx=_w(s, 0).end())
               ^^^^^^^^^^^^^^^^^^^^^^^^^^^^^^^^^^^^^^
  File "/usr/local/lib/python3.12/json/decoder.py", line 355, in raw_decode
    raise JSONDecodeError("Expecting value", s, err.value) from None
json.decoder.JSONDecodeError: Expecting value: line 1 column 1 (char 0)
[2025-01-22T03:24:26.180+0000] {processor.py:927} WARNING - No viable dags retrieved from /opt/airflow/dags/nasa_dag.py
[2025-01-22T03:24:26.196+0000] {processor.py:208} INFO - Processing /opt/airflow/dags/nasa_dag.py took 0.056 seconds
[2025-01-22T03:24:34.264+0000] {processor.py:186} INFO - Started process (PID=85) to work on /opt/airflow/dags/nasa_dag.py
[2025-01-22T03:24:34.265+0000] {processor.py:914} INFO - Processing file /opt/airflow/dags/nasa_dag.py for tasks to queue
[2025-01-22T03:24:34.266+0000] {logging_mixin.py:190} INFO - [2025-01-22T03:24:34.266+0000] {dagbag.py:588} INFO - Filling up the DagBag from /opt/airflow/dags/nasa_dag.py
[2025-01-22T03:24:34.305+0000] {processor.py:925} INFO - DAG(s) 'nasa_dag' retrieved from /opt/airflow/dags/nasa_dag.py
[2025-01-22T03:24:34.406+0000] {logging_mixin.py:190} INFO - [2025-01-22T03:24:34.406+0000] {dag.py:3239} INFO - Sync 1 DAGs
[2025-01-22T03:24:34.438+0000] {processor.py:208} INFO - Processing /opt/airflow/dags/nasa_dag.py took 0.179 seconds
[2025-01-22T03:25:29.765+0000] {processor.py:186} INFO - Started process (PID=57) to work on /opt/airflow/dags/nasa_dag.py
[2025-01-22T03:25:29.766+0000] {processor.py:914} INFO - Processing file /opt/airflow/dags/nasa_dag.py for tasks to queue
[2025-01-22T03:25:29.769+0000] {logging_mixin.py:190} INFO - [2025-01-22T03:25:29.768+0000] {dagbag.py:588} INFO - Filling up the DagBag from /opt/airflow/dags/nasa_dag.py
[2025-01-22T03:25:29.815+0000] {processor.py:925} INFO - DAG(s) 'nasa_dag' retrieved from /opt/airflow/dags/nasa_dag.py
[2025-01-22T03:25:29.854+0000] {logging_mixin.py:190} INFO - [2025-01-22T03:25:29.853+0000] {dag.py:3239} INFO - Sync 1 DAGs
[2025-01-22T03:25:29.897+0000] {processor.py:208} INFO - Processing /opt/airflow/dags/nasa_dag.py took 0.138 seconds
[2025-01-22T03:26:00.079+0000] {processor.py:186} INFO - Started process (PID=64) to work on /opt/airflow/dags/nasa_dag.py
[2025-01-22T03:26:00.080+0000] {processor.py:914} INFO - Processing file /opt/airflow/dags/nasa_dag.py for tasks to queue
[2025-01-22T03:26:00.083+0000] {logging_mixin.py:190} INFO - [2025-01-22T03:26:00.082+0000] {dagbag.py:588} INFO - Filling up the DagBag from /opt/airflow/dags/nasa_dag.py
[2025-01-22T03:26:00.113+0000] {processor.py:925} INFO - DAG(s) 'nasa_dag' retrieved from /opt/airflow/dags/nasa_dag.py
[2025-01-22T03:26:00.134+0000] {logging_mixin.py:190} INFO - [2025-01-22T03:26:00.133+0000] {dag.py:3239} INFO - Sync 1 DAGs
[2025-01-22T03:26:00.279+0000] {processor.py:208} INFO - Processing /opt/airflow/dags/nasa_dag.py took 0.204 seconds
[2025-01-22T03:26:30.595+0000] {processor.py:186} INFO - Started process (PID=71) to work on /opt/airflow/dags/nasa_dag.py
[2025-01-22T03:26:30.595+0000] {processor.py:914} INFO - Processing file /opt/airflow/dags/nasa_dag.py for tasks to queue
[2025-01-22T03:26:30.597+0000] {logging_mixin.py:190} INFO - [2025-01-22T03:26:30.597+0000] {dagbag.py:588} INFO - Filling up the DagBag from /opt/airflow/dags/nasa_dag.py
[2025-01-22T03:26:30.625+0000] {processor.py:925} INFO - DAG(s) 'nasa_dag' retrieved from /opt/airflow/dags/nasa_dag.py
[2025-01-22T03:26:30.645+0000] {logging_mixin.py:190} INFO - [2025-01-22T03:26:30.645+0000] {dag.py:3239} INFO - Sync 1 DAGs
[2025-01-22T03:26:30.780+0000] {processor.py:208} INFO - Processing /opt/airflow/dags/nasa_dag.py took 0.189 seconds
[2025-01-22T03:27:01.074+0000] {processor.py:186} INFO - Started process (PID=78) to work on /opt/airflow/dags/nasa_dag.py
[2025-01-22T03:27:01.075+0000] {processor.py:914} INFO - Processing file /opt/airflow/dags/nasa_dag.py for tasks to queue
[2025-01-22T03:27:01.078+0000] {logging_mixin.py:190} INFO - [2025-01-22T03:27:01.077+0000] {dagbag.py:588} INFO - Filling up the DagBag from /opt/airflow/dags/nasa_dag.py
[2025-01-22T03:27:01.106+0000] {processor.py:925} INFO - DAG(s) 'nasa_dag' retrieved from /opt/airflow/dags/nasa_dag.py
[2025-01-22T03:27:01.226+0000] {logging_mixin.py:190} INFO - [2025-01-22T03:27:01.226+0000] {dag.py:3239} INFO - Sync 1 DAGs
[2025-01-22T03:27:01.253+0000] {processor.py:208} INFO - Processing /opt/airflow/dags/nasa_dag.py took 0.185 seconds
[2025-01-22T03:27:31.498+0000] {processor.py:186} INFO - Started process (PID=85) to work on /opt/airflow/dags/nasa_dag.py
[2025-01-22T03:27:31.499+0000] {processor.py:914} INFO - Processing file /opt/airflow/dags/nasa_dag.py for tasks to queue
[2025-01-22T03:27:31.501+0000] {logging_mixin.py:190} INFO - [2025-01-22T03:27:31.501+0000] {dagbag.py:588} INFO - Filling up the DagBag from /opt/airflow/dags/nasa_dag.py
[2025-01-22T03:27:31.641+0000] {processor.py:925} INFO - DAG(s) 'nasa_dag' retrieved from /opt/airflow/dags/nasa_dag.py
[2025-01-22T03:27:31.661+0000] {logging_mixin.py:190} INFO - [2025-01-22T03:27:31.661+0000] {dag.py:3239} INFO - Sync 1 DAGs
[2025-01-22T03:27:31.692+0000] {processor.py:208} INFO - Processing /opt/airflow/dags/nasa_dag.py took 0.199 seconds
[2025-01-22T03:28:02.024+0000] {processor.py:186} INFO - Started process (PID=92) to work on /opt/airflow/dags/nasa_dag.py
[2025-01-22T03:28:02.025+0000] {processor.py:914} INFO - Processing file /opt/airflow/dags/nasa_dag.py for tasks to queue
[2025-01-22T03:28:02.027+0000] {logging_mixin.py:190} INFO - [2025-01-22T03:28:02.027+0000] {dagbag.py:588} INFO - Filling up the DagBag from /opt/airflow/dags/nasa_dag.py
[2025-01-22T03:28:02.051+0000] {processor.py:925} INFO - DAG(s) 'nasa_dag' retrieved from /opt/airflow/dags/nasa_dag.py
[2025-01-22T03:28:02.070+0000] {logging_mixin.py:190} INFO - [2025-01-22T03:28:02.070+0000] {dag.py:3239} INFO - Sync 1 DAGs
[2025-01-22T03:28:02.104+0000] {processor.py:208} INFO - Processing /opt/airflow/dags/nasa_dag.py took 0.084 seconds
[2025-01-22T03:28:32.397+0000] {processor.py:186} INFO - Started process (PID=99) to work on /opt/airflow/dags/nasa_dag.py
[2025-01-22T03:28:32.397+0000] {processor.py:914} INFO - Processing file /opt/airflow/dags/nasa_dag.py for tasks to queue
[2025-01-22T03:28:32.399+0000] {logging_mixin.py:190} INFO - [2025-01-22T03:28:32.399+0000] {dagbag.py:588} INFO - Filling up the DagBag from /opt/airflow/dags/nasa_dag.py
[2025-01-22T03:28:32.428+0000] {processor.py:925} INFO - DAG(s) 'nasa_dag' retrieved from /opt/airflow/dags/nasa_dag.py
[2025-01-22T03:28:32.447+0000] {logging_mixin.py:190} INFO - [2025-01-22T03:28:32.447+0000] {dag.py:3239} INFO - Sync 1 DAGs
[2025-01-22T03:28:32.483+0000] {processor.py:208} INFO - Processing /opt/airflow/dags/nasa_dag.py took 0.090 seconds
[2025-01-22T03:29:02.792+0000] {processor.py:186} INFO - Started process (PID=105) to work on /opt/airflow/dags/nasa_dag.py
[2025-01-22T03:29:02.793+0000] {processor.py:914} INFO - Processing file /opt/airflow/dags/nasa_dag.py for tasks to queue
[2025-01-22T03:29:02.795+0000] {logging_mixin.py:190} INFO - [2025-01-22T03:29:02.795+0000] {dagbag.py:588} INFO - Filling up the DagBag from /opt/airflow/dags/nasa_dag.py
[2025-01-22T03:29:02.825+0000] {processor.py:925} INFO - DAG(s) 'nasa_dag' retrieved from /opt/airflow/dags/nasa_dag.py
[2025-01-22T03:29:02.842+0000] {logging_mixin.py:190} INFO - [2025-01-22T03:29:02.842+0000] {dag.py:3239} INFO - Sync 1 DAGs
[2025-01-22T03:29:02.871+0000] {processor.py:208} INFO - Processing /opt/airflow/dags/nasa_dag.py took 0.083 seconds
[2025-01-22T03:29:33.148+0000] {processor.py:186} INFO - Started process (PID=113) to work on /opt/airflow/dags/nasa_dag.py
[2025-01-22T03:29:33.149+0000] {processor.py:914} INFO - Processing file /opt/airflow/dags/nasa_dag.py for tasks to queue
[2025-01-22T03:29:33.151+0000] {logging_mixin.py:190} INFO - [2025-01-22T03:29:33.151+0000] {dagbag.py:588} INFO - Filling up the DagBag from /opt/airflow/dags/nasa_dag.py
[2025-01-22T03:29:33.171+0000] {processor.py:925} INFO - DAG(s) 'nasa_dag' retrieved from /opt/airflow/dags/nasa_dag.py
[2025-01-22T03:29:33.188+0000] {logging_mixin.py:190} INFO - [2025-01-22T03:29:33.188+0000] {dag.py:3239} INFO - Sync 1 DAGs
[2025-01-22T03:29:33.216+0000] {processor.py:208} INFO - Processing /opt/airflow/dags/nasa_dag.py took 0.072 seconds
