[2025-02-04T00:08:37.697+0000] {local_task_job_runner.py:123} INFO - ::group::Pre task execution logs
[2025-02-04T00:08:37.712+0000] {taskinstance.py:2612} INFO - Dependencies all met for dep_context=non-requeueable deps ti=<TaskInstance: nasa_dag.insert_data manual__2025-02-04T00:08:29.109031+00:00 [queued]>
[2025-02-04T00:08:37.721+0000] {taskinstance.py:2612} INFO - Dependencies all met for dep_context=requeueable deps ti=<TaskInstance: nasa_dag.insert_data manual__2025-02-04T00:08:29.109031+00:00 [queued]>
[2025-02-04T00:08:37.722+0000] {taskinstance.py:2865} INFO - Starting attempt 1 of 1
[2025-02-04T00:08:37.735+0000] {taskinstance.py:2888} INFO - Executing <Task(MongoDBOperator): insert_data> on 2025-02-04 00:08:29.109031+00:00
[2025-02-04T00:08:37.739+0000] {warnings.py:112} WARNING - /home/***/.local/lib/python3.12/site-packages/***/task/task_runner/standard_task_runner.py:70: DeprecationWarning: This process (pid=88) is multi-threaded, use of fork() may lead to deadlocks in the child.
  pid = os.fork()

[2025-02-04T00:08:37.741+0000] {standard_task_runner.py:72} INFO - Started process 89 to run task
[2025-02-04T00:08:37.741+0000] {standard_task_runner.py:104} INFO - Running: ['***', 'tasks', 'run', 'nasa_dag', 'insert_data', 'manual__2025-02-04T00:08:29.109031+00:00', '--job-id', '241', '--raw', '--subdir', 'DAGS_FOLDER/nasa_dag.py', '--cfg-path', '/tmp/tmp2v7umi1d']
[2025-02-04T00:08:37.742+0000] {standard_task_runner.py:105} INFO - Job 241: Subtask insert_data
[2025-02-04T00:08:37.808+0000] {task_command.py:467} INFO - Running <TaskInstance: nasa_dag.insert_data manual__2025-02-04T00:08:29.109031+00:00 [running]> on host fbf16bed15ba
[2025-02-04T00:08:37.897+0000] {taskinstance.py:3131} INFO - Exporting env vars: AIRFLOW_CTX_DAG_OWNER='***' AIRFLOW_CTX_DAG_ID='nasa_dag' AIRFLOW_CTX_TASK_ID='insert_data' AIRFLOW_CTX_EXECUTION_DATE='2025-02-04T00:08:29.109031+00:00' AIRFLOW_CTX_TRY_NUMBER='1' AIRFLOW_CTX_DAG_RUN_ID='manual__2025-02-04T00:08:29.109031+00:00'
[2025-02-04T00:08:37.898+0000] {taskinstance.py:731} INFO - ::endgroup::
[2025-02-04T00:08:37.920+0000] {base.py:84} INFO - Retrieving connection 'mongo_default'
[2025-02-04T00:08:37.968+0000] {mongodb_file_operator.py:63} INFO - Inserted document ID: 67a15a85f3fba9bb40c7506b
[2025-02-04T00:08:37.978+0000] {taskinstance.py:340} INFO - ::group::Post task execution logs
[2025-02-04T00:08:37.979+0000] {taskinstance.py:352} INFO - Marking task as SUCCESS. dag_id=nasa_dag, task_id=insert_data, run_id=manual__2025-02-04T00:08:29.109031+00:00, execution_date=20250204T000829, start_date=20250204T000837, end_date=20250204T000837
[2025-02-04T00:08:37.997+0000] {local_task_job_runner.py:266} INFO - Task exited with return code 0
[2025-02-04T00:08:38.013+0000] {taskinstance.py:3900} INFO - 0 downstream tasks scheduled from follow-on schedule check
[2025-02-04T00:08:38.015+0000] {local_task_job_runner.py:245} INFO - ::endgroup::
