[2025-01-24T02:05:22.325+0000] {local_task_job_runner.py:123} INFO - ::group::Pre task execution logs
[2025-01-24T02:05:22.336+0000] {taskinstance.py:2612} INFO - Dependencies all met for dep_context=non-requeueable deps ti=<TaskInstance: nasa_dag.extract_data manual__2025-01-24T02:05:21.302135+00:00 [queued]>
[2025-01-24T02:05:22.341+0000] {taskinstance.py:2612} INFO - Dependencies all met for dep_context=requeueable deps ti=<TaskInstance: nasa_dag.extract_data manual__2025-01-24T02:05:21.302135+00:00 [queued]>
[2025-01-24T02:05:22.342+0000] {taskinstance.py:2865} INFO - Starting attempt 1 of 2
[2025-01-24T02:05:22.352+0000] {taskinstance.py:2888} INFO - Executing <Task(BashOperator): extract_data> on 2025-01-24 02:05:21.302135+00:00
[2025-01-24T02:05:22.356+0000] {warnings.py:112} WARNING - /home/***/.local/lib/python3.12/site-packages/***/task/task_runner/standard_task_runner.py:70: DeprecationWarning: This process (pid=88) is multi-threaded, use of fork() may lead to deadlocks in the child.
  pid = os.fork()

[2025-01-24T02:05:22.358+0000] {standard_task_runner.py:72} INFO - Started process 89 to run task
[2025-01-24T02:05:22.358+0000] {standard_task_runner.py:104} INFO - Running: ['***', 'tasks', 'run', 'nasa_dag', 'extract_data', 'manual__2025-01-24T02:05:21.302135+00:00', '--job-id', '89', '--raw', '--subdir', 'DAGS_FOLDER/nasa_dag.py', '--cfg-path', '/tmp/tmpf9osdovt']
[2025-01-24T02:05:22.359+0000] {standard_task_runner.py:105} INFO - Job 89: Subtask extract_data
[2025-01-24T02:05:22.392+0000] {task_command.py:467} INFO - Running <TaskInstance: nasa_dag.extract_data manual__2025-01-24T02:05:21.302135+00:00 [running]> on host 530245d0e6c7
[2025-01-24T02:05:22.454+0000] {taskinstance.py:3131} INFO - Exporting env vars: AIRFLOW_CTX_DAG_EMAIL='milo0@gmail.com' AIRFLOW_CTX_DAG_OWNER='camilo' AIRFLOW_CTX_DAG_ID='nasa_dag' AIRFLOW_CTX_TASK_ID='extract_data' AIRFLOW_CTX_EXECUTION_DATE='2025-01-24T02:05:21.302135+00:00' AIRFLOW_CTX_TRY_NUMBER='1' AIRFLOW_CTX_DAG_RUN_ID='manual__2025-01-24T02:05:21.302135+00:00'
[2025-01-24T02:05:22.455+0000] {taskinstance.py:731} INFO - ::endgroup::
[2025-01-24T02:05:22.466+0000] {subprocess.py:63} INFO - Tmp dir root location: /tmp
[2025-01-24T02:05:22.468+0000] {subprocess.py:75} INFO - Running command: ['/usr/bin/bash', '-c', 'python /opt/***/tmp/extract_api_nasa.py']
[2025-01-24T02:05:22.476+0000] {subprocess.py:86} INFO - Output:
[2025-01-24T02:05:25.144+0000] {subprocess.py:93} INFO - {'copyright': 'Mike Selby', 'date': '2025-01-23', 'explanation': 'Point your telescope toward the high flying constellation Pegasus and you can find this cosmic expanse of Milky Way stars and distant galaxies. NGC 7814 is centered in the sharp field of view that would almost be covered by a full moon. NGC 7814 is sometimes called the Little Sombrero for its resemblance to the brighter more famous M104, the Sombrero Galaxy. Both Sombrero and Little Sombrero are spiral galaxies seen edge-on, and both have extensive halos and central bulges cut by a thin disk with thinner dust lanes in silhouette. In fact, NGC 7814 is some 40 million light-years away and an estimated 60,000 light-years across. That actually makes the Little Sombrero about the same physical size as its better known namesake, appearing smaller and fainter only because it is farther away.', 'hdurl': 'https://apod.nasa.gov/apod/image/2501/NGC_7814_LRGB_crop-rev-1.jpg', 'media_type': 'image', 'service_version': 'v1', 'title': 'NGC 7814: Little Sombrero', 'url': 'https://apod.nasa.gov/apod/image/2501/NGC_7814_crop-rev-1_1024.jpg'}
[2025-01-24T02:05:25.145+0000] {subprocess.py:93} INFO - Nuevo objeto agregado al archivo /opt/***/tmp/data.json
[2025-01-24T02:05:25.174+0000] {subprocess.py:97} INFO - Command exited with return code 0
[2025-01-24T02:05:25.195+0000] {taskinstance.py:340} INFO - ::group::Post task execution logs
[2025-01-24T02:05:25.195+0000] {taskinstance.py:352} INFO - Marking task as SUCCESS. dag_id=nasa_dag, task_id=extract_data, run_id=manual__2025-01-24T02:05:21.302135+00:00, execution_date=20250124T020521, start_date=20250124T020522, end_date=20250124T020525
[2025-01-24T02:05:25.232+0000] {local_task_job_runner.py:266} INFO - Task exited with return code 0
[2025-01-24T02:05:25.250+0000] {taskinstance.py:3900} INFO - 1 downstream tasks scheduled from follow-on schedule check
[2025-01-24T02:05:25.252+0000] {local_task_job_runner.py:245} INFO - ::endgroup::
