[2025-02-05T02:30:18.794+0000] {local_task_job_runner.py:123} INFO - ::group::Pre task execution logs
[2025-02-05T02:30:18.810+0000] {taskinstance.py:2612} INFO - Dependencies all met for dep_context=non-requeueable deps ti=<TaskInstance: nasa_dag.insert_data manual__2025-02-05T02:29:30.208376+00:00 [queued]>
[2025-02-05T02:30:18.820+0000] {taskinstance.py:2612} INFO - Dependencies all met for dep_context=requeueable deps ti=<TaskInstance: nasa_dag.insert_data manual__2025-02-05T02:29:30.208376+00:00 [queued]>
[2025-02-05T02:30:18.821+0000] {taskinstance.py:2865} INFO - Starting attempt 1 of 1
[2025-02-05T02:30:18.833+0000] {taskinstance.py:2888} INFO - Executing <Task(MongoDBOperator): insert_data> on 2025-02-05 02:29:30.208376+00:00
[2025-02-05T02:30:18.839+0000] {warnings.py:112} WARNING - /home/***/.local/lib/python3.12/site-packages/***/task/task_runner/standard_task_runner.py:70: DeprecationWarning: This process (pid=104) is multi-threaded, use of fork() may lead to deadlocks in the child.
  pid = os.fork()

[2025-02-05T02:30:18.841+0000] {standard_task_runner.py:72} INFO - Started process 105 to run task
[2025-02-05T02:30:18.840+0000] {standard_task_runner.py:104} INFO - Running: ['***', 'tasks', 'run', 'nasa_dag', 'insert_data', 'manual__2025-02-05T02:29:30.208376+00:00', '--job-id', '287', '--raw', '--subdir', 'DAGS_FOLDER/nasa_dag.py', '--cfg-path', '/tmp/tmpv4meqo1m']
[2025-02-05T02:30:18.842+0000] {standard_task_runner.py:105} INFO - Job 287: Subtask insert_data
[2025-02-05T02:30:18.879+0000] {task_command.py:467} INFO - Running <TaskInstance: nasa_dag.insert_data manual__2025-02-05T02:29:30.208376+00:00 [running]> on host fbf16bed15ba
[2025-02-05T02:30:18.942+0000] {taskinstance.py:3131} INFO - Exporting env vars: AIRFLOW_CTX_DAG_OWNER='***' AIRFLOW_CTX_DAG_ID='nasa_dag' AIRFLOW_CTX_TASK_ID='insert_data' AIRFLOW_CTX_EXECUTION_DATE='2025-02-05T02:29:30.208376+00:00' AIRFLOW_CTX_TRY_NUMBER='1' AIRFLOW_CTX_DAG_RUN_ID='manual__2025-02-05T02:29:30.208376+00:00'
[2025-02-05T02:30:18.943+0000] {taskinstance.py:731} INFO - ::endgroup::
[2025-02-05T02:30:18.959+0000] {base.py:84} INFO - Retrieving connection 'mongo_default'
[2025-02-05T02:30:19.018+0000] {mongodb_file_operator.py:63} INFO - Inserted document ID: 67a2cd3a55334e9634aeabef
[2025-02-05T02:30:19.029+0000] {taskinstance.py:340} INFO - ::group::Post task execution logs
[2025-02-05T02:30:19.030+0000] {taskinstance.py:352} INFO - Marking task as SUCCESS. dag_id=nasa_dag, task_id=insert_data, run_id=manual__2025-02-05T02:29:30.208376+00:00, execution_date=20250205T022930, start_date=20250205T023018, end_date=20250205T023019
[2025-02-05T02:30:19.057+0000] {local_task_job_runner.py:266} INFO - Task exited with return code 0
[2025-02-05T02:30:19.071+0000] {taskinstance.py:3900} INFO - 0 downstream tasks scheduled from follow-on schedule check
[2025-02-05T02:30:19.073+0000] {local_task_job_runner.py:245} INFO - ::endgroup::
