[2025-01-21T00:47:59.428+0000] {manager.py:483} INFO - Processing files using up to 2 processes at a time 
[2025-01-21T00:47:59.429+0000] {manager.py:484} INFO - Process each file at most once every 30 seconds
[2025-01-21T00:47:59.430+0000] {manager.py:485} INFO - Checking for new files in /opt/airflow/dags every 300 seconds
[2025-01-21T00:47:59.431+0000] {manager.py:821} INFO - Searching for files in /opt/airflow/dags
[2025-01-21T00:47:59.444+0000] {manager.py:824} INFO - There are 1 files in /opt/airflow/dags
[2025-01-21T00:47:59.524+0000] {manager.py:997} INFO - 
================================================================================
DAG File Processing Stats

File Path                        PID  Runtime      # DAGs    # Errors  Last Runtime    Last Run      Last # of DB Queries
-----------------------------  -----  ---------  --------  ----------  --------------  ----------  ----------------------
/opt/airflow/dags/nasa_dag.py     50  0.03s             0           0                                                   0
================================================================================
[2025-01-21T00:48:29.912+0000] {manager.py:997} INFO - 
================================================================================
DAG File Processing Stats

File Path                        PID  Runtime      # DAGs    # Errors  Last Runtime    Last Run               Last # of DB Queries
-----------------------------  -----  ---------  --------  ----------  --------------  -------------------  ----------------------
/opt/airflow/dags/nasa_dag.py     57  0.00s             0           1  0.09s           2025-01-21T00:47:59                       5
================================================================================
[2025-01-21T00:49:00.301+0000] {manager.py:997} INFO - 
================================================================================
DAG File Processing Stats

File Path                        PID  Runtime      # DAGs    # Errors  Last Runtime    Last Run               Last # of DB Queries
-----------------------------  -----  ---------  --------  ----------  --------------  -------------------  ----------------------
/opt/airflow/dags/nasa_dag.py     64  0.00s             0           1  0.05s           2025-01-21T00:48:29                       5
================================================================================
[2025-01-21T00:49:30.696+0000] {manager.py:997} INFO - 
================================================================================
DAG File Processing Stats

File Path                        PID  Runtime      # DAGs    # Errors  Last Runtime    Last Run               Last # of DB Queries
-----------------------------  -----  ---------  --------  ----------  --------------  -------------------  ----------------------
/opt/airflow/dags/nasa_dag.py     71  0.00s             0           1  0.06s           2025-01-21T00:49:00                       5
================================================================================
[2025-01-21T00:50:01.041+0000] {manager.py:997} INFO - 
================================================================================
DAG File Processing Stats

File Path                        PID  Runtime      # DAGs    # Errors  Last Runtime    Last Run               Last # of DB Queries
-----------------------------  -----  ---------  --------  ----------  --------------  -------------------  ----------------------
/opt/airflow/dags/nasa_dag.py     78  0.00s             0           1  0.07s           2025-01-21T00:49:30                       5
================================================================================
[2025-01-21T00:50:31.024+0000] {manager.py:465} INFO - Exiting gracefully upon receiving signal 15
[2025-01-21T00:59:21.364+0000] {manager.py:483} INFO - Processing files using up to 2 processes at a time 
[2025-01-21T00:59:21.365+0000] {manager.py:484} INFO - Process each file at most once every 30 seconds
[2025-01-21T00:59:21.365+0000] {manager.py:485} INFO - Checking for new files in /opt/airflow/dags every 300 seconds
[2025-01-21T00:59:21.366+0000] {manager.py:821} INFO - Searching for files in /opt/airflow/dags
[2025-01-21T00:59:21.381+0000] {manager.py:824} INFO - There are 1 files in /opt/airflow/dags
[2025-01-21T00:59:21.440+0000] {manager.py:997} INFO - 
================================================================================
DAG File Processing Stats

File Path                        PID  Runtime      # DAGs    # Errors  Last Runtime    Last Run      Last # of DB Queries
-----------------------------  -----  ---------  --------  ----------  --------------  ----------  ----------------------
/opt/airflow/dags/nasa_dag.py     50  0.02s             0           0                                                   0
================================================================================
[2025-01-21T00:59:51.816+0000] {manager.py:997} INFO - 
================================================================================
DAG File Processing Stats

File Path                        PID  Runtime      # DAGs    # Errors  Last Runtime    Last Run               Last # of DB Queries
-----------------------------  -----  ---------  --------  ----------  --------------  -------------------  ----------------------
/opt/airflow/dags/nasa_dag.py     57  0.00s             0           1  0.07s           2025-01-21T00:59:21                       5
================================================================================
[2025-01-21T01:00:22.182+0000] {manager.py:997} INFO - 
================================================================================
DAG File Processing Stats

File Path                        PID  Runtime      # DAGs    # Errors  Last Runtime    Last Run               Last # of DB Queries
-----------------------------  -----  ---------  --------  ----------  --------------  -------------------  ----------------------
/opt/airflow/dags/nasa_dag.py     64  0.00s             0           1  0.05s           2025-01-21T00:59:51                       5
================================================================================
[2025-01-21T01:00:52.458+0000] {manager.py:997} INFO - 
================================================================================
DAG File Processing Stats

File Path                        PID  Runtime      # DAGs    # Errors  Last Runtime    Last Run               Last # of DB Queries
-----------------------------  -----  ---------  --------  ----------  --------------  -------------------  ----------------------
/opt/airflow/dags/nasa_dag.py     77  0.00s             0           1  0.06s           2025-01-21T01:00:22                       5
================================================================================
[2025-01-21T01:01:22.831+0000] {manager.py:997} INFO - 
================================================================================
DAG File Processing Stats

File Path                        PID  Runtime      # DAGs    # Errors  Last Runtime    Last Run               Last # of DB Queries
-----------------------------  -----  ---------  --------  ----------  --------------  -------------------  ----------------------
/opt/airflow/dags/nasa_dag.py     84  0.00s             0           1  0.06s           2025-01-21T01:00:52                       5
================================================================================
[2025-01-21T01:01:48.232+0000] {manager.py:465} INFO - Exiting gracefully upon receiving signal 15
[2025-01-21T01:02:40.594+0000] {manager.py:483} INFO - Processing files using up to 2 processes at a time 
[2025-01-21T01:02:40.596+0000] {manager.py:484} INFO - Process each file at most once every 30 seconds
[2025-01-21T01:02:40.597+0000] {manager.py:485} INFO - Checking for new files in /opt/airflow/dags every 300 seconds
[2025-01-21T01:02:40.597+0000] {manager.py:821} INFO - Searching for files in /opt/airflow/dags
[2025-01-21T01:02:40.616+0000] {manager.py:824} INFO - There are 1 files in /opt/airflow/dags
[2025-01-21T01:02:40.677+0000] {manager.py:997} INFO - 
================================================================================
DAG File Processing Stats

File Path                        PID  Runtime      # DAGs    # Errors  Last Runtime    Last Run      Last # of DB Queries
-----------------------------  -----  ---------  --------  ----------  --------------  ----------  ----------------------
/opt/airflow/dags/nasa_dag.py     50  0.02s             0           0                                                   0
================================================================================
[2025-01-21T01:03:11.078+0000] {manager.py:997} INFO - 
================================================================================
DAG File Processing Stats

File Path                        PID  Runtime      # DAGs    # Errors  Last Runtime    Last Run               Last # of DB Queries
-----------------------------  -----  ---------  --------  ----------  --------------  -------------------  ----------------------
/opt/airflow/dags/nasa_dag.py     57  0.00s             0           1  0.07s           2025-01-21T01:02:40                       5
================================================================================
[2025-01-21T01:03:41.476+0000] {manager.py:997} INFO - 
================================================================================
DAG File Processing Stats

File Path                        PID  Runtime      # DAGs    # Errors  Last Runtime    Last Run               Last # of DB Queries
-----------------------------  -----  ---------  --------  ----------  --------------  -------------------  ----------------------
/opt/airflow/dags/nasa_dag.py     64  0.00s             0           1  0.05s           2025-01-21T01:03:11                       5
================================================================================
[2025-01-21T01:04:11.883+0000] {manager.py:997} INFO - 
================================================================================
DAG File Processing Stats

File Path                        PID  Runtime      # DAGs    # Errors  Last Runtime    Last Run               Last # of DB Queries
-----------------------------  -----  ---------  --------  ----------  --------------  -------------------  ----------------------
/opt/airflow/dags/nasa_dag.py     71  0.00s             0           1  0.06s           2025-01-21T01:03:41                       5
================================================================================
[2025-01-21T01:04:42.299+0000] {manager.py:997} INFO - 
================================================================================
DAG File Processing Stats

File Path                        PID  Runtime      # DAGs    # Errors  Last Runtime    Last Run               Last # of DB Queries
-----------------------------  -----  ---------  --------  ----------  --------------  -------------------  ----------------------
/opt/airflow/dags/nasa_dag.py     78  0.00s             0           1  0.06s           2025-01-21T01:04:11                       5
================================================================================
[2025-01-21T01:05:12.687+0000] {manager.py:997} INFO - 
================================================================================
DAG File Processing Stats

File Path                        PID  Runtime      # DAGs    # Errors  Last Runtime    Last Run               Last # of DB Queries
-----------------------------  -----  ---------  --------  ----------  --------------  -------------------  ----------------------
/opt/airflow/dags/nasa_dag.py     85  0.00s             0           1  0.06s           2025-01-21T01:04:42                       5
================================================================================
[2025-01-21T01:05:43.103+0000] {manager.py:997} INFO - 
================================================================================
DAG File Processing Stats

File Path                        PID  Runtime      # DAGs    # Errors  Last Runtime    Last Run               Last # of DB Queries
-----------------------------  -----  ---------  --------  ----------  --------------  -------------------  ----------------------
/opt/airflow/dags/nasa_dag.py     92  0.00s             0           1  0.06s           2025-01-21T01:05:12                       5
================================================================================
[2025-01-21T01:06:13.468+0000] {manager.py:997} INFO - 
================================================================================
DAG File Processing Stats

File Path                        PID  Runtime      # DAGs    # Errors  Last Runtime    Last Run               Last # of DB Queries
-----------------------------  -----  ---------  --------  ----------  --------------  -------------------  ----------------------
/opt/airflow/dags/nasa_dag.py     99  0.00s             0           1  0.05s           2025-01-21T01:05:43                       5
================================================================================
[2025-01-21T01:06:43.805+0000] {manager.py:997} INFO - 
================================================================================
DAG File Processing Stats

File Path                        PID  Runtime      # DAGs    # Errors  Last Runtime    Last Run               Last # of DB Queries
-----------------------------  -----  ---------  --------  ----------  --------------  -------------------  ----------------------
/opt/airflow/dags/nasa_dag.py    106  0.00s             0           1  0.05s           2025-01-21T01:06:13                       5
================================================================================
[2025-01-21T01:07:14.151+0000] {manager.py:997} INFO - 
================================================================================
DAG File Processing Stats

File Path                        PID  Runtime      # DAGs    # Errors  Last Runtime    Last Run               Last # of DB Queries
-----------------------------  -----  ---------  --------  ----------  --------------  -------------------  ----------------------
/opt/airflow/dags/nasa_dag.py    119  0.00s             0           1  0.06s           2025-01-21T01:06:43                       5
================================================================================
[2025-01-21T01:07:40.616+0000] {manager.py:821} INFO - Searching for files in /opt/airflow/dags
[2025-01-21T01:07:40.631+0000] {manager.py:824} INFO - There are 1 files in /opt/airflow/dags
[2025-01-21T01:07:44.590+0000] {manager.py:997} INFO - 
================================================================================
DAG File Processing Stats

File Path                        PID  Runtime      # DAGs    # Errors  Last Runtime    Last Run               Last # of DB Queries
-----------------------------  -----  ---------  --------  ----------  --------------  -------------------  ----------------------
/opt/airflow/dags/nasa_dag.py    126  0.00s             0           1  0.18s           2025-01-21T01:07:14                       5
================================================================================
[2025-01-21T01:08:14.966+0000] {manager.py:997} INFO - 
================================================================================
DAG File Processing Stats

File Path                        PID  Runtime      # DAGs    # Errors  Last Runtime    Last Run               Last # of DB Queries
-----------------------------  -----  ---------  --------  ----------  --------------  -------------------  ----------------------
/opt/airflow/dags/nasa_dag.py    133  0.00s             0           1  0.05s           2025-01-21T01:07:44                       5
================================================================================
[2025-01-21T01:08:45.394+0000] {manager.py:997} INFO - 
================================================================================
DAG File Processing Stats

File Path                        PID  Runtime      # DAGs    # Errors  Last Runtime    Last Run               Last # of DB Queries
-----------------------------  -----  ---------  --------  ----------  --------------  -------------------  ----------------------
/opt/airflow/dags/nasa_dag.py    140  0.00s             0           1  0.05s           2025-01-21T01:08:15                       5
================================================================================
[2025-01-21T01:09:15.810+0000] {manager.py:997} INFO - 
================================================================================
DAG File Processing Stats

File Path                        PID  Runtime      # DAGs    # Errors  Last Runtime    Last Run               Last # of DB Queries
-----------------------------  -----  ---------  --------  ----------  --------------  -------------------  ----------------------
/opt/airflow/dags/nasa_dag.py    147  0.00s             0           1  0.05s           2025-01-21T01:08:45                       5
================================================================================
[2025-01-21T01:09:46.210+0000] {manager.py:997} INFO - 
================================================================================
DAG File Processing Stats

File Path                        PID  Runtime      # DAGs    # Errors  Last Runtime    Last Run               Last # of DB Queries
-----------------------------  -----  ---------  --------  ----------  --------------  -------------------  ----------------------
/opt/airflow/dags/nasa_dag.py    154  0.00s             0           1  0.06s           2025-01-21T01:09:15                       5
================================================================================
[2025-01-21T01:10:16.615+0000] {manager.py:997} INFO - 
================================================================================
DAG File Processing Stats

File Path                        PID  Runtime      # DAGs    # Errors  Last Runtime    Last Run               Last # of DB Queries
-----------------------------  -----  ---------  --------  ----------  --------------  -------------------  ----------------------
/opt/airflow/dags/nasa_dag.py    161  0.00s             0           1  0.05s           2025-01-21T01:09:46                       5
================================================================================
[2025-01-21T01:10:46.938+0000] {manager.py:997} INFO - 
================================================================================
DAG File Processing Stats

File Path                        PID  Runtime      # DAGs    # Errors  Last Runtime    Last Run               Last # of DB Queries
-----------------------------  -----  ---------  --------  ----------  --------------  -------------------  ----------------------
/opt/airflow/dags/nasa_dag.py    168  0.00s             0           1  0.06s           2025-01-21T01:10:16                       5
================================================================================
[2025-01-21T01:11:17.305+0000] {manager.py:997} INFO - 
================================================================================
DAG File Processing Stats

File Path                        PID  Runtime      # DAGs    # Errors  Last Runtime    Last Run               Last # of DB Queries
-----------------------------  -----  ---------  --------  ----------  --------------  -------------------  ----------------------
/opt/airflow/dags/nasa_dag.py    175  0.00s             0           1  0.05s           2025-01-21T01:10:46                       5
================================================================================
[2025-01-21T01:11:47.662+0000] {manager.py:997} INFO - 
================================================================================
DAG File Processing Stats

File Path                        PID  Runtime      # DAGs    # Errors  Last Runtime    Last Run               Last # of DB Queries
-----------------------------  -----  ---------  --------  ----------  --------------  -------------------  ----------------------
/opt/airflow/dags/nasa_dag.py    182  0.00s             0           1  0.06s           2025-01-21T01:11:17                       5
================================================================================
[2025-01-21T01:12:18.030+0000] {manager.py:997} INFO - 
================================================================================
DAG File Processing Stats

File Path                        PID  Runtime      # DAGs    # Errors  Last Runtime    Last Run               Last # of DB Queries
-----------------------------  -----  ---------  --------  ----------  --------------  -------------------  ----------------------
/opt/airflow/dags/nasa_dag.py    189  0.00s             0           1  0.06s           2025-01-21T01:11:47                       5
================================================================================
[2025-01-21T01:21:41.805+0000] {manager.py:483} INFO - Processing files using up to 2 processes at a time 
[2025-01-21T01:21:41.806+0000] {manager.py:484} INFO - Process each file at most once every 30 seconds
[2025-01-21T01:21:41.807+0000] {manager.py:485} INFO - Checking for new files in /opt/airflow/dags every 300 seconds
[2025-01-21T01:21:41.807+0000] {manager.py:821} INFO - Searching for files in /opt/airflow/dags
[2025-01-21T01:21:41.827+0000] {manager.py:824} INFO - There are 1 files in /opt/airflow/dags
[2025-01-21T01:21:41.899+0000] {manager.py:997} INFO - 
================================================================================
DAG File Processing Stats

File Path                        PID  Runtime      # DAGs    # Errors  Last Runtime    Last Run      Last # of DB Queries
-----------------------------  -----  ---------  --------  ----------  --------------  ----------  ----------------------
/opt/airflow/dags/nasa_dag.py     56  0.02s             0           0                                                   0
================================================================================
[2025-01-21T01:22:12.185+0000] {manager.py:997} INFO - 
================================================================================
DAG File Processing Stats

File Path                        PID  Runtime      # DAGs    # Errors  Last Runtime    Last Run               Last # of DB Queries
-----------------------------  -----  ---------  --------  ----------  --------------  -------------------  ----------------------
/opt/airflow/dags/nasa_dag.py     63  0.00s             0           1  0.06s           2025-01-21T01:21:41                       5
================================================================================
[2025-01-21T01:22:42.546+0000] {manager.py:997} INFO - 
================================================================================
DAG File Processing Stats

File Path                        PID  Runtime      # DAGs    # Errors  Last Runtime    Last Run               Last # of DB Queries
-----------------------------  -----  ---------  --------  ----------  --------------  -------------------  ----------------------
/opt/airflow/dags/nasa_dag.py     70  0.00s             0           1  0.06s           2025-01-21T01:22:12                       5
================================================================================
[2025-01-21T01:22:54.399+0000] {manager.py:465} INFO - Exiting gracefully upon receiving signal 15
[2025-01-22T01:52:09.665+0000] {manager.py:483} INFO - Processing files using up to 2 processes at a time 
[2025-01-22T01:52:09.666+0000] {manager.py:484} INFO - Process each file at most once every 30 seconds
[2025-01-22T01:52:09.667+0000] {manager.py:485} INFO - Checking for new files in /opt/airflow/dags every 300 seconds
[2025-01-22T01:52:09.667+0000] {manager.py:821} INFO - Searching for files in /opt/airflow/dags
[2025-01-22T01:52:09.714+0000] {manager.py:824} INFO - There are 1 files in /opt/airflow/dags
[2025-01-22T01:52:11.813+0000] {manager.py:997} INFO - 
================================================================================
DAG File Processing Stats

File Path                      PID    Runtime      # DAGs    # Errors  Last Runtime    Last Run               Last # of DB Queries
-----------------------------  -----  ---------  --------  ----------  --------------  -------------------  ----------------------
/opt/airflow/dags/nasa_dag.py                           0           1  0.09s           2025-01-22T01:52:09                       5
================================================================================
[2025-01-22T01:52:42.075+0000] {manager.py:997} INFO - 
================================================================================
DAG File Processing Stats

File Path                      PID    Runtime      # DAGs    # Errors  Last Runtime    Last Run               Last # of DB Queries
-----------------------------  -----  ---------  --------  ----------  --------------  -------------------  ----------------------
/opt/airflow/dags/nasa_dag.py                           0           1  0.06s           2025-01-22T01:52:40                       5
================================================================================
[2025-01-22T01:52:42.126+0000] {manager.py:465} INFO - Exiting gracefully upon receiving signal 15
[2025-01-22T01:54:50.351+0000] {manager.py:483} INFO - Processing files using up to 2 processes at a time 
[2025-01-22T01:54:50.352+0000] {manager.py:484} INFO - Process each file at most once every 30 seconds
[2025-01-22T01:54:50.353+0000] {manager.py:485} INFO - Checking for new files in /opt/airflow/dags every 300 seconds
[2025-01-22T01:54:50.354+0000] {manager.py:821} INFO - Searching for files in /opt/airflow/dags
[2025-01-22T01:54:50.375+0000] {manager.py:824} INFO - There are 1 files in /opt/airflow/dags
[2025-01-22T01:54:50.453+0000] {manager.py:997} INFO - 
================================================================================
DAG File Processing Stats

File Path                        PID  Runtime      # DAGs    # Errors  Last Runtime    Last Run      Last # of DB Queries
-----------------------------  -----  ---------  --------  ----------  --------------  ----------  ----------------------
/opt/airflow/dags/nasa_dag.py     50  0.02s             0           0                                                   0
================================================================================
[2025-01-22T01:55:20.802+0000] {manager.py:997} INFO - 
================================================================================
DAG File Processing Stats

File Path                        PID  Runtime      # DAGs    # Errors  Last Runtime    Last Run               Last # of DB Queries
-----------------------------  -----  ---------  --------  ----------  --------------  -------------------  ----------------------
/opt/airflow/dags/nasa_dag.py     57  0.00s             0           1  0.08s           2025-01-22T01:54:50                       5
================================================================================
[2025-01-22T03:07:57.392+0000] {manager.py:483} INFO - Processing files using up to 2 processes at a time 
[2025-01-22T03:07:57.393+0000] {manager.py:484} INFO - Process each file at most once every 30 seconds
[2025-01-22T03:07:57.393+0000] {manager.py:485} INFO - Checking for new files in /opt/airflow/dags every 300 seconds
[2025-01-22T03:07:57.394+0000] {manager.py:821} INFO - Searching for files in /opt/airflow/dags
[2025-01-22T03:07:57.419+0000] {manager.py:824} INFO - There are 1 files in /opt/airflow/dags
[2025-01-22T03:07:57.506+0000] {manager.py:997} INFO - 
================================================================================
DAG File Processing Stats

File Path                        PID  Runtime      # DAGs    # Errors  Last Runtime    Last Run      Last # of DB Queries
-----------------------------  -----  ---------  --------  ----------  --------------  ----------  ----------------------
/opt/airflow/dags/nasa_dag.py     56  0.02s             0           0                                                   0
================================================================================
[2025-01-22T03:08:27.754+0000] {manager.py:997} INFO - 
================================================================================
DAG File Processing Stats

File Path                      PID    Runtime      # DAGs    # Errors  Last Runtime    Last Run               Last # of DB Queries
-----------------------------  -----  ---------  --------  ----------  --------------  -------------------  ----------------------
/opt/airflow/dags/nasa_dag.py                           1           0  0.59s           2025-01-22T03:07:58                      45
================================================================================
[2025-01-22T03:08:57.985+0000] {manager.py:997} INFO - 
================================================================================
DAG File Processing Stats

File Path                      PID    Runtime      # DAGs    # Errors  Last Runtime    Last Run               Last # of DB Queries
-----------------------------  -----  ---------  --------  ----------  --------------  -------------------  ----------------------
/opt/airflow/dags/nasa_dag.py                           1           0  0.36s           2025-01-22T03:08:28                      12
================================================================================
[2025-01-22T03:09:28.252+0000] {manager.py:997} INFO - 
================================================================================
DAG File Processing Stats

File Path                      PID    Runtime      # DAGs    # Errors  Last Runtime    Last Run               Last # of DB Queries
-----------------------------  -----  ---------  --------  ----------  --------------  -------------------  ----------------------
/opt/airflow/dags/nasa_dag.py                           1           0  0.29s           2025-01-22T03:08:59                      12
================================================================================
[2025-01-22T03:09:58.884+0000] {manager.py:997} INFO - 
================================================================================
DAG File Processing Stats

File Path                      PID    Runtime      # DAGs    # Errors  Last Runtime    Last Run               Last # of DB Queries
-----------------------------  -----  ---------  --------  ----------  --------------  -------------------  ----------------------
/opt/airflow/dags/nasa_dag.py                           1           0  0.21s           2025-01-22T03:09:29                      12
================================================================================
[2025-01-22T03:10:29.385+0000] {manager.py:997} INFO - 
================================================================================
DAG File Processing Stats

File Path                      PID    Runtime      # DAGs    # Errors  Last Runtime    Last Run               Last # of DB Queries
-----------------------------  -----  ---------  --------  ----------  --------------  -------------------  ----------------------
/opt/airflow/dags/nasa_dag.py                           1           0  0.22s           2025-01-22T03:10:00                      12
================================================================================
[2025-01-22T03:10:44.226+0000] {manager.py:465} INFO - Exiting gracefully upon receiving signal 15
[2025-01-22T03:22:24.590+0000] {manager.py:483} INFO - Processing files using up to 2 processes at a time 
[2025-01-22T03:22:24.591+0000] {manager.py:484} INFO - Process each file at most once every 30 seconds
[2025-01-22T03:22:24.591+0000] {manager.py:485} INFO - Checking for new files in /opt/airflow/dags every 300 seconds
[2025-01-22T03:22:24.592+0000] {manager.py:821} INFO - Searching for files in /opt/airflow/dags
[2025-01-22T03:22:24.628+0000] {manager.py:824} INFO - There are 1 files in /opt/airflow/dags
[2025-01-22T03:22:24.713+0000] {manager.py:997} INFO - 
================================================================================
DAG File Processing Stats

File Path                        PID  Runtime      # DAGs    # Errors  Last Runtime    Last Run      Last # of DB Queries
-----------------------------  -----  ---------  --------  ----------  --------------  ----------  ----------------------
/opt/airflow/dags/nasa_dag.py     50  0.03s             0           0                                                   0
================================================================================
[2025-01-22T03:22:55.059+0000] {manager.py:997} INFO - 
================================================================================
DAG File Processing Stats

File Path                        PID  Runtime      # DAGs    # Errors  Last Runtime    Last Run               Last # of DB Queries
-----------------------------  -----  ---------  --------  ----------  --------------  -------------------  ----------------------
/opt/airflow/dags/nasa_dag.py     57  0.00s             0           1  0.12s           2025-01-22T03:22:24                       3
================================================================================
[2025-01-22T03:23:25.444+0000] {manager.py:997} INFO - 
================================================================================
DAG File Processing Stats

File Path                        PID  Runtime      # DAGs    # Errors  Last Runtime    Last Run               Last # of DB Queries
-----------------------------  -----  ---------  --------  ----------  --------------  -------------------  ----------------------
/opt/airflow/dags/nasa_dag.py     64  0.00s             0           1  0.07s           2025-01-22T03:22:55                       5
================================================================================
[2025-01-22T03:23:55.804+0000] {manager.py:997} INFO - 
================================================================================
DAG File Processing Stats

File Path                        PID  Runtime      # DAGs    # Errors  Last Runtime    Last Run               Last # of DB Queries
-----------------------------  -----  ---------  --------  ----------  --------------  -------------------  ----------------------
/opt/airflow/dags/nasa_dag.py     71  0.00s             0           1  0.08s           2025-01-22T03:23:25                       5
================================================================================
[2025-01-22T03:24:26.128+0000] {manager.py:997} INFO - 
================================================================================
DAG File Processing Stats

File Path                        PID  Runtime      # DAGs    # Errors  Last Runtime    Last Run               Last # of DB Queries
-----------------------------  -----  ---------  --------  ----------  --------------  -------------------  ----------------------
/opt/airflow/dags/nasa_dag.py     84  0.00s             0           1  0.06s           2025-01-22T03:23:55                       5
================================================================================
[2025-01-22T03:24:43.192+0000] {manager.py:465} INFO - Exiting gracefully upon receiving signal 15
[2025-01-22T03:25:29.675+0000] {manager.py:483} INFO - Processing files using up to 2 processes at a time 
[2025-01-22T03:25:29.676+0000] {manager.py:484} INFO - Process each file at most once every 30 seconds
[2025-01-22T03:25:29.677+0000] {manager.py:485} INFO - Checking for new files in /opt/airflow/dags every 300 seconds
[2025-01-22T03:25:29.678+0000] {manager.py:821} INFO - Searching for files in /opt/airflow/dags
[2025-01-22T03:25:29.699+0000] {manager.py:824} INFO - There are 1 files in /opt/airflow/dags
[2025-01-22T03:25:29.766+0000] {manager.py:997} INFO - 
================================================================================
DAG File Processing Stats

File Path                        PID  Runtime      # DAGs    # Errors  Last Runtime    Last Run      Last # of DB Queries
-----------------------------  -----  ---------  --------  ----------  --------------  ----------  ----------------------
/opt/airflow/dags/nasa_dag.py     57  0.02s             0           0                                                   0
================================================================================
[2025-01-22T03:26:00.066+0000] {manager.py:997} INFO - 
================================================================================
DAG File Processing Stats

File Path                        PID  Runtime      # DAGs    # Errors  Last Runtime    Last Run               Last # of DB Queries
-----------------------------  -----  ---------  --------  ----------  --------------  -------------------  ----------------------
/opt/airflow/dags/nasa_dag.py     64  0.00s             1           0  0.16s           2025-01-22T03:25:29                      12
================================================================================
[2025-01-22T03:26:30.580+0000] {manager.py:997} INFO - 
================================================================================
DAG File Processing Stats

File Path                        PID  Runtime      # DAGs    # Errors  Last Runtime    Last Run               Last # of DB Queries
-----------------------------  -----  ---------  --------  ----------  --------------  -------------------  ----------------------
/opt/airflow/dags/nasa_dag.py     71  0.00s             1           0  0.22s           2025-01-22T03:26:00                      12
================================================================================
[2025-01-22T03:27:01.057+0000] {manager.py:997} INFO - 
================================================================================
DAG File Processing Stats

File Path                        PID  Runtime      # DAGs    # Errors  Last Runtime    Last Run               Last # of DB Queries
-----------------------------  -----  ---------  --------  ----------  --------------  -------------------  ----------------------
/opt/airflow/dags/nasa_dag.py     78  0.00s             1           0  0.21s           2025-01-22T03:26:30                      12
================================================================================
[2025-01-22T03:27:31.480+0000] {manager.py:997} INFO - 
================================================================================
DAG File Processing Stats

File Path                        PID  Runtime      # DAGs    # Errors  Last Runtime    Last Run               Last # of DB Queries
-----------------------------  -----  ---------  --------  ----------  --------------  -------------------  ----------------------
/opt/airflow/dags/nasa_dag.py     85  0.00s             1           0  0.21s           2025-01-22T03:27:01                      12
================================================================================
[2025-01-22T03:28:02.012+0000] {manager.py:997} INFO - 
================================================================================
DAG File Processing Stats

File Path                        PID  Runtime      # DAGs    # Errors  Last Runtime    Last Run               Last # of DB Queries
-----------------------------  -----  ---------  --------  ----------  --------------  -------------------  ----------------------
/opt/airflow/dags/nasa_dag.py     92  0.00s             1           0  0.22s           2025-01-22T03:27:31                      12
================================================================================
[2025-01-22T03:28:32.383+0000] {manager.py:997} INFO - 
================================================================================
DAG File Processing Stats

File Path                        PID  Runtime      # DAGs    # Errors  Last Runtime    Last Run               Last # of DB Queries
-----------------------------  -----  ---------  --------  ----------  --------------  -------------------  ----------------------
/opt/airflow/dags/nasa_dag.py     99  0.00s             1           0  0.10s           2025-01-22T03:28:02                      12
================================================================================
[2025-01-22T03:29:02.778+0000] {manager.py:997} INFO - 
================================================================================
DAG File Processing Stats

File Path                        PID  Runtime      # DAGs    # Errors  Last Runtime    Last Run               Last # of DB Queries
-----------------------------  -----  ---------  --------  ----------  --------------  -------------------  ----------------------
/opt/airflow/dags/nasa_dag.py    105  0.00s             1           0  0.11s           2025-01-22T03:28:32                      12
================================================================================
[2025-01-22T03:29:33.126+0000] {manager.py:997} INFO - 
================================================================================
DAG File Processing Stats

File Path                        PID  Runtime      # DAGs    # Errors  Last Runtime    Last Run               Last # of DB Queries
-----------------------------  -----  ---------  --------  ----------  --------------  -------------------  ----------------------
/opt/airflow/dags/nasa_dag.py    113  0.00s             1           0  0.10s           2025-01-22T03:29:02                      12
================================================================================
[2025-01-22T03:30:03.091+0000] {manager.py:465} INFO - Exiting gracefully upon receiving signal 15
[2025-01-24T00:22:14.760+0000] {manager.py:483} INFO - Processing files using up to 2 processes at a time 
[2025-01-24T00:22:14.762+0000] {manager.py:484} INFO - Process each file at most once every 30 seconds
[2025-01-24T00:22:14.763+0000] {manager.py:485} INFO - Checking for new files in /opt/airflow/dags every 300 seconds
[2025-01-24T00:22:14.763+0000] {manager.py:821} INFO - Searching for files in /opt/airflow/dags
[2025-01-24T00:22:14.828+0000] {manager.py:824} INFO - There are 1 files in /opt/airflow/dags
[2025-01-24T00:22:16.952+0000] {manager.py:997} INFO - 
================================================================================
DAG File Processing Stats

File Path                      PID    Runtime      # DAGs    # Errors  Last Runtime    Last Run               Last # of DB Queries
-----------------------------  -----  ---------  --------  ----------  --------------  -------------------  ----------------------
/opt/airflow/dags/nasa_dag.py                           0           1  0.19s           2025-01-24T00:22:15                       3
================================================================================
[2025-01-24T00:22:47.292+0000] {manager.py:997} INFO - 
================================================================================
DAG File Processing Stats

File Path                      PID    Runtime      # DAGs    # Errors  Last Runtime    Last Run               Last # of DB Queries
-----------------------------  -----  ---------  --------  ----------  --------------  -------------------  ----------------------
/opt/airflow/dags/nasa_dag.py                           0           1  0.09s           2025-01-24T00:22:45                       5
================================================================================
[2025-01-24T00:23:17.567+0000] {manager.py:997} INFO - 
================================================================================
DAG File Processing Stats

File Path                      PID    Runtime      # DAGs    # Errors  Last Runtime    Last Run               Last # of DB Queries
-----------------------------  -----  ---------  --------  ----------  --------------  -------------------  ----------------------
/opt/airflow/dags/nasa_dag.py                           0           1  0.10s           2025-01-24T00:23:15                       5
================================================================================
[2025-01-24T00:23:47.891+0000] {manager.py:997} INFO - 
================================================================================
DAG File Processing Stats

File Path                      PID    Runtime      # DAGs    # Errors  Last Runtime    Last Run               Last # of DB Queries
-----------------------------  -----  ---------  --------  ----------  --------------  -------------------  ----------------------
/opt/airflow/dags/nasa_dag.py                           0           1  0.08s           2025-01-24T00:23:45                       5
================================================================================
[2025-01-24T00:24:18.188+0000] {manager.py:997} INFO - 
================================================================================
DAG File Processing Stats

File Path                      PID    Runtime      # DAGs    # Errors  Last Runtime    Last Run               Last # of DB Queries
-----------------------------  -----  ---------  --------  ----------  --------------  -------------------  ----------------------
/opt/airflow/dags/nasa_dag.py                           0           1  0.07s           2025-01-24T00:24:16                       5
================================================================================
[2025-01-24T00:24:48.512+0000] {manager.py:997} INFO - 
================================================================================
DAG File Processing Stats

File Path                      PID    Runtime      # DAGs    # Errors  Last Runtime    Last Run               Last # of DB Queries
-----------------------------  -----  ---------  --------  ----------  --------------  -------------------  ----------------------
/opt/airflow/dags/nasa_dag.py                           0           1  0.08s           2025-01-24T00:24:46                       5
================================================================================
[2025-01-24T00:25:18.901+0000] {manager.py:997} INFO - 
================================================================================
DAG File Processing Stats

File Path                        PID  Runtime      # DAGs    # Errors  Last Runtime    Last Run               Last # of DB Queries
-----------------------------  -----  ---------  --------  ----------  --------------  -------------------  ----------------------
/opt/airflow/dags/nasa_dag.py    113  0.00s             0           1  0.05s           2025-01-24T00:25:16                       5
================================================================================
[2025-01-24T00:25:49.696+0000] {manager.py:997} INFO - 
================================================================================
DAG File Processing Stats

File Path                      PID    Runtime      # DAGs    # Errors  Last Runtime    Last Run               Last # of DB Queries
-----------------------------  -----  ---------  --------  ----------  --------------  -------------------  ----------------------
/opt/airflow/dags/nasa_dag.py                           1           0  0.10s           2025-01-24T00:25:47                      11
================================================================================
[2025-01-24T00:26:20.016+0000] {manager.py:997} INFO - 
================================================================================
DAG File Processing Stats

File Path                      PID    Runtime      # DAGs    # Errors  Last Runtime    Last Run               Last # of DB Queries
-----------------------------  -----  ---------  --------  ----------  --------------  -------------------  ----------------------
/opt/airflow/dags/nasa_dag.py                           1           0  0.20s           2025-01-24T00:26:18                      34
================================================================================
[2025-01-24T00:26:50.363+0000] {manager.py:997} INFO - 
================================================================================
DAG File Processing Stats

File Path                      PID    Runtime      # DAGs    # Errors  Last Runtime    Last Run               Last # of DB Queries
-----------------------------  -----  ---------  --------  ----------  --------------  -------------------  ----------------------
/opt/airflow/dags/nasa_dag.py                           1           0  0.11s           2025-01-24T00:26:48                      12
================================================================================
[2025-01-24T00:27:15.642+0000] {manager.py:821} INFO - Searching for files in /opt/airflow/dags
[2025-01-24T00:27:15.659+0000] {manager.py:824} INFO - There are 1 files in /opt/airflow/dags
[2025-01-24T00:27:20.721+0000] {manager.py:997} INFO - 
================================================================================
DAG File Processing Stats

File Path                      PID    Runtime      # DAGs    # Errors  Last Runtime    Last Run               Last # of DB Queries
-----------------------------  -----  ---------  --------  ----------  --------------  -------------------  ----------------------
/opt/airflow/dags/nasa_dag.py                           1           0  0.11s           2025-01-24T00:27:18                      12
================================================================================
[2025-01-24T00:27:51.059+0000] {manager.py:997} INFO - 
================================================================================
DAG File Processing Stats

File Path                      PID    Runtime      # DAGs    # Errors  Last Runtime    Last Run               Last # of DB Queries
-----------------------------  -----  ---------  --------  ----------  --------------  -------------------  ----------------------
/opt/airflow/dags/nasa_dag.py                           1           0  0.09s           2025-01-24T00:27:49                      12
================================================================================
[2025-01-24T00:28:21.379+0000] {manager.py:997} INFO - 
================================================================================
DAG File Processing Stats

File Path                      PID    Runtime      # DAGs    # Errors  Last Runtime    Last Run               Last # of DB Queries
-----------------------------  -----  ---------  --------  ----------  --------------  -------------------  ----------------------
/opt/airflow/dags/nasa_dag.py                           1           0  0.10s           2025-01-24T00:28:19                      12
================================================================================
[2025-01-24T00:28:51.661+0000] {manager.py:997} INFO - 
================================================================================
DAG File Processing Stats

File Path                      PID    Runtime      # DAGs    # Errors  Last Runtime    Last Run               Last # of DB Queries
-----------------------------  -----  ---------  --------  ----------  --------------  -------------------  ----------------------
/opt/airflow/dags/nasa_dag.py                           1           0  0.12s           2025-01-24T00:28:49                      12
================================================================================
[2025-01-24T00:29:21.964+0000] {manager.py:997} INFO - 
================================================================================
DAG File Processing Stats

File Path                      PID    Runtime      # DAGs    # Errors  Last Runtime    Last Run               Last # of DB Queries
-----------------------------  -----  ---------  --------  ----------  --------------  -------------------  ----------------------
/opt/airflow/dags/nasa_dag.py                           1           0  0.14s           2025-01-24T00:29:20                      12
================================================================================
[2025-01-24T00:29:34.313+0000] {manager.py:465} INFO - Exiting gracefully upon receiving signal 15
[2025-01-24T00:49:27.173+0000] {manager.py:483} INFO - Processing files using up to 2 processes at a time 
[2025-01-24T00:49:27.174+0000] {manager.py:484} INFO - Process each file at most once every 30 seconds
[2025-01-24T00:49:27.175+0000] {manager.py:485} INFO - Checking for new files in /opt/airflow/dags every 300 seconds
[2025-01-24T00:49:27.176+0000] {manager.py:821} INFO - Searching for files in /opt/airflow/dags
[2025-01-24T00:49:27.203+0000] {manager.py:824} INFO - There are 1 files in /opt/airflow/dags
[2025-01-24T00:49:27.312+0000] {manager.py:997} INFO - 
================================================================================
DAG File Processing Stats

File Path                        PID  Runtime      # DAGs    # Errors  Last Runtime    Last Run      Last # of DB Queries
-----------------------------  -----  ---------  --------  ----------  --------------  ----------  ----------------------
/opt/airflow/dags/nasa_dag.py     50  0.03s             0           0                                                   0
================================================================================
[2025-01-24T00:49:57.534+0000] {manager.py:997} INFO - 
================================================================================
DAG File Processing Stats

File Path                      PID    Runtime      # DAGs    # Errors  Last Runtime    Last Run               Last # of DB Queries
-----------------------------  -----  ---------  --------  ----------  --------------  -------------------  ----------------------
/opt/airflow/dags/nasa_dag.py                           1           0  0.36s           2025-01-24T00:49:27                      12
================================================================================
[2025-01-24T00:50:28.384+0000] {manager.py:997} INFO - 
================================================================================
DAG File Processing Stats

File Path                        PID  Runtime      # DAGs    # Errors  Last Runtime    Last Run               Last # of DB Queries
-----------------------------  -----  ---------  --------  ----------  --------------  -------------------  ----------------------
/opt/airflow/dags/nasa_dag.py     70  0.00s             1           0  0.09s           2025-01-24T00:49:58                      12
================================================================================
[2025-01-24T00:50:58.681+0000] {manager.py:997} INFO - 
================================================================================
DAG File Processing Stats

File Path                        PID  Runtime      # DAGs    # Errors  Last Runtime    Last Run               Last # of DB Queries
-----------------------------  -----  ---------  --------  ----------  --------------  -------------------  ----------------------
/opt/airflow/dags/nasa_dag.py     77  0.00s             1           0  0.12s           2025-01-24T00:50:28                      12
================================================================================
[2025-01-24T00:51:28.974+0000] {manager.py:997} INFO - 
================================================================================
DAG File Processing Stats

File Path                        PID  Runtime      # DAGs    # Errors  Last Runtime    Last Run               Last # of DB Queries
-----------------------------  -----  ---------  --------  ----------  --------------  -------------------  ----------------------
/opt/airflow/dags/nasa_dag.py     84  0.00s             1           0  0.11s           2025-01-24T00:50:58                      12
================================================================================
[2025-01-24T00:51:59.285+0000] {manager.py:997} INFO - 
================================================================================
DAG File Processing Stats

File Path                        PID  Runtime      # DAGs    # Errors  Last Runtime    Last Run               Last # of DB Queries
-----------------------------  -----  ---------  --------  ----------  --------------  -------------------  ----------------------
/opt/airflow/dags/nasa_dag.py     91  0.00s             1           0  0.15s           2025-01-24T00:51:29                      12
================================================================================
[2025-01-24T00:52:29.572+0000] {manager.py:997} INFO - 
================================================================================
DAG File Processing Stats

File Path                        PID  Runtime      # DAGs    # Errors  Last Runtime    Last Run               Last # of DB Queries
-----------------------------  -----  ---------  --------  ----------  --------------  -------------------  ----------------------
/opt/airflow/dags/nasa_dag.py     98  0.01s             1           0  0.10s           2025-01-24T00:51:59                      12
================================================================================
[2025-01-24T00:52:59.824+0000] {manager.py:997} INFO - 
================================================================================
DAG File Processing Stats

File Path                        PID  Runtime      # DAGs    # Errors  Last Runtime    Last Run               Last # of DB Queries
-----------------------------  -----  ---------  --------  ----------  --------------  -------------------  ----------------------
/opt/airflow/dags/nasa_dag.py    105  0.00s             1           0  0.14s           2025-01-24T00:52:29                      12
================================================================================
[2025-01-24T00:53:30.213+0000] {manager.py:997} INFO - 
================================================================================
DAG File Processing Stats

File Path                        PID  Runtime      # DAGs    # Errors  Last Runtime    Last Run               Last # of DB Queries
-----------------------------  -----  ---------  --------  ----------  --------------  -------------------  ----------------------
/opt/airflow/dags/nasa_dag.py    112  0.00s             1           0  0.14s           2025-01-24T00:52:59                      12
================================================================================
[2025-01-24T00:53:42.396+0000] {manager.py:465} INFO - Exiting gracefully upon receiving signal 15
[2025-01-24T00:53:59.882+0000] {manager.py:483} INFO - Processing files using up to 2 processes at a time 
[2025-01-24T00:53:59.883+0000] {manager.py:484} INFO - Process each file at most once every 30 seconds
[2025-01-24T00:53:59.885+0000] {manager.py:485} INFO - Checking for new files in /opt/airflow/dags every 300 seconds
[2025-01-24T00:53:59.886+0000] {manager.py:821} INFO - Searching for files in /opt/airflow/dags
[2025-01-24T00:53:59.917+0000] {manager.py:824} INFO - There are 1 files in /opt/airflow/dags
[2025-01-24T00:54:00.018+0000] {manager.py:997} INFO - 
================================================================================
DAG File Processing Stats

File Path                        PID  Runtime      # DAGs    # Errors  Last Runtime    Last Run      Last # of DB Queries
-----------------------------  -----  ---------  --------  ----------  --------------  ----------  ----------------------
/opt/airflow/dags/nasa_dag.py     56  0.03s             0           0                                                   0
================================================================================
[2025-01-24T00:54:30.275+0000] {manager.py:997} INFO - 
================================================================================
DAG File Processing Stats

File Path                        PID  Runtime      # DAGs    # Errors  Last Runtime    Last Run               Last # of DB Queries
-----------------------------  -----  ---------  --------  ----------  --------------  -------------------  ----------------------
/opt/airflow/dags/nasa_dag.py     63  0.00s             1           0  0.26s           2025-01-24T00:54:00                      12
================================================================================
[2025-01-24T00:55:00.629+0000] {manager.py:997} INFO - 
================================================================================
DAG File Processing Stats

File Path                        PID  Runtime      # DAGs    # Errors  Last Runtime    Last Run               Last # of DB Queries
-----------------------------  -----  ---------  --------  ----------  --------------  -------------------  ----------------------
/opt/airflow/dags/nasa_dag.py     70  0.00s             1           0  0.09s           2025-01-24T00:54:30                      12
================================================================================
[2025-01-24T00:55:30.963+0000] {manager.py:997} INFO - 
================================================================================
DAG File Processing Stats

File Path                        PID  Runtime      # DAGs    # Errors  Last Runtime    Last Run               Last # of DB Queries
-----------------------------  -----  ---------  --------  ----------  --------------  -------------------  ----------------------
/opt/airflow/dags/nasa_dag.py     77  0.00s             1           0  0.11s           2025-01-24T00:55:00                      12
================================================================================
[2025-01-24T00:56:01.271+0000] {manager.py:997} INFO - 
================================================================================
DAG File Processing Stats

File Path                        PID  Runtime      # DAGs    # Errors  Last Runtime    Last Run               Last # of DB Queries
-----------------------------  -----  ---------  --------  ----------  --------------  -------------------  ----------------------
/opt/airflow/dags/nasa_dag.py     84  0.00s             1           0  0.11s           2025-01-24T00:55:31                      12
================================================================================
[2025-01-24T00:56:31.559+0000] {manager.py:997} INFO - 
================================================================================
DAG File Processing Stats

File Path                        PID  Runtime      # DAGs    # Errors  Last Runtime    Last Run               Last # of DB Queries
-----------------------------  -----  ---------  --------  ----------  --------------  -------------------  ----------------------
/opt/airflow/dags/nasa_dag.py     91  0.00s             1           0  0.12s           2025-01-24T00:56:01                      12
================================================================================
[2025-01-24T00:56:44.108+0000] {manager.py:465} INFO - Exiting gracefully upon receiving signal 15
[2025-01-24T01:46:43.661+0000] {manager.py:483} INFO - Processing files using up to 2 processes at a time 
[2025-01-24T01:46:43.662+0000] {manager.py:484} INFO - Process each file at most once every 30 seconds
[2025-01-24T01:46:43.663+0000] {manager.py:485} INFO - Checking for new files in /opt/airflow/dags every 300 seconds
[2025-01-24T01:46:43.663+0000] {manager.py:821} INFO - Searching for files in /opt/airflow/dags
[2025-01-24T01:46:43.712+0000] {manager.py:824} INFO - There are 1 files in /opt/airflow/dags
[2025-01-24T01:46:43.799+0000] {manager.py:997} INFO - 
================================================================================
DAG File Processing Stats

File Path                        PID  Runtime      # DAGs    # Errors  Last Runtime    Last Run      Last # of DB Queries
-----------------------------  -----  ---------  --------  ----------  --------------  ----------  ----------------------
/opt/airflow/dags/nasa_dag.py     50  0.03s             0           0                                                   0
================================================================================
[2025-01-24T01:47:14.072+0000] {manager.py:997} INFO - 
================================================================================
DAG File Processing Stats

File Path                      PID    Runtime      # DAGs    # Errors  Last Runtime    Last Run               Last # of DB Queries
-----------------------------  -----  ---------  --------  ----------  --------------  -------------------  ----------------------
/opt/airflow/dags/nasa_dag.py                           1           0  0.46s           2025-01-24T01:46:44                      12
================================================================================
[2025-01-24T01:47:44.075+0000] {manager.py:997} INFO - 
================================================================================
DAG File Processing Stats

File Path                      PID    Runtime      # DAGs    # Errors  Last Runtime    Last Run               Last # of DB Queries
-----------------------------  -----  ---------  --------  ----------  --------------  -------------------  ----------------------
/opt/airflow/dags/nasa_dag.py                           1           0  0.14s           2025-01-24T01:47:14                      12
================================================================================
[2025-01-24T01:48:14.423+0000] {manager.py:997} INFO - 
================================================================================
DAG File Processing Stats

File Path                      PID    Runtime      # DAGs    # Errors  Last Runtime    Last Run               Last # of DB Queries
-----------------------------  -----  ---------  --------  ----------  --------------  -------------------  ----------------------
/opt/airflow/dags/nasa_dag.py                           1           0  0.10s           2025-01-24T01:47:45                      12
================================================================================
[2025-01-24T01:48:44.738+0000] {manager.py:997} INFO - 
================================================================================
DAG File Processing Stats

File Path                      PID    Runtime      # DAGs    # Errors  Last Runtime    Last Run               Last # of DB Queries
-----------------------------  -----  ---------  --------  ----------  --------------  -------------------  ----------------------
/opt/airflow/dags/nasa_dag.py                           1           0  0.15s           2025-01-24T01:48:15                      12
================================================================================
[2025-01-24T01:49:15.145+0000] {manager.py:997} INFO - 
================================================================================
DAG File Processing Stats

File Path                      PID    Runtime      # DAGs    # Errors  Last Runtime    Last Run               Last # of DB Queries
-----------------------------  -----  ---------  --------  ----------  --------------  -------------------  ----------------------
/opt/airflow/dags/nasa_dag.py                           1           0  0.12s           2025-01-24T01:48:45                      12
================================================================================
[2025-01-24T01:49:19.545+0000] {manager.py:465} INFO - Exiting gracefully upon receiving signal 15
[2025-01-24T02:04:42.611+0000] {manager.py:483} INFO - Processing files using up to 2 processes at a time 
[2025-01-24T02:04:42.612+0000] {manager.py:484} INFO - Process each file at most once every 30 seconds
[2025-01-24T02:04:42.612+0000] {manager.py:485} INFO - Checking for new files in /opt/airflow/dags every 300 seconds
[2025-01-24T02:04:42.613+0000] {manager.py:821} INFO - Searching for files in /opt/airflow/dags
[2025-01-24T02:04:42.627+0000] {manager.py:824} INFO - There are 1 files in /opt/airflow/dags
[2025-01-24T02:04:42.705+0000] {manager.py:997} INFO - 
================================================================================
DAG File Processing Stats

File Path                        PID  Runtime      # DAGs    # Errors  Last Runtime    Last Run      Last # of DB Queries
-----------------------------  -----  ---------  --------  ----------  --------------  ----------  ----------------------
/opt/airflow/dags/nasa_dag.py     51  0.02s             0           0                                                   0
================================================================================
[2025-01-24T02:05:12.967+0000] {manager.py:997} INFO - 
================================================================================
DAG File Processing Stats

File Path                      PID    Runtime      # DAGs    # Errors  Last Runtime    Last Run               Last # of DB Queries
-----------------------------  -----  ---------  --------  ----------  --------------  -------------------  ----------------------
/opt/airflow/dags/nasa_dag.py                           1           0  0.31s           2025-01-24T02:04:42                      12
================================================================================
[2025-01-24T02:05:43.781+0000] {manager.py:997} INFO - 
================================================================================
DAG File Processing Stats

File Path                        PID  Runtime      # DAGs    # Errors  Last Runtime    Last Run               Last # of DB Queries
-----------------------------  -----  ---------  --------  ----------  --------------  -------------------  ----------------------
/opt/airflow/dags/nasa_dag.py     71  0.00s             1           0  0.11s           2025-01-24T02:05:13                      12
================================================================================
[2025-01-24T02:06:14.235+0000] {manager.py:997} INFO - 
================================================================================
DAG File Processing Stats

File Path                        PID  Runtime      # DAGs    # Errors  Last Runtime    Last Run               Last # of DB Queries
-----------------------------  -----  ---------  --------  ----------  --------------  -------------------  ----------------------
/opt/airflow/dags/nasa_dag.py     78  0.00s             1           0  0.10s           2025-01-24T02:05:43                      12
================================================================================
[2025-01-24T02:06:44.662+0000] {manager.py:997} INFO - 
================================================================================
DAG File Processing Stats

File Path                        PID  Runtime      # DAGs    # Errors  Last Runtime    Last Run               Last # of DB Queries
-----------------------------  -----  ---------  --------  ----------  --------------  -------------------  ----------------------
/opt/airflow/dags/nasa_dag.py     85  0.00s             1           0  0.11s           2025-01-24T02:06:14                      12
================================================================================
[2025-01-24T02:07:14.962+0000] {manager.py:997} INFO - 
================================================================================
DAG File Processing Stats

File Path                        PID  Runtime      # DAGs    # Errors  Last Runtime    Last Run               Last # of DB Queries
-----------------------------  -----  ---------  --------  ----------  --------------  -------------------  ----------------------
/opt/airflow/dags/nasa_dag.py     92  0.00s             1           0  0.10s           2025-01-24T02:06:44                      12
================================================================================
[2025-01-24T02:07:45.467+0000] {manager.py:997} INFO - 
================================================================================
DAG File Processing Stats

File Path                        PID  Runtime      # DAGs    # Errors  Last Runtime    Last Run               Last # of DB Queries
-----------------------------  -----  ---------  --------  ----------  --------------  -------------------  ----------------------
/opt/airflow/dags/nasa_dag.py     99  0.00s             1           0  0.11s           2025-01-24T02:07:15                      12
================================================================================
[2025-01-24T02:08:15.882+0000] {manager.py:997} INFO - 
================================================================================
DAG File Processing Stats

File Path                        PID  Runtime      # DAGs    # Errors  Last Runtime    Last Run               Last # of DB Queries
-----------------------------  -----  ---------  --------  ----------  --------------  -------------------  ----------------------
/opt/airflow/dags/nasa_dag.py    106  0.00s             1           0  0.13s           2025-01-24T02:07:45                      12
================================================================================
[2025-01-24T02:08:46.055+0000] {manager.py:465} INFO - Exiting gracefully upon receiving signal 15
[2025-01-24T02:58:57.196+0000] {manager.py:483} INFO - Processing files using up to 2 processes at a time 
[2025-01-24T02:58:57.197+0000] {manager.py:484} INFO - Process each file at most once every 30 seconds
[2025-01-24T02:58:57.197+0000] {manager.py:485} INFO - Checking for new files in /opt/airflow/dags every 300 seconds
[2025-01-24T02:58:57.198+0000] {manager.py:821} INFO - Searching for files in /opt/airflow/dags
[2025-01-24T02:58:57.223+0000] {manager.py:824} INFO - There are 1 files in /opt/airflow/dags
[2025-01-24T02:58:57.330+0000] {manager.py:997} INFO - 
================================================================================
DAG File Processing Stats

File Path                        PID  Runtime      # DAGs    # Errors  Last Runtime    Last Run      Last # of DB Queries
-----------------------------  -----  ---------  --------  ----------  --------------  ----------  ----------------------
/opt/airflow/dags/nasa_dag.py     57  0.03s             0           0                                                   0
================================================================================
[2025-01-24T02:59:27.683+0000] {manager.py:997} INFO - 
================================================================================
DAG File Processing Stats

File Path                        PID  Runtime      # DAGs    # Errors  Last Runtime    Last Run               Last # of DB Queries
-----------------------------  -----  ---------  --------  ----------  --------------  -------------------  ----------------------
/opt/airflow/dags/nasa_dag.py     64  0.01s             0           1  0.12s           2025-01-24T02:58:57                       3
================================================================================
[2025-01-24T02:59:58.028+0000] {manager.py:997} INFO - 
================================================================================
DAG File Processing Stats

File Path                        PID  Runtime      # DAGs    # Errors  Last Runtime    Last Run               Last # of DB Queries
-----------------------------  -----  ---------  --------  ----------  --------------  -------------------  ----------------------
/opt/airflow/dags/nasa_dag.py     71  0.00s             0           1  0.08s           2025-01-24T02:59:27                       5
================================================================================
[2025-01-24T03:00:26.830+0000] {manager.py:465} INFO - Exiting gracefully upon receiving signal 15
[2025-01-24T03:10:17.028+0000] {manager.py:483} INFO - Processing files using up to 2 processes at a time 
[2025-01-24T03:10:17.029+0000] {manager.py:484} INFO - Process each file at most once every 30 seconds
[2025-01-24T03:10:17.030+0000] {manager.py:485} INFO - Checking for new files in /opt/airflow/dags every 300 seconds
[2025-01-24T03:10:17.031+0000] {manager.py:821} INFO - Searching for files in /opt/airflow/dags
[2025-01-24T03:10:17.064+0000] {manager.py:824} INFO - There are 1 files in /opt/airflow/dags
[2025-01-24T03:10:17.156+0000] {manager.py:997} INFO - 
================================================================================
DAG File Processing Stats

File Path                        PID  Runtime      # DAGs    # Errors  Last Runtime    Last Run      Last # of DB Queries
-----------------------------  -----  ---------  --------  ----------  --------------  ----------  ----------------------
/opt/airflow/dags/nasa_dag.py     56  0.03s             0           0                                                   0
================================================================================
[2025-01-24T03:10:47.467+0000] {manager.py:997} INFO - 
================================================================================
DAG File Processing Stats

File Path                      PID    Runtime      # DAGs    # Errors  Last Runtime    Last Run               Last # of DB Queries
-----------------------------  -----  ---------  --------  ----------  --------------  -------------------  ----------------------
/opt/airflow/dags/nasa_dag.py                           0           1  0.09s           2025-01-24T03:10:23                       5
================================================================================
[2025-01-24T03:11:06.163+0000] {manager.py:465} INFO - Exiting gracefully upon receiving signal 15
[2025-01-24T03:11:51.602+0000] {manager.py:483} INFO - Processing files using up to 2 processes at a time 
[2025-01-24T03:11:51.603+0000] {manager.py:484} INFO - Process each file at most once every 30 seconds
[2025-01-24T03:11:51.604+0000] {manager.py:485} INFO - Checking for new files in /opt/airflow/dags every 300 seconds
[2025-01-24T03:11:51.605+0000] {manager.py:821} INFO - Searching for files in /opt/airflow/dags
[2025-01-24T03:11:51.629+0000] {manager.py:824} INFO - There are 1 files in /opt/airflow/dags
[2025-01-24T03:11:51.715+0000] {manager.py:997} INFO - 
================================================================================
DAG File Processing Stats

File Path                        PID  Runtime      # DAGs    # Errors  Last Runtime    Last Run      Last # of DB Queries
-----------------------------  -----  ---------  --------  ----------  --------------  ----------  ----------------------
/opt/airflow/dags/nasa_dag.py     50  0.03s             0           0                                                   0
================================================================================
[2025-01-24T03:12:22.041+0000] {manager.py:997} INFO - 
================================================================================
DAG File Processing Stats

File Path                        PID  Runtime      # DAGs    # Errors  Last Runtime    Last Run               Last # of DB Queries
-----------------------------  -----  ---------  --------  ----------  --------------  -------------------  ----------------------
/opt/airflow/dags/nasa_dag.py     57  0.00s             0           1  0.14s           2025-01-24T03:11:51                       5
================================================================================
[2025-01-24T03:12:46.370+0000] {manager.py:465} INFO - Exiting gracefully upon receiving signal 15
[2025-01-24T03:21:39.559+0000] {manager.py:483} INFO - Processing files using up to 2 processes at a time 
[2025-01-24T03:21:39.560+0000] {manager.py:484} INFO - Process each file at most once every 30 seconds
[2025-01-24T03:21:39.561+0000] {manager.py:485} INFO - Checking for new files in /opt/airflow/dags every 300 seconds
[2025-01-24T03:21:39.562+0000] {manager.py:821} INFO - Searching for files in /opt/airflow/dags
[2025-01-24T03:21:39.593+0000] {manager.py:824} INFO - There are 1 files in /opt/airflow/dags
[2025-01-24T03:21:39.673+0000] {manager.py:997} INFO - 
================================================================================
DAG File Processing Stats

File Path                        PID  Runtime      # DAGs    # Errors  Last Runtime    Last Run      Last # of DB Queries
-----------------------------  -----  ---------  --------  ----------  --------------  ----------  ----------------------
/opt/airflow/dags/nasa_dag.py     50  0.03s             0           0                                                   0
================================================================================
[2025-01-24T03:22:09.970+0000] {manager.py:997} INFO - 
================================================================================
DAG File Processing Stats

File Path                        PID  Runtime      # DAGs    # Errors  Last Runtime    Last Run               Last # of DB Queries
-----------------------------  -----  ---------  --------  ----------  --------------  -------------------  ----------------------
/opt/airflow/dags/nasa_dag.py     57  0.00s             0           1  0.11s           2025-01-24T03:21:39                       5
================================================================================
[2025-01-24T03:22:40.321+0000] {manager.py:997} INFO - 
================================================================================
DAG File Processing Stats

File Path                        PID  Runtime      # DAGs    # Errors  Last Runtime    Last Run               Last # of DB Queries
-----------------------------  -----  ---------  --------  ----------  --------------  -------------------  ----------------------
/opt/airflow/dags/nasa_dag.py     64  0.00s             0           1  0.07s           2025-01-24T03:22:10                       5
================================================================================
[2025-01-24T03:23:10.605+0000] {manager.py:997} INFO - 
================================================================================
DAG File Processing Stats

File Path                        PID  Runtime      # DAGs    # Errors  Last Runtime    Last Run               Last # of DB Queries
-----------------------------  -----  ---------  --------  ----------  --------------  -------------------  ----------------------
/opt/airflow/dags/nasa_dag.py     71  0.00s             0           1  0.07s           2025-01-24T03:22:40                       5
================================================================================
[2025-01-24T03:23:40.899+0000] {manager.py:997} INFO - 
================================================================================
DAG File Processing Stats

File Path                        PID  Runtime      # DAGs    # Errors  Last Runtime    Last Run               Last # of DB Queries
-----------------------------  -----  ---------  --------  ----------  --------------  -------------------  ----------------------
/opt/airflow/dags/nasa_dag.py     78  0.00s             0           1  0.11s           2025-01-24T03:23:10                       5
================================================================================
[2025-01-24T03:24:11.279+0000] {manager.py:997} INFO - 
================================================================================
DAG File Processing Stats

File Path                      PID    Runtime      # DAGs    # Errors  Last Runtime    Last Run               Last # of DB Queries
-----------------------------  -----  ---------  --------  ----------  --------------  -------------------  ----------------------
/opt/airflow/dags/nasa_dag.py                           0           1  0.08s           2025-01-24T03:23:55                       5
================================================================================
[2025-01-24T03:24:11.705+0000] {manager.py:465} INFO - Exiting gracefully upon receiving signal 15
