[2025-01-29T00:00:24.400+0000] {processor.py:186} INFO - Started process (PID=69) to work on /opt/airflow/dags/nasa_dag.py
[2025-01-29T00:00:24.401+0000] {processor.py:914} INFO - Processing file /opt/airflow/dags/nasa_dag.py for tasks to queue
[2025-01-29T00:00:24.403+0000] {logging_mixin.py:190} INFO - [2025-01-29T00:00:24.403+0000] {dagbag.py:588} INFO - Filling up the DagBag from /opt/airflow/dags/nasa_dag.py
[2025-01-29T00:00:24.439+0000] {processor.py:925} INFO - DAG(s) 'nasa_dag' retrieved from /opt/airflow/dags/nasa_dag.py
[2025-01-29T00:00:24.794+0000] {logging_mixin.py:190} INFO - [2025-01-29T00:00:24.793+0000] {dag.py:3239} INFO - Sync 1 DAGs
[2025-01-29T00:00:24.816+0000] {logging_mixin.py:190} INFO - [2025-01-29T00:00:24.815+0000] {dag.py:4180} INFO - Setting next_dagrun for nasa_dag to 2025-01-29 00:00:00+00:00, run_after=2025-01-29 01:00:00+00:00
[2025-01-29T00:00:24.834+0000] {processor.py:208} INFO - Processing /opt/airflow/dags/nasa_dag.py took 0.439 seconds
[2025-01-29T00:03:03.424+0000] {processor.py:186} INFO - Started process (PID=50) to work on /opt/airflow/dags/nasa_dag.py
[2025-01-29T00:03:03.425+0000] {processor.py:914} INFO - Processing file /opt/airflow/dags/nasa_dag.py for tasks to queue
[2025-01-29T00:03:03.428+0000] {logging_mixin.py:190} INFO - [2025-01-29T00:03:03.428+0000] {dagbag.py:588} INFO - Filling up the DagBag from /opt/airflow/dags/nasa_dag.py
[2025-01-29T00:03:03.487+0000] {processor.py:925} INFO - DAG(s) 'nasa_dag' retrieved from /opt/airflow/dags/nasa_dag.py
[2025-01-29T00:03:03.671+0000] {logging_mixin.py:190} INFO - [2025-01-29T00:03:03.670+0000] {dag.py:3239} INFO - Sync 1 DAGs
[2025-01-29T00:03:03.694+0000] {logging_mixin.py:190} INFO - [2025-01-29T00:03:03.694+0000] {dag.py:4180} INFO - Setting next_dagrun for nasa_dag to 2025-01-29 00:00:00+00:00, run_after=2025-01-29 01:00:00+00:00
[2025-01-29T00:03:03.717+0000] {processor.py:208} INFO - Processing /opt/airflow/dags/nasa_dag.py took 0.301 seconds
[2025-01-29T00:03:33.846+0000] {processor.py:186} INFO - Started process (PID=63) to work on /opt/airflow/dags/nasa_dag.py
[2025-01-29T00:03:33.847+0000] {processor.py:914} INFO - Processing file /opt/airflow/dags/nasa_dag.py for tasks to queue
[2025-01-29T00:03:33.849+0000] {logging_mixin.py:190} INFO - [2025-01-29T00:03:33.849+0000] {dagbag.py:588} INFO - Filling up the DagBag from /opt/airflow/dags/nasa_dag.py
[2025-01-29T00:03:33.878+0000] {processor.py:925} INFO - DAG(s) 'nasa_dag' retrieved from /opt/airflow/dags/nasa_dag.py
[2025-01-29T00:03:33.900+0000] {logging_mixin.py:190} INFO - [2025-01-29T00:03:33.900+0000] {dag.py:3239} INFO - Sync 1 DAGs
[2025-01-29T00:03:33.922+0000] {logging_mixin.py:190} INFO - [2025-01-29T00:03:33.922+0000] {dag.py:4180} INFO - Setting next_dagrun for nasa_dag to 2025-01-29 00:00:00+00:00, run_after=2025-01-29 01:00:00+00:00
[2025-01-29T00:03:33.947+0000] {processor.py:208} INFO - Processing /opt/airflow/dags/nasa_dag.py took 0.107 seconds
[2025-01-29T00:04:04.273+0000] {processor.py:186} INFO - Started process (PID=70) to work on /opt/airflow/dags/nasa_dag.py
[2025-01-29T00:04:04.274+0000] {processor.py:914} INFO - Processing file /opt/airflow/dags/nasa_dag.py for tasks to queue
[2025-01-29T00:04:04.276+0000] {logging_mixin.py:190} INFO - [2025-01-29T00:04:04.276+0000] {dagbag.py:588} INFO - Filling up the DagBag from /opt/airflow/dags/nasa_dag.py
[2025-01-29T00:04:04.296+0000] {processor.py:925} INFO - DAG(s) 'nasa_dag' retrieved from /opt/airflow/dags/nasa_dag.py
[2025-01-29T00:04:04.313+0000] {logging_mixin.py:190} INFO - [2025-01-29T00:04:04.312+0000] {dag.py:3239} INFO - Sync 1 DAGs
[2025-01-29T00:04:04.330+0000] {logging_mixin.py:190} INFO - [2025-01-29T00:04:04.330+0000] {dag.py:4180} INFO - Setting next_dagrun for nasa_dag to 2025-01-29 00:00:00+00:00, run_after=2025-01-29 01:00:00+00:00
[2025-01-29T00:04:04.347+0000] {processor.py:208} INFO - Processing /opt/airflow/dags/nasa_dag.py took 0.078 seconds
[2025-01-29T00:04:34.569+0000] {processor.py:186} INFO - Started process (PID=77) to work on /opt/airflow/dags/nasa_dag.py
[2025-01-29T00:04:34.570+0000] {processor.py:914} INFO - Processing file /opt/airflow/dags/nasa_dag.py for tasks to queue
[2025-01-29T00:04:34.572+0000] {logging_mixin.py:190} INFO - [2025-01-29T00:04:34.571+0000] {dagbag.py:588} INFO - Filling up the DagBag from /opt/airflow/dags/nasa_dag.py
[2025-01-29T00:04:34.593+0000] {processor.py:925} INFO - DAG(s) 'nasa_dag' retrieved from /opt/airflow/dags/nasa_dag.py
[2025-01-29T00:04:34.610+0000] {logging_mixin.py:190} INFO - [2025-01-29T00:04:34.610+0000] {dag.py:3239} INFO - Sync 1 DAGs
[2025-01-29T00:04:34.646+0000] {processor.py:208} INFO - Processing /opt/airflow/dags/nasa_dag.py took 0.081 seconds
[2025-01-29T00:05:04.896+0000] {processor.py:186} INFO - Started process (PID=84) to work on /opt/airflow/dags/nasa_dag.py
[2025-01-29T00:05:04.896+0000] {processor.py:914} INFO - Processing file /opt/airflow/dags/nasa_dag.py for tasks to queue
[2025-01-29T00:05:04.898+0000] {logging_mixin.py:190} INFO - [2025-01-29T00:05:04.898+0000] {dagbag.py:588} INFO - Filling up the DagBag from /opt/airflow/dags/nasa_dag.py
[2025-01-29T00:05:04.930+0000] {processor.py:925} INFO - DAG(s) 'nasa_dag' retrieved from /opt/airflow/dags/nasa_dag.py
[2025-01-29T00:05:04.949+0000] {logging_mixin.py:190} INFO - [2025-01-29T00:05:04.949+0000] {dag.py:3239} INFO - Sync 1 DAGs
[2025-01-29T00:05:04.970+0000] {logging_mixin.py:190} INFO - [2025-01-29T00:05:04.970+0000] {dag.py:4180} INFO - Setting next_dagrun for nasa_dag to 2025-01-29 00:00:00+00:00, run_after=2025-01-29 01:00:00+00:00
[2025-01-29T00:05:04.989+0000] {processor.py:208} INFO - Processing /opt/airflow/dags/nasa_dag.py took 0.097 seconds
[2025-01-29T00:05:35.200+0000] {processor.py:186} INFO - Started process (PID=91) to work on /opt/airflow/dags/nasa_dag.py
[2025-01-29T00:05:35.201+0000] {processor.py:914} INFO - Processing file /opt/airflow/dags/nasa_dag.py for tasks to queue
[2025-01-29T00:05:35.204+0000] {logging_mixin.py:190} INFO - [2025-01-29T00:05:35.203+0000] {dagbag.py:588} INFO - Filling up the DagBag from /opt/airflow/dags/nasa_dag.py
[2025-01-29T00:05:35.235+0000] {processor.py:925} INFO - DAG(s) 'nasa_dag' retrieved from /opt/airflow/dags/nasa_dag.py
[2025-01-29T00:05:35.256+0000] {logging_mixin.py:190} INFO - [2025-01-29T00:05:35.256+0000] {dag.py:3239} INFO - Sync 1 DAGs
[2025-01-29T00:05:35.291+0000] {processor.py:208} INFO - Processing /opt/airflow/dags/nasa_dag.py took 0.097 seconds
[2025-01-29T00:06:05.545+0000] {processor.py:186} INFO - Started process (PID=98) to work on /opt/airflow/dags/nasa_dag.py
[2025-01-29T00:06:05.546+0000] {processor.py:914} INFO - Processing file /opt/airflow/dags/nasa_dag.py for tasks to queue
[2025-01-29T00:06:05.548+0000] {logging_mixin.py:190} INFO - [2025-01-29T00:06:05.548+0000] {dagbag.py:588} INFO - Filling up the DagBag from /opt/airflow/dags/nasa_dag.py
[2025-01-29T00:06:05.571+0000] {processor.py:925} INFO - DAG(s) 'nasa_dag' retrieved from /opt/airflow/dags/nasa_dag.py
[2025-01-29T00:06:05.588+0000] {logging_mixin.py:190} INFO - [2025-01-29T00:06:05.588+0000] {dag.py:3239} INFO - Sync 1 DAGs
[2025-01-29T00:06:05.604+0000] {logging_mixin.py:190} INFO - [2025-01-29T00:06:05.604+0000] {dag.py:4180} INFO - Setting next_dagrun for nasa_dag to 2025-01-29 00:00:00+00:00, run_after=2025-01-29 01:00:00+00:00
[2025-01-29T00:06:05.619+0000] {processor.py:208} INFO - Processing /opt/airflow/dags/nasa_dag.py took 0.078 seconds
[2025-01-29T00:06:35.824+0000] {processor.py:186} INFO - Started process (PID=105) to work on /opt/airflow/dags/nasa_dag.py
[2025-01-29T00:06:35.825+0000] {processor.py:914} INFO - Processing file /opt/airflow/dags/nasa_dag.py for tasks to queue
[2025-01-29T00:06:35.828+0000] {logging_mixin.py:190} INFO - [2025-01-29T00:06:35.828+0000] {dagbag.py:588} INFO - Filling up the DagBag from /opt/airflow/dags/nasa_dag.py
[2025-01-29T00:06:35.856+0000] {processor.py:925} INFO - DAG(s) 'nasa_dag' retrieved from /opt/airflow/dags/nasa_dag.py
[2025-01-29T00:06:35.878+0000] {logging_mixin.py:190} INFO - [2025-01-29T00:06:35.878+0000] {dag.py:3239} INFO - Sync 1 DAGs
[2025-01-29T00:06:35.898+0000] {logging_mixin.py:190} INFO - [2025-01-29T00:06:35.897+0000] {dag.py:4180} INFO - Setting next_dagrun for nasa_dag to 2025-01-29 00:00:00+00:00, run_after=2025-01-29 01:00:00+00:00
[2025-01-29T00:06:35.915+0000] {processor.py:208} INFO - Processing /opt/airflow/dags/nasa_dag.py took 0.096 seconds
