[2025-02-04T00:00:14.961+0000] {processor.py:186} INFO - Started process (PID=62) to work on /opt/airflow/dags/nasa_dag.py
[2025-02-04T00:00:14.962+0000] {processor.py:914} INFO - Processing file /opt/airflow/dags/nasa_dag.py for tasks to queue
[2025-02-04T00:00:14.965+0000] {logging_mixin.py:190} INFO - [2025-02-04T00:00:14.965+0000] {dagbag.py:588} INFO - Filling up the DagBag from /opt/airflow/dags/nasa_dag.py
[2025-02-04T00:00:15.067+0000] {processor.py:925} INFO - DAG(s) 'nasa_dag' retrieved from /opt/airflow/dags/nasa_dag.py
[2025-02-04T00:00:15.611+0000] {logging_mixin.py:190} INFO - [2025-02-04T00:00:15.610+0000] {dag.py:3239} INFO - Sync 1 DAGs
[2025-02-04T00:00:15.694+0000] {processor.py:208} INFO - Processing /opt/airflow/dags/nasa_dag.py took 0.744 seconds
[2025-02-04T00:00:46.007+0000] {processor.py:186} INFO - Started process (PID=70) to work on /opt/airflow/dags/nasa_dag.py
[2025-02-04T00:00:46.009+0000] {processor.py:914} INFO - Processing file /opt/airflow/dags/nasa_dag.py for tasks to queue
[2025-02-04T00:00:46.012+0000] {logging_mixin.py:190} INFO - [2025-02-04T00:00:46.011+0000] {dagbag.py:588} INFO - Filling up the DagBag from /opt/airflow/dags/nasa_dag.py
[2025-02-04T00:00:46.049+0000] {processor.py:925} INFO - DAG(s) 'nasa_dag' retrieved from /opt/airflow/dags/nasa_dag.py
[2025-02-04T00:00:46.070+0000] {logging_mixin.py:190} INFO - [2025-02-04T00:00:46.070+0000] {dag.py:3239} INFO - Sync 1 DAGs
[2025-02-04T00:00:46.092+0000] {logging_mixin.py:190} INFO - [2025-02-04T00:00:46.092+0000] {dag.py:4180} INFO - Setting next_dagrun for nasa_dag to 2025-02-04 00:00:00+00:00, run_after=2025-02-04 01:00:00+00:00
[2025-02-04T00:00:46.112+0000] {processor.py:208} INFO - Processing /opt/airflow/dags/nasa_dag.py took 0.112 seconds
[2025-02-04T00:01:16.425+0000] {processor.py:186} INFO - Started process (PID=77) to work on /opt/airflow/dags/nasa_dag.py
[2025-02-04T00:01:16.427+0000] {processor.py:914} INFO - Processing file /opt/airflow/dags/nasa_dag.py for tasks to queue
[2025-02-04T00:01:16.431+0000] {logging_mixin.py:190} INFO - [2025-02-04T00:01:16.431+0000] {dagbag.py:588} INFO - Filling up the DagBag from /opt/airflow/dags/nasa_dag.py
[2025-02-04T00:01:16.485+0000] {processor.py:925} INFO - DAG(s) 'nasa_dag' retrieved from /opt/airflow/dags/nasa_dag.py
[2025-02-04T00:01:16.511+0000] {logging_mixin.py:190} INFO - [2025-02-04T00:01:16.511+0000] {dag.py:3239} INFO - Sync 1 DAGs
[2025-02-04T00:01:16.534+0000] {logging_mixin.py:190} INFO - [2025-02-04T00:01:16.534+0000] {dag.py:4180} INFO - Setting next_dagrun for nasa_dag to 2025-02-04 00:00:00+00:00, run_after=2025-02-04 01:00:00+00:00
[2025-02-04T00:01:16.554+0000] {processor.py:208} INFO - Processing /opt/airflow/dags/nasa_dag.py took 0.138 seconds
[2025-02-04T00:01:46.851+0000] {processor.py:186} INFO - Started process (PID=84) to work on /opt/airflow/dags/nasa_dag.py
[2025-02-04T00:01:46.853+0000] {processor.py:914} INFO - Processing file /opt/airflow/dags/nasa_dag.py for tasks to queue
[2025-02-04T00:01:46.856+0000] {logging_mixin.py:190} INFO - [2025-02-04T00:01:46.856+0000] {dagbag.py:588} INFO - Filling up the DagBag from /opt/airflow/dags/nasa_dag.py
[2025-02-04T00:01:46.924+0000] {processor.py:925} INFO - DAG(s) 'nasa_dag' retrieved from /opt/airflow/dags/nasa_dag.py
[2025-02-04T00:01:46.949+0000] {logging_mixin.py:190} INFO - [2025-02-04T00:01:46.949+0000] {dag.py:3239} INFO - Sync 1 DAGs
[2025-02-04T00:01:46.974+0000] {logging_mixin.py:190} INFO - [2025-02-04T00:01:46.974+0000] {dag.py:4180} INFO - Setting next_dagrun for nasa_dag to 2025-02-04 00:00:00+00:00, run_after=2025-02-04 01:00:00+00:00
[2025-02-04T00:01:46.996+0000] {processor.py:208} INFO - Processing /opt/airflow/dags/nasa_dag.py took 0.154 seconds
[2025-02-04T00:02:17.286+0000] {processor.py:186} INFO - Started process (PID=91) to work on /opt/airflow/dags/nasa_dag.py
[2025-02-04T00:02:17.287+0000] {processor.py:914} INFO - Processing file /opt/airflow/dags/nasa_dag.py for tasks to queue
[2025-02-04T00:02:17.289+0000] {logging_mixin.py:190} INFO - [2025-02-04T00:02:17.289+0000] {dagbag.py:588} INFO - Filling up the DagBag from /opt/airflow/dags/nasa_dag.py
[2025-02-04T00:02:17.326+0000] {logging_mixin.py:190} INFO - [2025-02-04T00:02:17.322+0000] {dagbag.py:387} ERROR - Failed to import: /opt/airflow/dags/nasa_dag.py
Traceback (most recent call last):
  File "/home/airflow/.local/lib/python3.12/site-packages/airflow/models/dagbag.py", line 383, in parse
    loader.exec_module(new_module)
  File "<frozen importlib._bootstrap_external>", line 995, in exec_module
  File "<frozen importlib._bootstrap>", line 488, in _call_with_frames_removed
  File "/opt/airflow/dags/nasa_dag.py", line 8, in <module>
    from operators.mongodb_file_operator import MongoDBOperator
  File "/opt/airflow/plugins/operators/mongodb_file_operator.py", line 80
    if self.collection not in db.list_collection_names():
IndentationError: expected an indented block after 'elif' statement on line 79
[2025-02-04T00:02:17.327+0000] {processor.py:927} WARNING - No viable dags retrieved from /opt/airflow/dags/nasa_dag.py
[2025-02-04T00:02:17.348+0000] {processor.py:208} INFO - Processing /opt/airflow/dags/nasa_dag.py took 0.067 seconds
[2025-02-04T00:02:47.749+0000] {processor.py:186} INFO - Started process (PID=98) to work on /opt/airflow/dags/nasa_dag.py
[2025-02-04T00:02:47.751+0000] {processor.py:914} INFO - Processing file /opt/airflow/dags/nasa_dag.py for tasks to queue
[2025-02-04T00:02:47.755+0000] {logging_mixin.py:190} INFO - [2025-02-04T00:02:47.754+0000] {dagbag.py:588} INFO - Filling up the DagBag from /opt/airflow/dags/nasa_dag.py
[2025-02-04T00:02:47.828+0000] {processor.py:925} INFO - DAG(s) 'nasa_dag' retrieved from /opt/airflow/dags/nasa_dag.py
[2025-02-04T00:02:47.852+0000] {logging_mixin.py:190} INFO - [2025-02-04T00:02:47.852+0000] {dag.py:3239} INFO - Sync 1 DAGs
[2025-02-04T00:02:47.875+0000] {logging_mixin.py:190} INFO - [2025-02-04T00:02:47.875+0000] {dag.py:4180} INFO - Setting next_dagrun for nasa_dag to 2025-02-04 00:00:00+00:00, run_after=2025-02-04 01:00:00+00:00
[2025-02-04T00:02:47.898+0000] {processor.py:208} INFO - Processing /opt/airflow/dags/nasa_dag.py took 0.158 seconds
[2025-02-04T00:04:07.664+0000] {processor.py:186} INFO - Started process (PID=50) to work on /opt/airflow/dags/nasa_dag.py
[2025-02-04T00:04:07.665+0000] {processor.py:914} INFO - Processing file /opt/airflow/dags/nasa_dag.py for tasks to queue
[2025-02-04T00:04:07.667+0000] {logging_mixin.py:190} INFO - [2025-02-04T00:04:07.667+0000] {dagbag.py:588} INFO - Filling up the DagBag from /opt/airflow/dags/nasa_dag.py
[2025-02-04T00:04:07.733+0000] {processor.py:925} INFO - DAG(s) 'nasa_dag' retrieved from /opt/airflow/dags/nasa_dag.py
[2025-02-04T00:04:07.896+0000] {logging_mixin.py:190} INFO - [2025-02-04T00:04:07.896+0000] {dag.py:3239} INFO - Sync 1 DAGs
[2025-02-04T00:04:07.924+0000] {logging_mixin.py:190} INFO - [2025-02-04T00:04:07.923+0000] {dag.py:4180} INFO - Setting next_dagrun for nasa_dag to 2025-02-04 00:00:00+00:00, run_after=2025-02-04 01:00:00+00:00
[2025-02-04T00:04:07.946+0000] {processor.py:208} INFO - Processing /opt/airflow/dags/nasa_dag.py took 0.287 seconds
[2025-02-04T00:04:38.197+0000] {processor.py:186} INFO - Started process (PID=57) to work on /opt/airflow/dags/nasa_dag.py
[2025-02-04T00:04:38.199+0000] {processor.py:914} INFO - Processing file /opt/airflow/dags/nasa_dag.py for tasks to queue
[2025-02-04T00:04:38.204+0000] {logging_mixin.py:190} INFO - [2025-02-04T00:04:38.204+0000] {dagbag.py:588} INFO - Filling up the DagBag from /opt/airflow/dags/nasa_dag.py
[2025-02-04T00:04:38.277+0000] {processor.py:925} INFO - DAG(s) 'nasa_dag' retrieved from /opt/airflow/dags/nasa_dag.py
[2025-02-04T00:04:38.304+0000] {logging_mixin.py:190} INFO - [2025-02-04T00:04:38.303+0000] {dag.py:3239} INFO - Sync 1 DAGs
[2025-02-04T00:04:38.328+0000] {logging_mixin.py:190} INFO - [2025-02-04T00:04:38.328+0000] {dag.py:4180} INFO - Setting next_dagrun for nasa_dag to 2025-02-04 00:00:00+00:00, run_after=2025-02-04 01:00:00+00:00
[2025-02-04T00:04:38.353+0000] {processor.py:208} INFO - Processing /opt/airflow/dags/nasa_dag.py took 0.165 seconds
[2025-02-04T00:05:08.714+0000] {processor.py:186} INFO - Started process (PID=70) to work on /opt/airflow/dags/nasa_dag.py
[2025-02-04T00:05:08.715+0000] {processor.py:914} INFO - Processing file /opt/airflow/dags/nasa_dag.py for tasks to queue
[2025-02-04T00:05:08.718+0000] {logging_mixin.py:190} INFO - [2025-02-04T00:05:08.718+0000] {dagbag.py:588} INFO - Filling up the DagBag from /opt/airflow/dags/nasa_dag.py
[2025-02-04T00:05:08.801+0000] {processor.py:925} INFO - DAG(s) 'nasa_dag' retrieved from /opt/airflow/dags/nasa_dag.py
[2025-02-04T00:05:08.829+0000] {logging_mixin.py:190} INFO - [2025-02-04T00:05:08.828+0000] {dag.py:3239} INFO - Sync 1 DAGs
[2025-02-04T00:05:08.852+0000] {logging_mixin.py:190} INFO - [2025-02-04T00:05:08.851+0000] {dag.py:4180} INFO - Setting next_dagrun for nasa_dag to 2025-02-04 00:00:00+00:00, run_after=2025-02-04 01:00:00+00:00
[2025-02-04T00:05:08.873+0000] {processor.py:208} INFO - Processing /opt/airflow/dags/nasa_dag.py took 0.164 seconds
[2025-02-04T00:05:39.068+0000] {processor.py:186} INFO - Started process (PID=77) to work on /opt/airflow/dags/nasa_dag.py
[2025-02-04T00:05:39.069+0000] {processor.py:914} INFO - Processing file /opt/airflow/dags/nasa_dag.py for tasks to queue
[2025-02-04T00:05:39.071+0000] {logging_mixin.py:190} INFO - [2025-02-04T00:05:39.071+0000] {dagbag.py:588} INFO - Filling up the DagBag from /opt/airflow/dags/nasa_dag.py
[2025-02-04T00:05:39.122+0000] {processor.py:925} INFO - DAG(s) 'nasa_dag' retrieved from /opt/airflow/dags/nasa_dag.py
[2025-02-04T00:05:39.147+0000] {logging_mixin.py:190} INFO - [2025-02-04T00:05:39.147+0000] {dag.py:3239} INFO - Sync 1 DAGs
[2025-02-04T00:05:39.171+0000] {logging_mixin.py:190} INFO - [2025-02-04T00:05:39.171+0000] {dag.py:4180} INFO - Setting next_dagrun for nasa_dag to 2025-02-04 00:00:00+00:00, run_after=2025-02-04 01:00:00+00:00
[2025-02-04T00:05:39.194+0000] {processor.py:208} INFO - Processing /opt/airflow/dags/nasa_dag.py took 0.133 seconds
[2025-02-04T00:06:09.591+0000] {processor.py:186} INFO - Started process (PID=84) to work on /opt/airflow/dags/nasa_dag.py
[2025-02-04T00:06:09.592+0000] {processor.py:914} INFO - Processing file /opt/airflow/dags/nasa_dag.py for tasks to queue
[2025-02-04T00:06:09.595+0000] {logging_mixin.py:190} INFO - [2025-02-04T00:06:09.594+0000] {dagbag.py:588} INFO - Filling up the DagBag from /opt/airflow/dags/nasa_dag.py
[2025-02-04T00:06:09.651+0000] {processor.py:925} INFO - DAG(s) 'nasa_dag' retrieved from /opt/airflow/dags/nasa_dag.py
[2025-02-04T00:06:09.681+0000] {logging_mixin.py:190} INFO - [2025-02-04T00:06:09.681+0000] {dag.py:3239} INFO - Sync 1 DAGs
[2025-02-04T00:06:09.708+0000] {logging_mixin.py:190} INFO - [2025-02-04T00:06:09.708+0000] {dag.py:4180} INFO - Setting next_dagrun for nasa_dag to 2025-02-04 00:00:00+00:00, run_after=2025-02-04 01:00:00+00:00
[2025-02-04T00:06:09.736+0000] {processor.py:208} INFO - Processing /opt/airflow/dags/nasa_dag.py took 0.151 seconds
[2025-02-04T00:08:00.929+0000] {processor.py:186} INFO - Started process (PID=56) to work on /opt/airflow/dags/nasa_dag.py
[2025-02-04T00:08:00.930+0000] {processor.py:914} INFO - Processing file /opt/airflow/dags/nasa_dag.py for tasks to queue
[2025-02-04T00:08:00.933+0000] {logging_mixin.py:190} INFO - [2025-02-04T00:08:00.933+0000] {dagbag.py:588} INFO - Filling up the DagBag from /opt/airflow/dags/nasa_dag.py
[2025-02-04T00:08:01.000+0000] {processor.py:925} INFO - DAG(s) 'nasa_dag' retrieved from /opt/airflow/dags/nasa_dag.py
[2025-02-04T00:08:01.206+0000] {logging_mixin.py:190} INFO - [2025-02-04T00:08:01.206+0000] {dag.py:3239} INFO - Sync 1 DAGs
[2025-02-04T00:08:01.229+0000] {logging_mixin.py:190} INFO - [2025-02-04T00:08:01.229+0000] {dag.py:4180} INFO - Setting next_dagrun for nasa_dag to 2025-02-04 00:00:00+00:00, run_after=2025-02-04 01:00:00+00:00
[2025-02-04T00:08:01.250+0000] {processor.py:208} INFO - Processing /opt/airflow/dags/nasa_dag.py took 0.329 seconds
[2025-02-04T00:08:31.422+0000] {processor.py:186} INFO - Started process (PID=62) to work on /opt/airflow/dags/nasa_dag.py
[2025-02-04T00:08:31.423+0000] {processor.py:914} INFO - Processing file /opt/airflow/dags/nasa_dag.py for tasks to queue
[2025-02-04T00:08:31.426+0000] {logging_mixin.py:190} INFO - [2025-02-04T00:08:31.426+0000] {dagbag.py:588} INFO - Filling up the DagBag from /opt/airflow/dags/nasa_dag.py
[2025-02-04T00:08:31.463+0000] {processor.py:925} INFO - DAG(s) 'nasa_dag' retrieved from /opt/airflow/dags/nasa_dag.py
[2025-02-04T00:08:31.489+0000] {logging_mixin.py:190} INFO - [2025-02-04T00:08:31.488+0000] {dag.py:3239} INFO - Sync 1 DAGs
[2025-02-04T00:08:31.539+0000] {processor.py:208} INFO - Processing /opt/airflow/dags/nasa_dag.py took 0.125 seconds
[2025-02-04T00:09:01.795+0000] {processor.py:186} INFO - Started process (PID=68) to work on /opt/airflow/dags/nasa_dag.py
[2025-02-04T00:09:01.797+0000] {processor.py:914} INFO - Processing file /opt/airflow/dags/nasa_dag.py for tasks to queue
[2025-02-04T00:09:01.802+0000] {logging_mixin.py:190} INFO - [2025-02-04T00:09:01.802+0000] {dagbag.py:588} INFO - Filling up the DagBag from /opt/airflow/dags/nasa_dag.py
[2025-02-04T00:09:01.852+0000] {processor.py:925} INFO - DAG(s) 'nasa_dag' retrieved from /opt/airflow/dags/nasa_dag.py
[2025-02-04T00:09:01.875+0000] {logging_mixin.py:190} INFO - [2025-02-04T00:09:01.875+0000] {dag.py:3239} INFO - Sync 1 DAGs
[2025-02-04T00:09:01.899+0000] {logging_mixin.py:190} INFO - [2025-02-04T00:09:01.899+0000] {dag.py:4180} INFO - Setting next_dagrun for nasa_dag to 2025-02-04 00:00:00+00:00, run_after=2025-02-04 01:00:00+00:00
[2025-02-04T00:09:01.920+0000] {processor.py:208} INFO - Processing /opt/airflow/dags/nasa_dag.py took 0.132 seconds
[2025-02-04T00:40:55.161+0000] {processor.py:186} INFO - Started process (PID=69) to work on /opt/airflow/dags/nasa_dag.py
[2025-02-04T00:40:55.162+0000] {processor.py:914} INFO - Processing file /opt/airflow/dags/nasa_dag.py for tasks to queue
[2025-02-04T00:40:55.164+0000] {logging_mixin.py:190} INFO - [2025-02-04T00:40:55.163+0000] {dagbag.py:588} INFO - Filling up the DagBag from /opt/airflow/dags/nasa_dag.py
[2025-02-04T00:40:55.261+0000] {processor.py:925} INFO - DAG(s) 'nasa_dag' retrieved from /opt/airflow/dags/nasa_dag.py
[2025-02-04T00:40:55.447+0000] {logging_mixin.py:190} INFO - [2025-02-04T00:40:55.447+0000] {dag.py:3239} INFO - Sync 1 DAGs
[2025-02-04T00:40:55.479+0000] {logging_mixin.py:190} INFO - [2025-02-04T00:40:55.479+0000] {dag.py:4180} INFO - Setting next_dagrun for nasa_dag to 2025-02-04 00:00:00+00:00, run_after=2025-02-04 01:00:00+00:00
[2025-02-04T00:40:55.515+0000] {processor.py:208} INFO - Processing /opt/airflow/dags/nasa_dag.py took 0.359 seconds
[2025-02-04T00:41:25.994+0000] {processor.py:186} INFO - Started process (PID=76) to work on /opt/airflow/dags/nasa_dag.py
[2025-02-04T00:41:25.996+0000] {processor.py:914} INFO - Processing file /opt/airflow/dags/nasa_dag.py for tasks to queue
[2025-02-04T00:41:25.999+0000] {logging_mixin.py:190} INFO - [2025-02-04T00:41:25.998+0000] {dagbag.py:588} INFO - Filling up the DagBag from /opt/airflow/dags/nasa_dag.py
[2025-02-04T00:41:26.033+0000] {processor.py:925} INFO - DAG(s) 'nasa_dag' retrieved from /opt/airflow/dags/nasa_dag.py
[2025-02-04T00:41:26.063+0000] {logging_mixin.py:190} INFO - [2025-02-04T00:41:26.063+0000] {dag.py:3239} INFO - Sync 1 DAGs
[2025-02-04T00:41:26.087+0000] {logging_mixin.py:190} INFO - [2025-02-04T00:41:26.087+0000] {dag.py:4180} INFO - Setting next_dagrun for nasa_dag to 2025-02-04 00:00:00+00:00, run_after=2025-02-04 01:00:00+00:00
[2025-02-04T00:41:26.104+0000] {processor.py:208} INFO - Processing /opt/airflow/dags/nasa_dag.py took 0.116 seconds
[2025-02-04T00:41:56.313+0000] {processor.py:186} INFO - Started process (PID=83) to work on /opt/airflow/dags/nasa_dag.py
[2025-02-04T00:41:56.314+0000] {processor.py:914} INFO - Processing file /opt/airflow/dags/nasa_dag.py for tasks to queue
[2025-02-04T00:41:56.317+0000] {logging_mixin.py:190} INFO - [2025-02-04T00:41:56.317+0000] {dagbag.py:588} INFO - Filling up the DagBag from /opt/airflow/dags/nasa_dag.py
[2025-02-04T00:41:56.346+0000] {processor.py:925} INFO - DAG(s) 'nasa_dag' retrieved from /opt/airflow/dags/nasa_dag.py
[2025-02-04T00:41:56.370+0000] {logging_mixin.py:190} INFO - [2025-02-04T00:41:56.370+0000] {dag.py:3239} INFO - Sync 1 DAGs
[2025-02-04T00:41:56.395+0000] {logging_mixin.py:190} INFO - [2025-02-04T00:41:56.395+0000] {dag.py:4180} INFO - Setting next_dagrun for nasa_dag to 2025-02-04 00:00:00+00:00, run_after=2025-02-04 01:00:00+00:00
[2025-02-04T00:41:56.418+0000] {processor.py:208} INFO - Processing /opt/airflow/dags/nasa_dag.py took 0.111 seconds
[2025-02-04T00:42:26.676+0000] {processor.py:186} INFO - Started process (PID=90) to work on /opt/airflow/dags/nasa_dag.py
[2025-02-04T00:42:26.677+0000] {processor.py:914} INFO - Processing file /opt/airflow/dags/nasa_dag.py for tasks to queue
[2025-02-04T00:42:26.682+0000] {logging_mixin.py:190} INFO - [2025-02-04T00:42:26.681+0000] {dagbag.py:588} INFO - Filling up the DagBag from /opt/airflow/dags/nasa_dag.py
[2025-02-04T00:42:26.715+0000] {processor.py:925} INFO - DAG(s) 'nasa_dag' retrieved from /opt/airflow/dags/nasa_dag.py
[2025-02-04T00:42:26.742+0000] {logging_mixin.py:190} INFO - [2025-02-04T00:42:26.742+0000] {dag.py:3239} INFO - Sync 1 DAGs
[2025-02-04T00:42:26.791+0000] {processor.py:208} INFO - Processing /opt/airflow/dags/nasa_dag.py took 0.122 seconds
[2025-02-04T00:42:57.199+0000] {processor.py:186} INFO - Started process (PID=97) to work on /opt/airflow/dags/nasa_dag.py
[2025-02-04T00:42:57.200+0000] {processor.py:914} INFO - Processing file /opt/airflow/dags/nasa_dag.py for tasks to queue
[2025-02-04T00:42:57.202+0000] {logging_mixin.py:190} INFO - [2025-02-04T00:42:57.202+0000] {dagbag.py:588} INFO - Filling up the DagBag from /opt/airflow/dags/nasa_dag.py
[2025-02-04T00:42:57.229+0000] {processor.py:925} INFO - DAG(s) 'nasa_dag' retrieved from /opt/airflow/dags/nasa_dag.py
[2025-02-04T00:42:57.251+0000] {logging_mixin.py:190} INFO - [2025-02-04T00:42:57.250+0000] {dag.py:3239} INFO - Sync 1 DAGs
[2025-02-04T00:42:57.272+0000] {logging_mixin.py:190} INFO - [2025-02-04T00:42:57.272+0000] {dag.py:4180} INFO - Setting next_dagrun for nasa_dag to 2025-02-04 00:00:00+00:00, run_after=2025-02-04 01:00:00+00:00
[2025-02-04T00:42:57.291+0000] {processor.py:208} INFO - Processing /opt/airflow/dags/nasa_dag.py took 0.098 seconds
