[2025-02-05T02:56:48.629+0000] {local_task_job_runner.py:123} INFO - ::group::Pre task execution logs
[2025-02-05T02:56:48.642+0000] {taskinstance.py:2612} INFO - Dependencies all met for dep_context=non-requeueable deps ti=<TaskInstance: nasa_dag.insert_data manual__2025-02-05T02:56:38.155447+00:00 [queued]>
[2025-02-05T02:56:48.652+0000] {taskinstance.py:2612} INFO - Dependencies all met for dep_context=requeueable deps ti=<TaskInstance: nasa_dag.insert_data manual__2025-02-05T02:56:38.155447+00:00 [queued]>
[2025-02-05T02:56:48.653+0000] {taskinstance.py:2865} INFO - Starting attempt 1 of 1
[2025-02-05T02:56:48.664+0000] {taskinstance.py:2888} INFO - Executing <Task(MongoDBOperator): insert_data> on 2025-02-05 02:56:38.155447+00:00
[2025-02-05T02:56:48.668+0000] {warnings.py:112} WARNING - /home/***/.local/lib/python3.12/site-packages/***/task/task_runner/standard_task_runner.py:70: DeprecationWarning: This process (pid=92) is multi-threaded, use of fork() may lead to deadlocks in the child.
  pid = os.fork()

[2025-02-05T02:56:48.670+0000] {standard_task_runner.py:72} INFO - Started process 93 to run task
[2025-02-05T02:56:48.670+0000] {standard_task_runner.py:104} INFO - Running: ['***', 'tasks', 'run', 'nasa_dag', 'insert_data', 'manual__2025-02-05T02:56:38.155447+00:00', '--job-id', '306', '--raw', '--subdir', 'DAGS_FOLDER/nasa_dag.py', '--cfg-path', '/tmp/tmpio75penf']
[2025-02-05T02:56:48.671+0000] {standard_task_runner.py:105} INFO - Job 306: Subtask insert_data
[2025-02-05T02:56:48.701+0000] {task_command.py:467} INFO - Running <TaskInstance: nasa_dag.insert_data manual__2025-02-05T02:56:38.155447+00:00 [running]> on host fbf16bed15ba
[2025-02-05T02:56:48.753+0000] {taskinstance.py:3131} INFO - Exporting env vars: AIRFLOW_CTX_DAG_OWNER='***' AIRFLOW_CTX_DAG_ID='nasa_dag' AIRFLOW_CTX_TASK_ID='insert_data' AIRFLOW_CTX_EXECUTION_DATE='2025-02-05T02:56:38.155447+00:00' AIRFLOW_CTX_TRY_NUMBER='1' AIRFLOW_CTX_DAG_RUN_ID='manual__2025-02-05T02:56:38.155447+00:00'
[2025-02-05T02:56:48.754+0000] {taskinstance.py:731} INFO - ::endgroup::
[2025-02-05T02:56:48.770+0000] {base.py:84} INFO - Retrieving connection 'mongo_default'
[2025-02-05T02:56:48.771+0000] {mongodb_file_operator.py:41} INFO - Connecting to MongoDB with URI: mongodb+srv://camilopv:***@etlprocess.txf16.mongodb.net/etl_nasa?retryWrites=true&w=majority
[2025-02-05T02:56:50.153+0000] {mongodb_file_operator.py:77} INFO - Inserted document ID: 67a2d3708880717a7fa9e64d
[2025-02-05T02:56:50.250+0000] {taskinstance.py:340} INFO - ::group::Post task execution logs
[2025-02-05T02:56:50.250+0000] {taskinstance.py:352} INFO - Marking task as SUCCESS. dag_id=nasa_dag, task_id=insert_data, run_id=manual__2025-02-05T02:56:38.155447+00:00, execution_date=20250205T025638, start_date=20250205T025648, end_date=20250205T025650
[2025-02-05T02:56:50.292+0000] {local_task_job_runner.py:266} INFO - Task exited with return code 0
[2025-02-05T02:56:50.306+0000] {taskinstance.py:3900} INFO - 0 downstream tasks scheduled from follow-on schedule check
[2025-02-05T02:56:50.309+0000] {local_task_job_runner.py:245} INFO - ::endgroup::
