[2025-01-28T03:07:01.662+0000] {local_task_job_runner.py:123} INFO - ::group::Pre task execution logs
[2025-01-28T03:07:01.676+0000] {taskinstance.py:2612} INFO - Dependencies all met for dep_context=non-requeueable deps ti=<TaskInstance: nasa_dag.extract_data scheduled__2025-01-28T02:00:00+00:00 [queued]>
[2025-01-28T03:07:01.683+0000] {taskinstance.py:2612} INFO - Dependencies all met for dep_context=requeueable deps ti=<TaskInstance: nasa_dag.extract_data scheduled__2025-01-28T02:00:00+00:00 [queued]>
[2025-01-28T03:07:01.684+0000] {taskinstance.py:2865} INFO - Starting attempt 1 of 2
[2025-01-28T03:07:01.696+0000] {taskinstance.py:2888} INFO - Executing <Task(BashOperator): extract_data> on 2025-01-28 02:00:00+00:00
[2025-01-28T03:07:01.701+0000] {warnings.py:112} WARNING - /home/***/.local/lib/python3.12/site-packages/***/task/task_runner/standard_task_runner.py:70: DeprecationWarning: This process (pid=85) is multi-threaded, use of fork() may lead to deadlocks in the child.
  pid = os.fork()

[2025-01-28T03:07:01.703+0000] {standard_task_runner.py:72} INFO - Started process 86 to run task
[2025-01-28T03:07:01.702+0000] {standard_task_runner.py:104} INFO - Running: ['***', 'tasks', 'run', 'nasa_dag', 'extract_data', 'scheduled__2025-01-28T02:00:00+00:00', '--job-id', '110', '--raw', '--subdir', 'DAGS_FOLDER/nasa_dag.py', '--cfg-path', '/tmp/tmpncpqrnrq']
[2025-01-28T03:07:01.703+0000] {standard_task_runner.py:105} INFO - Job 110: Subtask extract_data
[2025-01-28T03:07:01.741+0000] {task_command.py:467} INFO - Running <TaskInstance: nasa_dag.extract_data scheduled__2025-01-28T02:00:00+00:00 [running]> on host 530245d0e6c7
[2025-01-28T03:07:01.803+0000] {taskinstance.py:3131} INFO - Exporting env vars: AIRFLOW_CTX_DAG_EMAIL='milo0@gmail.com' AIRFLOW_CTX_DAG_OWNER='camilo' AIRFLOW_CTX_DAG_ID='nasa_dag' AIRFLOW_CTX_TASK_ID='extract_data' AIRFLOW_CTX_EXECUTION_DATE='2025-01-28T02:00:00+00:00' AIRFLOW_CTX_TRY_NUMBER='1' AIRFLOW_CTX_DAG_RUN_ID='scheduled__2025-01-28T02:00:00+00:00'
[2025-01-28T03:07:01.804+0000] {taskinstance.py:731} INFO - ::endgroup::
[2025-01-28T03:07:01.819+0000] {subprocess.py:63} INFO - Tmp dir root location: /tmp
[2025-01-28T03:07:01.821+0000] {subprocess.py:75} INFO - Running command: ['/usr/bin/bash', '-c', 'python /opt/***/tmp/extract_api_nasa.py']
[2025-01-28T03:07:01.828+0000] {subprocess.py:86} INFO - Output:
[2025-01-28T03:07:04.601+0000] {subprocess.py:93} INFO - {'copyright': '\nDheera Venkatraman\n', 'date': '2025-01-27', 'explanation': 'Stars come in bunches.  The most famous bunch of stars on the sky is the Pleiades, a bright cluster that can be easily seen with the unaided eye.  The Pleiades lies only about 450 light years away, formed about 100 million years ago, and will likely last about another 250 million years. Our Sun was likely born in a star cluster, but now, being about 4.5 billion years old, its stellar birth companions have long since dispersed. The Pleiades star cluster is pictured over Half Dome, a famous rock structure in Yosemite National Park in California, USA. The featured image is a composite of 28 foreground exposures and 174 images of the stellar background, all taken from the same location and by the same camera on the same night in October 2019. After calculating the timing of a future juxtaposition of the Pleiades and Half Dome, the astrophotographer was unexpectedly rewarded by an electrical blackout, making the background sky unusually dark.    Astrophysicists: Browse 3,500+ codes in the Astrophysics Source Code Library', 'hdurl': 'https://apod.nasa.gov/apod/image/2501/HalfPleiades_Venkatraman_1365.jpg', 'media_type': 'image', 'service_version': 'v1', 'title': 'Pleiades over Half Dome', 'url': 'https://apod.nasa.gov/apod/image/2501/HalfPleiades_Venkatraman_960.jpg'}
[2025-01-28T03:07:04.602+0000] {subprocess.py:93} INFO - Nuevo objeto agregado al archivo /opt/***/tmp/data.json
[2025-01-28T03:07:04.635+0000] {subprocess.py:97} INFO - Command exited with return code 0
[2025-01-28T03:07:04.657+0000] {taskinstance.py:340} INFO - ::group::Post task execution logs
[2025-01-28T03:07:04.658+0000] {taskinstance.py:352} INFO - Marking task as SUCCESS. dag_id=nasa_dag, task_id=extract_data, run_id=scheduled__2025-01-28T02:00:00+00:00, execution_date=20250128T020000, start_date=20250128T030701, end_date=20250128T030704
[2025-01-28T03:07:04.697+0000] {local_task_job_runner.py:266} INFO - Task exited with return code 0
[2025-01-28T03:07:04.710+0000] {taskinstance.py:3900} INFO - 0 downstream tasks scheduled from follow-on schedule check
[2025-01-28T03:07:04.712+0000] {local_task_job_runner.py:245} INFO - ::endgroup::
