[2025-01-30T02:00:03.914+0000] {local_task_job_runner.py:123} INFO - ::group::Pre task execution logs
[2025-01-30T02:00:03.926+0000] {taskinstance.py:2612} INFO - Dependencies all met for dep_context=non-requeueable deps ti=<TaskInstance: nasa_dag.insert_data scheduled__2025-01-30T01:00:00+00:00 [queued]>
[2025-01-30T02:00:03.933+0000] {taskinstance.py:2612} INFO - Dependencies all met for dep_context=requeueable deps ti=<TaskInstance: nasa_dag.insert_data scheduled__2025-01-30T01:00:00+00:00 [queued]>
[2025-01-30T02:00:03.934+0000] {taskinstance.py:2865} INFO - Starting attempt 1 of 1
[2025-01-30T02:00:03.943+0000] {taskinstance.py:2888} INFO - Executing <Task(MongoDBOperator): insert_data> on 2025-01-30 01:00:00+00:00
[2025-01-30T02:00:03.947+0000] {warnings.py:112} WARNING - /home/***/.local/lib/python3.12/site-packages/***/task/task_runner/standard_task_runner.py:70: DeprecationWarning: This process (pid=117) is multi-threaded, use of fork() may lead to deadlocks in the child.
  pid = os.fork()

[2025-01-30T02:00:03.949+0000] {standard_task_runner.py:72} INFO - Started process 118 to run task
[2025-01-30T02:00:03.949+0000] {standard_task_runner.py:104} INFO - Running: ['***', 'tasks', 'run', 'nasa_dag', 'insert_data', 'scheduled__2025-01-30T01:00:00+00:00', '--job-id', '204', '--raw', '--subdir', 'DAGS_FOLDER/nasa_dag.py', '--cfg-path', '/tmp/tmpk9a2t6zp']
[2025-01-30T02:00:03.950+0000] {standard_task_runner.py:105} INFO - Job 204: Subtask insert_data
[2025-01-30T02:00:03.984+0000] {task_command.py:467} INFO - Running <TaskInstance: nasa_dag.insert_data scheduled__2025-01-30T01:00:00+00:00 [running]> on host fbf16bed15ba
[2025-01-30T02:00:04.041+0000] {taskinstance.py:3131} INFO - Exporting env vars: AIRFLOW_CTX_DAG_OWNER='***' AIRFLOW_CTX_DAG_ID='nasa_dag' AIRFLOW_CTX_TASK_ID='insert_data' AIRFLOW_CTX_EXECUTION_DATE='2025-01-30T01:00:00+00:00' AIRFLOW_CTX_TRY_NUMBER='1' AIRFLOW_CTX_DAG_RUN_ID='scheduled__2025-01-30T01:00:00+00:00'
[2025-01-30T02:00:04.042+0000] {taskinstance.py:731} INFO - ::endgroup::
[2025-01-30T02:00:04.060+0000] {base.py:84} INFO - Retrieving connection 'mongo_default'
[2025-01-30T02:00:04.093+0000] {mongodb_file_operator.py:56} INFO - Inserted document ID: 679add246aed8f762e7d4fc1
[2025-01-30T02:00:04.101+0000] {taskinstance.py:340} INFO - ::group::Post task execution logs
[2025-01-30T02:00:04.102+0000] {taskinstance.py:352} INFO - Marking task as SUCCESS. dag_id=nasa_dag, task_id=insert_data, run_id=scheduled__2025-01-30T01:00:00+00:00, execution_date=20250130T010000, start_date=20250130T020003, end_date=20250130T020004
[2025-01-30T02:00:04.123+0000] {local_task_job_runner.py:266} INFO - Task exited with return code 0
[2025-01-30T02:00:04.136+0000] {taskinstance.py:3900} INFO - 0 downstream tasks scheduled from follow-on schedule check
[2025-01-30T02:00:04.138+0000] {local_task_job_runner.py:245} INFO - ::endgroup::
